Log file open, 05/08/19 08:03:41
LogWindows: Failed to load 'aqProf.dll' (GetLastError=126)
LogWindows: File 'aqProf.dll' does not exist
LogWindows: Failed to load 'VtuneApi.dll' (GetLastError=126)
LogWindows: File 'VtuneApi.dll' does not exist
LogWindows: Failed to load 'VtuneApi32e.dll' (GetLastError=126)
LogWindows: File 'VtuneApi32e.dll' does not exist
LogConsoleResponse: Display: Failed to find resolution value strings in scalability ini. Falling back to default.
LogInit: Display: Running engine for game: PW_2019_ITProjekt
LogPakFile: Registered encryption key '00000000000000000000000000000000': 0 pak files mounted, 0 remain pending
LogPlatformFile: Not using cached read wrapper
LogTaskGraph: Started task graph with 5 named threads and 14 total threads with 3 sets of task threads.
LogStats: Stats thread started at 0.230448
LogD3D11RHI: Loaded GFSDK_Aftermath_Lib.x64.dll
LogICUInternationalization: ICU TimeZone Detection - Raw Offset: +1:00, Platform Override: ''
LogPluginManager: Mounting plugin Paper2D
LogPluginManager: Mounting plugin AISupport
LogPluginManager: Mounting plugin LightPropagationVolume
LogPluginManager: Mounting plugin ActorLayerUtilities
LogPluginManager: Mounting plugin AnimationSharing
LogPluginManager: Mounting plugin CLionSourceCodeAccess
LogPluginManager: Mounting plugin CodeLiteSourceCodeAccess
LogPluginManager: Mounting plugin GitSourceControl
LogPluginManager: Mounting plugin KDevelopSourceCodeAccess
LogPluginManager: Mounting plugin NullSourceCodeAccess
LogPluginManager: Mounting plugin PerforceSourceControl
LogPluginManager: Mounting plugin SubversionSourceControl
LogPluginManager: Mounting plugin UObjectPlugin
LogPluginManager: Mounting plugin VisualStudioCodeSourceCodeAccess
LogPluginManager: Mounting plugin VisualStudioSourceCodeAccess
LogPluginManager: Mounting plugin XCodeSourceCodeAccess
LogPluginManager: Mounting plugin AssetManagerEditor
LogPluginManager: Mounting plugin CryptoKeys
LogPluginManager: Mounting plugin DataValidation
LogPluginManager: Mounting plugin EditorScriptingUtilities
LogPluginManager: Mounting plugin FacialAnimation
LogPluginManager: Mounting plugin GameplayTagsEditor
LogPluginManager: Mounting plugin GLTFImporter
LogPluginManager: Mounting plugin MacGraphicsSwitching
LogPluginManager: Mounting plugin MaterialAnalyzer
LogPluginManager: Mounting plugin MeshEditor
LogPluginManager: Mounting plugin MobileLauncherProfileWizard
LogPluginManager: Mounting plugin PluginBrowser
LogPluginManager: Mounting plugin SpeedTreeImporter
LogPluginManager: Mounting plugin DatasmithContent
LogPluginManager: Mounting plugin VariantManagerContent
LogPluginManager: Mounting plugin AlembicImporter
LogPluginManager: Mounting plugin AppleImageUtils
LogPluginManager: Mounting plugin AppleVision
LogPluginManager: Mounting plugin BackChannel
LogPluginManager: Mounting plugin BlastPlugin
LogPluginManager: Mounting plugin ChaosSolverPlugin
LogPluginManager: Mounting plugin CharacterAI
LogPluginManager: Mounting plugin GeometryCache
LogPluginManager: Mounting plugin GeometryCollectionPlugin
LogPluginManager: Mounting plugin HTML5Networking
LogPluginManager: Mounting plugin ProxyLODPlugin
LogPluginManager: Mounting plugin SkeletalReduction
LogPluginManager: Mounting plugin MagicLeap
LogPluginManager: Mounting plugin MagicLeapMedia
LogPluginManager: Mounting plugin AndroidMedia
LogPluginManager: Mounting plugin AvfMedia
LogPluginManager: Mounting plugin ImgMedia
LogPluginManager: Mounting plugin LinearTimecode
LogPluginManager: Mounting plugin MediaCompositing
LogPluginManager: Mounting plugin MediaPlayerEditor
LogPluginManager: Mounting plugin WebMMedia
LogPluginManager: Mounting plugin WmfMedia
LogPluginManager: Mounting plugin TcpMessaging
LogPluginManager: Mounting plugin UdpMessaging
LogPluginManager: Mounting plugin ActorSequence
LogPluginManager: Mounting plugin LevelSequenceEditor
LogPluginManager: Mounting plugin MatineeToLevelSequence
LogPluginManager: Mounting plugin NetcodeUnitTest
LogPluginManager: Mounting plugin NUTUnrealEngine4
LogPluginManager: Mounting plugin OnlineSubsystemGooglePlay
LogPluginManager: Mounting plugin OnlineSubsystemIOS
LogPluginManager: Mounting plugin OnlineSubsystem
LogPluginManager: Mounting plugin OnlineSubsystemNull
LogPluginManager: Mounting plugin OnlineSubsystemUtils
LogPluginManager: Mounting plugin LauncherChunkInstaller
LogPluginManager: Mounting plugin AndroidDeviceProfileSelector
LogPluginManager: Mounting plugin AndroidMoviePlayer
LogPluginManager: Mounting plugin AndroidPermission
LogPluginManager: Mounting plugin AppleMoviePlayer
LogPluginManager: Mounting plugin ArchVisCharacter
LogPluginManager: Mounting plugin AudioCapture
LogPluginManager: Mounting plugin CableComponent
LogPluginManager: Mounting plugin CustomMeshComponent
LogPluginManager: Mounting plugin EditableMesh
LogPluginManager: Mounting plugin ExampleDeviceProfileSelector
LogPluginManager: Mounting plugin Firebase
LogPluginManager: Mounting plugin GoogleCloudMessaging
LogPluginManager: Mounting plugin IOSDeviceProfileSelector
LogPluginManager: Mounting plugin LinuxDeviceProfileSelector
LogPluginManager: Mounting plugin LocationServicesBPLibrary
LogPluginManager: Mounting plugin MobilePatchingUtils
LogPluginManager: Mounting plugin OculusVR
LogPluginManager: Mounting plugin PhysXVehicles
LogPluginManager: Mounting plugin ProceduralMeshComponent
LogPluginManager: Mounting plugin RuntimePhysXCooking
LogPluginManager: Mounting plugin SignificanceManager
LogPluginManager: Mounting plugin SteamVR
LogPluginManager: Mounting plugin WebMMoviePlayer
LogPluginManager: Mounting plugin WindowsMoviePlayer
LogPluginManager: Mounting plugin DatasmithCADImporter
LogPluginManager: Mounting plugin DatasmithDataPrepEditor
LogPluginManager: Mounting plugin DatasmithFBXImporter
LogPluginManager: Mounting plugin DatasmithGLTFImporter
LogPluginManager: Mounting plugin DatasmithImporter
LogPluginManager: Mounting plugin MDLImporter
LogPluginManager: Mounting plugin StaticMeshEditorExtension
LogPluginManager: Mounting plugin VariantManager
LogInit: Using libcurl 7.55.1-DEV
LogInit:  - built for x86_64-pc-win32
LogInit:  - supports SSL with OpenSSL/1.1.1
LogInit:  - supports HTTP deflate (compression) using libz 1.2.8
LogInit:  - other features:
LogInit:      CURL_VERSION_SSL
LogInit:      CURL_VERSION_LIBZ
LogInit:      CURL_VERSION_IPV6
LogInit:      CURL_VERSION_ASYNCHDNS
LogInit:      CURL_VERSION_LARGEFILE
LogInit:      CURL_VERSION_IDN
LogInit:  CurlRequestOptions (configurable via config and command line):
LogInit:  - bVerifyPeer = true  - Libcurl will verify peer certificate
LogInit:  - bUseHttpProxy = false  - Libcurl will NOT use HTTP proxy
LogInit:  - bDontReuseConnections = false  - Libcurl will reuse connections
LogInit:  - MaxHostConnections = 16  - Libcurl will limit the number of connections to a host
LogInit:  - LocalHostAddr = Default
LogInit:  - BufferSize = 65536
LogInit: WinSock: version 1.1 (2.2), MaxSocks=32767, MaxUdp=65467
LogInit: Build: ++UE4+Release-4.22-CL-6063286
LogInit: Engine Version: 4.22.1-6063286+++UE4+Release-4.22
LogInit: Compatible Engine Version: 4.22.0-5660361+++UE4+Release-4.22
LogInit: Net CL: 5660361
LogInit: OS: Windows 10 (Release 1809) (), CPU: Intel(R) Core(TM) i5-4460  CPU @ 3.20GHz, GPU: Intel(R) HD Graphics 4600
LogInit: Compiled (64-bit): Apr 24 2019 04:36:48
LogInit: Compiled with Visual C++: 19.16.27025.01
LogInit: Build Configuration: Development
LogInit: Branch Name: ++UE4+Release-4.22
LogInit: Command Line: 
LogInit: Base Directory: C:/Program Files/Epic Games/UE_4.22/Engine/Binaries/Win64/
LogInit: Installed Engine Build: 1
LogDevObjectVersion: Number of dev versions registered: 23
LogDevObjectVersion:   Dev-Blueprints (B0D832E4-1F89-4F0D-ACCF-7EB736FD4AA2): 10
LogDevObjectVersion:   Dev-Build (E1C64328-A22C-4D53-A36C-8E866417BD8C): 0
LogDevObjectVersion:   Dev-Core (375EC13C-06E4-48FB-B500-84F0262A717E): 3
LogDevObjectVersion:   Dev-Editor (E4B068ED-F494-42E9-A231-DA0B2E46BB41): 30
LogDevObjectVersion:   Dev-Framework (CFFC743F-43B0-4480-9391-14DF171D2073): 35
LogDevObjectVersion:   Dev-Mobile (B02B49B5-BB20-44E9-A304-32B752E40360): 2
LogDevObjectVersion:   Dev-Networking (A4E4105C-59A1-49B5-A7C5-40C4547EDFEE): 0
LogDevObjectVersion:   Dev-Online (39C831C9-5AE6-47DC-9A44-9C173E1C8E7C): 0
LogDevObjectVersion:   Dev-Physics (78F01B33-EBEA-4F98-B9B4-84EACCB95AA2): 0
LogDevObjectVersion:   Dev-Platform (6631380F-2D4D-43E0-8009-CF276956A95A): 0
LogDevObjectVersion:   Dev-Rendering (12F88B9F-8875-4AFC-A67C-D90C383ABD29): 28
LogDevObjectVersion:   Dev-Sequencer (7B5AE74C-D270-4C10-A958-57980B212A5A): 11
LogDevObjectVersion:   Dev-VR (D7296918-1DD6-4BDD-9DE2-64A83CC13884): 2
LogDevObjectVersion:   Dev-LoadTimes (C2A15278-BFE7-4AFE-6C17-90FF531DF755): 1
LogDevObjectVersion:   Private-Geometry (6EACA3D4-40EC-4CC1-B786-8BED09428FC5): 3
LogDevObjectVersion:   Dev-AnimPhys (29E575DD-E0A3-4627-9D10-D276232CDCEA): 17
LogDevObjectVersion:   Dev-Anim (AF43A65D-7FD3-4947-9873-3E8ED9C1BB05): 2
LogDevObjectVersion:   Dev-ReflectionCapture (6B266CEC-1EC7-4B8F-A30B-E4D90942FC07): 1
LogDevObjectVersion:   Dev-Automation (0DF73D61-A23F-47EA-B727-89E90C41499A): 1
LogDevObjectVersion:   FortniteMain (601D1886-AC64-4F84-AA16-D3DE0DEAC7D6): 25
LogDevObjectVersion:   Dev-Enterprise (9DFFBCD6-494F-0158-E221-12823C92A888): 6
LogDevObjectVersion:   Dev-Niagara (F2AED0AC-9AFE-416F-8664-AA7FFA26D6FC): 1
LogDevObjectVersion:   Dev-Destruction (174F1F0B-B4C6-45A5-B13F-2EE8D0FB917D): 2
LogInit: Presizing for max 16777216 objects, including 0 objects not considered by GC, pre-allocating 0 bytes for permanent pool.
LogInit: Object subsystem initialized
LogConfig: Setting CVar [[con.DebugEarlyDefault:1]]
LogConfig: Setting CVar [[r.setres:1280x720]]
[2019.05.08-06.03.42:394][  0]LogConfig: Setting CVar [[r.VSync:0]]
[2019.05.08-06.03.42:394][  0]LogConfig: Setting CVar [[r.RHICmdBypass:0]]
[2019.05.08-06.03.42:394][  0]LogConfig: Applying CVar settings from Section [/Script/Engine.RendererSettings] File [D:/Projektwoche 2019 IT-Projekt/Projektwoche_2019_IT-Projekt/PW_2019_ITProjekt/Saved/Config/Windows/Engine.ini]
[2019.05.08-06.03.42:394][  0]LogConfig: Setting CVar [[r.GPUCrashDebugging:0]]
[2019.05.08-06.03.42:395][  0]LogConfig: Setting CVar [[r.DefaultFeature.AutoExposure.ExtendDefaultLuminanceRange:1]]
[2019.05.08-06.03.42:395][  0]LogConfig: Applying CVar settings from Section [/Script/Engine.RendererOverrideSettings] File [D:/Projektwoche 2019 IT-Projekt/Projektwoche_2019_IT-Projekt/PW_2019_ITProjekt/Saved/Config/Windows/Engine.ini]
[2019.05.08-06.03.42:395][  0]LogConfig: Applying CVar settings from Section [/Script/Engine.StreamingSettings] File [D:/Projektwoche 2019 IT-Projekt/Projektwoche_2019_IT-Projekt/PW_2019_ITProjekt/Saved/Config/Windows/Engine.ini]
[2019.05.08-06.03.42:395][  0]LogConfig: Setting CVar [[s.MinBulkDataSizeForAsyncLoading:131072]]
[2019.05.08-06.03.42:395][  0]LogConfig: Setting CVar [[s.AsyncLoadingThreadEnabled:0]]
[2019.05.08-06.03.42:395][  0]LogConfig: Setting CVar [[s.EventDrivenLoaderEnabled:1]]
[2019.05.08-06.03.42:395][  0]LogConfig: Setting CVar [[s.WarnIfTimeLimitExceeded:0]]
[2019.05.08-06.03.42:395][  0]LogConfig: Setting CVar [[s.TimeLimitExceededMultiplier:1.5]]
[2019.05.08-06.03.42:395][  0]LogConfig: Setting CVar [[s.TimeLimitExceededMinTime:0.005]]
[2019.05.08-06.03.42:395][  0]LogConfig: Setting CVar [[s.UseBackgroundLevelStreaming:1]]
[2019.05.08-06.03.42:395][  0]LogConfig: Setting CVar [[s.PriorityAsyncLoadingExtraTime:15.0]]
[2019.05.08-06.03.42:395][  0]LogConfig: Setting CVar [[s.LevelStreamingActorsUpdateTimeLimit:5.0]]
[2019.05.08-06.03.42:395][  0]LogConfig: Setting CVar [[s.PriorityLevelStreamingActorsUpdateExtraTime:5.0]]
[2019.05.08-06.03.42:395][  0]LogConfig: Setting CVar [[s.LevelStreamingComponentsRegistrationGranularity:10]]
[2019.05.08-06.03.42:395][  0]LogConfig: Setting CVar [[s.UnregisterComponentsTimeLimit:1.0]]
[2019.05.08-06.03.42:395][  0]LogConfig: Setting CVar [[s.LevelStreamingComponentsUnregistrationGranularity:5]]
[2019.05.08-06.03.42:395][  0]LogConfig: Applying CVar settings from Section [/Script/Engine.GarbageCollectionSettings] File [D:/Projektwoche 2019 IT-Projekt/Projektwoche_2019_IT-Projekt/PW_2019_ITProjekt/Saved/Config/Windows/Engine.ini]
[2019.05.08-06.03.42:395][  0]LogConfig: Setting CVar [[gc.MaxObjectsNotConsideredByGC:1]]
[2019.05.08-06.03.42:395][  0]LogConfig: Setting CVar [[gc.SizeOfPermanentObjectPool:0]]
[2019.05.08-06.03.42:395][  0]LogConfig: Setting CVar [[gc.FlushStreamingOnGC:0]]
[2019.05.08-06.03.42:395][  0]LogConfig: Setting CVar [[gc.NumRetriesBeforeForcingGC:10]]
[2019.05.08-06.03.42:395][  0]LogConfig: Setting CVar [[gc.AllowParallelGC:1]]
[2019.05.08-06.03.42:395][  0]LogConfig: Setting CVar [[gc.TimeBetweenPurgingPendingKillObjects:61.1]]
[2019.05.08-06.03.42:395][  0]LogConfig: Setting CVar [[gc.MaxObjectsInEditor:16777216]]
[2019.05.08-06.03.42:395][  0]LogConfig: Setting CVar [[gc.IncrementalBeginDestroyEnabled:1]]
[2019.05.08-06.03.42:395][  0]LogConfig: Setting CVar [[gc.CreateGCClusters:1]]
[2019.05.08-06.03.42:395][  0]LogConfig: Setting CVar [[gc.MinGCClusterSize:5]]
[2019.05.08-06.03.42:395][  0]LogConfig: Setting CVar [[gc.ActorClusteringEnabled:0]]
[2019.05.08-06.03.42:395][  0]LogConfig: Setting CVar [[gc.BlueprintClusteringEnabled:0]]
[2019.05.08-06.03.42:395][  0]LogConfig: Setting CVar [[gc.UseDisregardForGCOnDedicatedServers:0]]
[2019.05.08-06.03.42:395][  0]LogConfig: Applying CVar settings from Section [/Script/Engine.NetworkSettings] File [D:/Projektwoche 2019 IT-Projekt/Projektwoche_2019_IT-Projekt/PW_2019_ITProjekt/Saved/Config/Windows/Engine.ini]
[2019.05.08-06.03.42:395][  0]LogConfig: Applying CVar settings from Section [/Script/UnrealEd.CookerSettings] File [D:/Projektwoche 2019 IT-Projekt/Projektwoche_2019_IT-Projekt/PW_2019_ITProjekt/Saved/Config/Windows/Engine.ini]
[2019.05.08-06.03.42:398][  0]LogConfig: Applying CVar settings from Section [ViewDistanceQuality@3] File [D:/Projektwoche 2019 IT-Projekt/Projektwoche_2019_IT-Projekt/PW_2019_ITProjekt/Saved/Config/Windows/Scalability.ini]
[2019.05.08-06.03.42:398][  0]LogConfig: Setting CVar [[r.SkeletalMeshLODBias:0]]
[2019.05.08-06.03.42:398][  0]LogConfig: Setting CVar [[r.ViewDistanceScale:1.0]]
[2019.05.08-06.03.42:398][  0]LogConfig: Applying CVar settings from Section [AntiAliasingQuality@3] File [D:/Projektwoche 2019 IT-Projekt/Projektwoche_2019_IT-Projekt/PW_2019_ITProjekt/Saved/Config/Windows/Scalability.ini]
[2019.05.08-06.03.42:398][  0]LogConfig: Setting CVar [[r.PostProcessAAQuality:4]]
[2019.05.08-06.03.42:398][  0]LogConfig: Applying CVar settings from Section [ShadowQuality@3] File [D:/Projektwoche 2019 IT-Projekt/Projektwoche_2019_IT-Projekt/PW_2019_ITProjekt/Saved/Config/Windows/Scalability.ini]
[2019.05.08-06.03.42:398][  0]LogConfig: Setting CVar [[r.LightFunctionQuality:1]]
[2019.05.08-06.03.42:398][  0]LogConfig: Setting CVar [[r.ShadowQuality:5]]
[2019.05.08-06.03.42:398][  0]LogConfig: Setting CVar [[r.Shadow.CSM.MaxCascades:10]]
[2019.05.08-06.03.42:398][  0]LogConfig: Setting CVar [[r.Shadow.MaxResolution:2048]]
[2019.05.08-06.03.42:398][  0]LogConfig: Setting CVar [[r.Shadow.MaxCSMResolution:2048]]
[2019.05.08-06.03.42:398][  0]LogConfig: Setting CVar [[r.Shadow.RadiusThreshold:0.01]]
[2019.05.08-06.03.42:398][  0]LogConfig: Setting CVar [[r.Shadow.DistanceScale:1.0]]
[2019.05.08-06.03.42:398][  0]LogConfig: Setting CVar [[r.Shadow.CSM.TransitionScale:1.0]]
[2019.05.08-06.03.42:398][  0]LogConfig: Setting CVar [[r.Shadow.PreShadowResolutionFactor:1.0]]
[2019.05.08-06.03.42:398][  0]LogConfig: Setting CVar [[r.DistanceFieldShadowing:1]]
[2019.05.08-06.03.42:398][  0]LogConfig: Setting CVar [[r.DistanceFieldAO:1]]
[2019.05.08-06.03.42:398][  0]LogConfig: Setting CVar [[r.AOQuality:2]]
[2019.05.08-06.03.42:398][  0]LogConfig: Setting CVar [[r.VolumetricFog:1]]
[2019.05.08-06.03.42:398][  0]LogConfig: Setting CVar [[r.VolumetricFog.GridPixelSize:8]]
[2019.05.08-06.03.42:398][  0]LogConfig: Setting CVar [[r.VolumetricFog.GridSizeZ:128]]
[2019.05.08-06.03.42:398][  0]LogConfig: Setting CVar [[r.VolumetricFog.HistoryMissSupersampleCount:4]]
[2019.05.08-06.03.42:398][  0]LogConfig: Setting CVar [[r.LightMaxDrawDistanceScale:1]]
[2019.05.08-06.03.42:398][  0]LogConfig: Setting CVar [[r.CapsuleShadows:1]]
[2019.05.08-06.03.42:398][  0]LogConfig: Applying CVar settings from Section [PostProcessQuality@3] File [D:/Projektwoche 2019 IT-Projekt/Projektwoche_2019_IT-Projekt/PW_2019_ITProjekt/Saved/Config/Windows/Scalability.ini]
[2019.05.08-06.03.42:398][  0]LogConfig: Setting CVar [[r.MotionBlurQuality:4]]
[2019.05.08-06.03.42:398][  0]LogConfig: Setting CVar [[r.AmbientOcclusionMipLevelFactor:0.4]]
[2019.05.08-06.03.42:398][  0]LogConfig: Setting CVar [[r.AmbientOcclusionMaxQuality:100]]
[2019.05.08-06.03.42:398][  0]LogConfig: Setting CVar [[r.AmbientOcclusionLevels:-1]]
[2019.05.08-06.03.42:398][  0]LogConfig: Setting CVar [[r.AmbientOcclusionRadiusScale:1.0]]
[2019.05.08-06.03.42:398][  0]LogConfig: Setting CVar [[r.DepthOfFieldQuality:2]]
[2019.05.08-06.03.42:398][  0]LogConfig: Setting CVar [[r.RenderTargetPoolMin:400]]
[2019.05.08-06.03.42:398][  0]LogConfig: Setting CVar [[r.LensFlareQuality:2]]
[2019.05.08-06.03.42:398][  0]LogConfig: Setting CVar [[r.SceneColorFringeQuality:1]]
[2019.05.08-06.03.42:398][  0]LogConfig: Setting CVar [[r.EyeAdaptationQuality:2]]
[2019.05.08-06.03.42:398][  0]LogConfig: Setting CVar [[r.BloomQuality:5]]
[2019.05.08-06.03.42:398][  0]LogConfig: Setting CVar [[r.FastBlurThreshold:100]]
[2019.05.08-06.03.42:398][  0]LogConfig: Setting CVar [[r.Upscale.Quality:3]]
[2019.05.08-06.03.42:398][  0]LogConfig: Setting CVar [[r.Tonemapper.GrainQuantization:1]]
[2019.05.08-06.03.42:398][  0]LogConfig: Setting CVar [[r.LightShaftQuality:1]]
[2019.05.08-06.03.42:398][  0]LogConfig: Setting CVar [[r.Filter.SizeScale:1]]
[2019.05.08-06.03.42:398][  0]LogConfig: Setting CVar [[r.Tonemapper.Quality:5]]
[2019.05.08-06.03.42:398][  0]LogConfig: Setting CVar [[r.DOF.Gather.AccumulatorQuality:1        ; higher gathering accumulator quality]]
[2019.05.08-06.03.42:398][  0]LogConfig: Setting CVar [[r.DOF.Gather.PostfilterMethod:1          ; Median3x3 postfilering method]]
[2019.05.08-06.03.42:398][  0]LogConfig: Setting CVar [[r.DOF.Gather.EnableBokehSettings:0       ; no bokeh simulation when gathering]]
[2019.05.08-06.03.42:398][  0]LogConfig: Setting CVar [[r.DOF.Gather.RingCount:4                 ; medium number of samples when gathering]]
[2019.05.08-06.03.42:399][  0]LogConfig: Setting CVar [[r.DOF.Scatter.ForegroundCompositing:1    ; additive foreground scattering]]
[2019.05.08-06.03.42:399][  0]LogConfig: Setting CVar [[r.DOF.Scatter.BackgroundCompositing:2    ; additive background scattering]]
[2019.05.08-06.03.42:399][  0]LogConfig: Setting CVar [[r.DOF.Scatter.EnableBokehSettings:1      ; bokeh simulation when scattering]]
[2019.05.08-06.03.42:399][  0]LogConfig: Setting CVar [[r.DOF.Scatter.MaxSpriteRatio:0.1         ; only a maximum of 10% of scattered bokeh]]
[2019.05.08-06.03.42:399][  0]LogConfig: Setting CVar [[r.DOF.Recombine.Quality:1                ; cheap slight out of focus]]
[2019.05.08-06.03.42:399][  0]LogConfig: Setting CVar [[r.DOF.Recombine.EnableBokehSettings:0    ; no bokeh simulation on slight out of focus]]
[2019.05.08-06.03.42:399][  0]LogConfig: Setting CVar [[r.DOF.TemporalAAQuality:1                ; more stable temporal accumulation]]
[2019.05.08-06.03.42:399][  0]LogConfig: Setting CVar [[r.DOF.Kernel.MaxForegroundRadius:0.025]]
[2019.05.08-06.03.42:399][  0]LogConfig: Setting CVar [[r.DOF.Kernel.MaxBackgroundRadius:0.025]]
[2019.05.08-06.03.42:399][  0]LogConfig: Applying CVar settings from Section [TextureQuality@3] File [D:/Projektwoche 2019 IT-Projekt/Projektwoche_2019_IT-Projekt/PW_2019_ITProjekt/Saved/Config/Windows/Scalability.ini]
[2019.05.08-06.03.42:399][  0]LogConfig: Setting CVar [[r.Streaming.MipBias:0]]
[2019.05.08-06.03.42:399][  0]LogConfig: Setting CVar [[r.Streaming.AmortizeCPUToGPUCopy:0]]
[2019.05.08-06.03.42:399][  0]LogConfig: Setting CVar [[r.Streaming.MaxNumTexturesToStreamPerFrame:0]]
[2019.05.08-06.03.42:399][  0]LogConfig: Setting CVar [[r.Streaming.Boost:1]]
[2019.05.08-06.03.42:399][  0]LogConfig: Setting CVar [[r.MaxAnisotropy:8]]
[2019.05.08-06.03.42:399][  0]LogConfig: Setting CVar [[r.Streaming.LimitPoolSizeToVRAM:0]]
[2019.05.08-06.03.42:399][  0]LogConfig: Setting CVar [[r.Streaming.PoolSize:1000]]
[2019.05.08-06.03.42:399][  0]LogConfig: Setting CVar [[r.Streaming.MaxEffectiveScreenSize:0]]
[2019.05.08-06.03.42:399][  0]LogConfig: Applying CVar settings from Section [EffectsQuality@3] File [D:/Projektwoche 2019 IT-Projekt/Projektwoche_2019_IT-Projekt/PW_2019_ITProjekt/Saved/Config/Windows/Scalability.ini]
[2019.05.08-06.03.42:399][  0]LogConfig: Setting CVar [[r.TranslucencyLightingVolumeDim:64]]
[2019.05.08-06.03.42:399][  0]LogConfig: Setting CVar [[r.RefractionQuality:2]]
[2019.05.08-06.03.42:399][  0]LogConfig: Setting CVar [[r.SSR.Quality:3]]
[2019.05.08-06.03.42:399][  0]LogConfig: Setting CVar [[r.SceneColorFormat:4]]
[2019.05.08-06.03.42:399][  0]LogConfig: Setting CVar [[r.DetailMode:2]]
[2019.05.08-06.03.42:399][  0]LogConfig: Setting CVar [[r.TranslucencyVolumeBlur:1]]
[2019.05.08-06.03.42:399][  0]LogConfig: Setting CVar [[r.MaterialQualityLevel:1 ; High quality]]
[2019.05.08-06.03.42:399][  0]LogConfig: Setting CVar [[r.SSS.Scale:1]]
[2019.05.08-06.03.42:399][  0]LogConfig: Setting CVar [[r.SSS.SampleSet:2]]
[2019.05.08-06.03.42:399][  0]LogConfig: Setting CVar [[r.SSS.Quality:1]]
[2019.05.08-06.03.42:399][  0]LogConfig: Setting CVar [[r.SSS.HalfRes:1]]
[2019.05.08-06.03.42:399][  0]LogConfig: Setting CVar [[r.EmitterSpawnRateScale:1.0]]
[2019.05.08-06.03.42:399][  0]LogConfig: Setting CVar [[r.ParticleLightQuality:2]]
[2019.05.08-06.03.42:399][  0]LogConfig: Applying CVar settings from Section [FoliageQuality@3] File [D:/Projektwoche 2019 IT-Projekt/Projektwoche_2019_IT-Projekt/PW_2019_ITProjekt/Saved/Config/Windows/Scalability.ini]
[2019.05.08-06.03.42:399][  0]LogConfig: Setting CVar [[foliage.DensityScale:1.0]]
[2019.05.08-06.03.42:399][  0]LogConfig: Setting CVar [[grass.DensityScale:1.0]]
[2019.05.08-06.03.42:399][  0]LogInit: Selected Device Profile: [Windows]
[2019.05.08-06.03.42:399][  0]LogInit: Applying CVar settings loaded from the selected device profile: [Windows]
[2019.05.08-06.03.42:422][  0]LogHAL: Display: Platform has ~ 4 GB [4161970176 / 4294967296 / 4], which maps to Smallest [LargestMinGB=32, LargerMinGB=12, DefaultMinGB=8, SmallerMinGB=6, SmallestMinGB=0)
[2019.05.08-06.03.42:422][  0]LogConfig: Setting CVar [[r.Vulkan.UseRealUBs:0		; Required until we fix HLR fall-out]]
[2019.05.08-06.03.42:422][  0]LogInit: Going up to parent DeviceProfile []
[2019.05.08-06.03.42:423][  0]LogConfig: Applying CVar settings from Section [ViewDistanceQuality@3] File [D:/Projektwoche 2019 IT-Projekt/Projektwoche_2019_IT-Projekt/PW_2019_ITProjekt/Saved/Config/Windows/Scalability.ini]
[2019.05.08-06.03.42:423][  0]LogConfig: Setting CVar [[r.SkeletalMeshLODBias:0]]
[2019.05.08-06.03.42:423][  0]LogConfig: Setting CVar [[r.ViewDistanceScale:1.0]]
[2019.05.08-06.03.42:423][  0]LogConfig: Applying CVar settings from Section [AntiAliasingQuality@3] File [D:/Projektwoche 2019 IT-Projekt/Projektwoche_2019_IT-Projekt/PW_2019_ITProjekt/Saved/Config/Windows/Scalability.ini]
[2019.05.08-06.03.42:423][  0]LogConfig: Setting CVar [[r.PostProcessAAQuality:4]]
[2019.05.08-06.03.42:423][  0]LogConfig: Applying CVar settings from Section [ShadowQuality@3] File [D:/Projektwoche 2019 IT-Projekt/Projektwoche_2019_IT-Projekt/PW_2019_ITProjekt/Saved/Config/Windows/Scalability.ini]
[2019.05.08-06.03.42:423][  0]LogConfig: Setting CVar [[r.LightFunctionQuality:1]]
[2019.05.08-06.03.42:423][  0]LogConfig: Setting CVar [[r.ShadowQuality:5]]
[2019.05.08-06.03.42:423][  0]LogConfig: Setting CVar [[r.Shadow.CSM.MaxCascades:10]]
[2019.05.08-06.03.42:423][  0]LogConfig: Setting CVar [[r.Shadow.MaxResolution:2048]]
[2019.05.08-06.03.42:423][  0]LogConfig: Setting CVar [[r.Shadow.MaxCSMResolution:2048]]
[2019.05.08-06.03.42:423][  0]LogConfig: Setting CVar [[r.Shadow.RadiusThreshold:0.01]]
[2019.05.08-06.03.42:423][  0]LogConfig: Setting CVar [[r.Shadow.DistanceScale:1.0]]
[2019.05.08-06.03.42:423][  0]LogConfig: Setting CVar [[r.Shadow.CSM.TransitionScale:1.0]]
[2019.05.08-06.03.42:423][  0]LogConfig: Setting CVar [[r.Shadow.PreShadowResolutionFactor:1.0]]
[2019.05.08-06.03.42:423][  0]LogConfig: Setting CVar [[r.DistanceFieldShadowing:1]]
[2019.05.08-06.03.42:423][  0]LogConfig: Setting CVar [[r.DistanceFieldAO:1]]
[2019.05.08-06.03.42:423][  0]LogConfig: Setting CVar [[r.AOQuality:2]]
[2019.05.08-06.03.42:423][  0]LogConfig: Setting CVar [[r.VolumetricFog:1]]
[2019.05.08-06.03.42:423][  0]LogConfig: Setting CVar [[r.VolumetricFog.GridPixelSize:8]]
[2019.05.08-06.03.42:423][  0]LogConfig: Setting CVar [[r.VolumetricFog.GridSizeZ:128]]
[2019.05.08-06.03.42:423][  0]LogConfig: Setting CVar [[r.VolumetricFog.HistoryMissSupersampleCount:4]]
[2019.05.08-06.03.42:423][  0]LogConfig: Setting CVar [[r.LightMaxDrawDistanceScale:1]]
[2019.05.08-06.03.42:423][  0]LogConfig: Setting CVar [[r.CapsuleShadows:1]]
[2019.05.08-06.03.42:423][  0]LogConfig: Applying CVar settings from Section [PostProcessQuality@3] File [D:/Projektwoche 2019 IT-Projekt/Projektwoche_2019_IT-Projekt/PW_2019_ITProjekt/Saved/Config/Windows/Scalability.ini]
[2019.05.08-06.03.42:423][  0]LogConfig: Setting CVar [[r.MotionBlurQuality:4]]
[2019.05.08-06.03.42:423][  0]LogConfig: Setting CVar [[r.AmbientOcclusionMipLevelFactor:0.4]]
[2019.05.08-06.03.42:423][  0]LogConfig: Setting CVar [[r.AmbientOcclusionMaxQuality:100]]
[2019.05.08-06.03.42:423][  0]LogConfig: Setting CVar [[r.AmbientOcclusionLevels:-1]]
[2019.05.08-06.03.42:423][  0]LogConfig: Setting CVar [[r.AmbientOcclusionRadiusScale:1.0]]
[2019.05.08-06.03.42:423][  0]LogConfig: Setting CVar [[r.DepthOfFieldQuality:2]]
[2019.05.08-06.03.42:423][  0]LogConfig: Setting CVar [[r.RenderTargetPoolMin:400]]
[2019.05.08-06.03.42:423][  0]LogConfig: Setting CVar [[r.LensFlareQuality:2]]
[2019.05.08-06.03.42:423][  0]LogConfig: Setting CVar [[r.SceneColorFringeQuality:1]]
[2019.05.08-06.03.42:423][  0]LogConfig: Setting CVar [[r.EyeAdaptationQuality:2]]
[2019.05.08-06.03.42:423][  0]LogConfig: Setting CVar [[r.BloomQuality:5]]
[2019.05.08-06.03.42:423][  0]LogConfig: Setting CVar [[r.FastBlurThreshold:100]]
[2019.05.08-06.03.42:423][  0]LogConfig: Setting CVar [[r.Upscale.Quality:3]]
[2019.05.08-06.03.42:423][  0]LogConfig: Setting CVar [[r.Tonemapper.GrainQuantization:1]]
[2019.05.08-06.03.42:423][  0]LogConfig: Setting CVar [[r.LightShaftQuality:1]]
[2019.05.08-06.03.42:423][  0]LogConfig: Setting CVar [[r.Filter.SizeScale:1]]
[2019.05.08-06.03.42:423][  0]LogConfig: Setting CVar [[r.Tonemapper.Quality:5]]
[2019.05.08-06.03.42:423][  0]LogConfig: Setting CVar [[r.DOF.Gather.AccumulatorQuality:1        ; higher gathering accumulator quality]]
[2019.05.08-06.03.42:423][  0]LogConfig: Setting CVar [[r.DOF.Gather.PostfilterMethod:1          ; Median3x3 postfilering method]]
[2019.05.08-06.03.42:423][  0]LogConfig: Setting CVar [[r.DOF.Gather.EnableBokehSettings:0       ; no bokeh simulation when gathering]]
[2019.05.08-06.03.42:423][  0]LogConfig: Setting CVar [[r.DOF.Gather.RingCount:4                 ; medium number of samples when gathering]]
[2019.05.08-06.03.42:423][  0]LogConfig: Setting CVar [[r.DOF.Scatter.ForegroundCompositing:1    ; additive foreground scattering]]
[2019.05.08-06.03.42:423][  0]LogConfig: Setting CVar [[r.DOF.Scatter.BackgroundCompositing:2    ; additive background scattering]]
[2019.05.08-06.03.42:423][  0]LogConfig: Setting CVar [[r.DOF.Scatter.EnableBokehSettings:1      ; bokeh simulation when scattering]]
[2019.05.08-06.03.42:423][  0]LogConfig: Setting CVar [[r.DOF.Scatter.MaxSpriteRatio:0.1         ; only a maximum of 10% of scattered bokeh]]
[2019.05.08-06.03.42:423][  0]LogConfig: Setting CVar [[r.DOF.Recombine.Quality:1                ; cheap slight out of focus]]
[2019.05.08-06.03.42:423][  0]LogConfig: Setting CVar [[r.DOF.Recombine.EnableBokehSettings:0    ; no bokeh simulation on slight out of focus]]
[2019.05.08-06.03.42:423][  0]LogConfig: Setting CVar [[r.DOF.TemporalAAQuality:1                ; more stable temporal accumulation]]
[2019.05.08-06.03.42:423][  0]LogConfig: Setting CVar [[r.DOF.Kernel.MaxForegroundRadius:0.025]]
[2019.05.08-06.03.42:423][  0]LogConfig: Setting CVar [[r.DOF.Kernel.MaxBackgroundRadius:0.025]]
[2019.05.08-06.03.42:423][  0]LogConfig: Applying CVar settings from Section [TextureQuality@3] File [D:/Projektwoche 2019 IT-Projekt/Projektwoche_2019_IT-Projekt/PW_2019_ITProjekt/Saved/Config/Windows/Scalability.ini]
[2019.05.08-06.03.42:424][  0]LogConfig: Setting CVar [[r.Streaming.MipBias:0]]
[2019.05.08-06.03.42:424][  0]LogConfig: Setting CVar [[r.Streaming.AmortizeCPUToGPUCopy:0]]
[2019.05.08-06.03.42:424][  0]LogConfig: Setting CVar [[r.Streaming.MaxNumTexturesToStreamPerFrame:0]]
[2019.05.08-06.03.42:424][  0]LogConfig: Setting CVar [[r.Streaming.Boost:1]]
[2019.05.08-06.03.42:424][  0]LogConfig: Setting CVar [[r.MaxAnisotropy:8]]
[2019.05.08-06.03.42:424][  0]LogConfig: Setting CVar [[r.Streaming.LimitPoolSizeToVRAM:0]]
[2019.05.08-06.03.42:424][  0]LogConfig: Setting CVar [[r.Streaming.PoolSize:1000]]
[2019.05.08-06.03.42:424][  0]LogConfig: Setting CVar [[r.Streaming.MaxEffectiveScreenSize:0]]
[2019.05.08-06.03.42:424][  0]LogConfig: Applying CVar settings from Section [EffectsQuality@3] File [D:/Projektwoche 2019 IT-Projekt/Projektwoche_2019_IT-Projekt/PW_2019_ITProjekt/Saved/Config/Windows/Scalability.ini]
[2019.05.08-06.03.42:424][  0]LogConfig: Setting CVar [[r.TranslucencyLightingVolumeDim:64]]
[2019.05.08-06.03.42:424][  0]LogConfig: Setting CVar [[r.RefractionQuality:2]]
[2019.05.08-06.03.42:424][  0]LogConfig: Setting CVar [[r.SSR.Quality:3]]
[2019.05.08-06.03.42:424][  0]LogConfig: Setting CVar [[r.SceneColorFormat:4]]
[2019.05.08-06.03.42:424][  0]LogConfig: Setting CVar [[r.DetailMode:2]]
[2019.05.08-06.03.42:424][  0]LogConfig: Setting CVar [[r.TranslucencyVolumeBlur:1]]
[2019.05.08-06.03.42:424][  0]LogConfig: Setting CVar [[r.MaterialQualityLevel:1 ; High quality]]
[2019.05.08-06.03.42:424][  0]LogConfig: Setting CVar [[r.SSS.Scale:1]]
[2019.05.08-06.03.42:424][  0]LogConfig: Setting CVar [[r.SSS.SampleSet:2]]
[2019.05.08-06.03.42:424][  0]LogConfig: Setting CVar [[r.SSS.Quality:1]]
[2019.05.08-06.03.42:424][  0]LogConfig: Setting CVar [[r.SSS.HalfRes:1]]
[2019.05.08-06.03.42:424][  0]LogConfig: Setting CVar [[r.EmitterSpawnRateScale:1.0]]
[2019.05.08-06.03.42:424][  0]LogConfig: Setting CVar [[r.ParticleLightQuality:2]]
[2019.05.08-06.03.42:424][  0]LogConfig: Applying CVar settings from Section [FoliageQuality@3] File [D:/Projektwoche 2019 IT-Projekt/Projektwoche_2019_IT-Projekt/PW_2019_ITProjekt/Saved/Config/Windows/Scalability.ini]
[2019.05.08-06.03.42:424][  0]LogConfig: Setting CVar [[foliage.DensityScale:1.0]]
[2019.05.08-06.03.42:424][  0]LogConfig: Setting CVar [[grass.DensityScale:1.0]]
[2019.05.08-06.03.42:424][  0]LogConfig: Applying CVar settings from Section [Startup] File [../../../Engine/Config/ConsoleVariables.ini]
[2019.05.08-06.03.42:424][  0]LogConfig: Setting CVar [[net.UseAdaptiveNetUpdateFrequency:0]]
[2019.05.08-06.03.42:424][  0]LogConfig: Setting CVar [[p.chaos.AllowCreatePhysxBodies:1]]
[2019.05.08-06.03.42:424][  0]LogConfig: Applying CVar settings from Section [ConsoleVariables] File [D:/Projektwoche 2019 IT-Projekt/Projektwoche_2019_IT-Projekt/PW_2019_ITProjekt/Saved/Config/Windows/Engine.ini]
[2019.05.08-06.03.42:425][  0]LogInit: Computer: PC15-RAUM213
[2019.05.08-06.03.42:425][  0]LogInit: User: Teilnehmer
[2019.05.08-06.03.42:425][  0]LogInit: CPU Page size=4096, Cores=4
[2019.05.08-06.03.42:425][  0]LogInit: High frequency timer resolution =10.000000 MHz
[2019.05.08-06.03.42:425][  0]LogMemory: Memory total: Physical=3.9GB (4GB approx)
[2019.05.08-06.03.42:425][  0]LogMemory: Platform Memory Stats for Windows
[2019.05.08-06.03.42:425][  0]LogMemory: Process Physical Memory: 96.98 MB used, 96.98 MB peak
[2019.05.08-06.03.42:425][  0]LogMemory: Process Virtual Memory: 91.76 MB used, 91.76 MB peak
[2019.05.08-06.03.42:425][  0]LogMemory: Physical Memory: 3181.38 MB used,  787.79 MB free, 3969.16 MB total
[2019.05.08-06.03.42:425][  0]LogMemory: Virtual Memory: 4648.11 MB used,  134213080.00 MB free, 134217728.00 MB total
[2019.05.08-06.03.42:456][  0]LogInit: Using OS detected language (de-DE).
[2019.05.08-06.03.42:456][  0]LogInit: Using OS detected locale (de-DE).
[2019.05.08-06.03.42:457][  0]LogTextLocalizationManager: No specific localization for 'de-DE' exists, so the 'de' localization will be used.
[2019.05.08-06.03.42:458][  0]LogTextLocalizationResource: LocRes '../../../Engine/Content/Localization/Editor/de/Editor.locres' could not be opened for reading!
[2019.05.08-06.03.42:458][  0]LogTextLocalizationResource: LocRes '../../../Engine/Content/Localization/EditorTutorials/de/EditorTutorials.locres' could not be opened for reading!
[2019.05.08-06.03.42:458][  0]LogTextLocalizationResource: LocRes '../../../Engine/Content/Localization/Keywords/de/Keywords.locres' could not be opened for reading!
[2019.05.08-06.03.42:459][  0]LogTextLocalizationResource: LocRes '../../../Engine/Content/Localization/Category/de/Category.locres' could not be opened for reading!
[2019.05.08-06.03.42:459][  0]LogTextLocalizationResource: LocRes '../../../Engine/Content/Localization/ToolTips/de/ToolTips.locres' could not be opened for reading!
[2019.05.08-06.03.42:459][  0]LogTextLocalizationResource: LocRes '../../../Engine/Content/Localization/PropertyNames/de/PropertyNames.locres' could not be opened for reading!
[2019.05.08-06.03.42:459][  0]LogTextLocalizationResource: LocRes '../../../Engine/Content/Localization/Engine/de/Engine.locres' could not be opened for reading!
[2019.05.08-06.03.42:461][  0]LogInit: Setting process to per monitor DPI aware
[2019.05.08-06.03.42:494][  0]LogSlate: New Slate User Created.  User Index 0, Is Virtual User: 0
[2019.05.08-06.03.42:494][  0]LogSlate: Slate User Registered.  User Index 0, Is Virtual User: 0
[2019.05.08-06.03.42:726][  0]LogHMD: Failed to initialize OpenVR with code 110
[2019.05.08-06.03.42:726][  0]LogD3D11RHI: D3D11 adapters:
[2019.05.08-06.03.42:734][  0]LogD3D11RHI:    0. 'Intel(R) HD Graphics 4600' (Feature Level 11_0)
[2019.05.08-06.03.42:734][  0]LogD3D11RHI:       112/0/1984 MB DedicatedVideo/DedicatedSystem/SharedSystem, Outputs:1, VendorId:0x8086
[2019.05.08-06.03.42:737][  0]LogD3D11RHI:    1. 'Microsoft Basic Render Driver' (Feature Level 11_0)
[2019.05.08-06.03.42:737][  0]LogD3D11RHI:       0/0/1984 MB DedicatedVideo/DedicatedSystem/SharedSystem, Outputs:0, VendorId:0x1414
[2019.05.08-06.03.42:737][  0]LogD3D11RHI: Chosen D3D11 Adapter: 0
[2019.05.08-06.03.42:746][  0]LogD3D11RHI: Creating new Direct3DDevice
[2019.05.08-06.03.42:746][  0]LogD3D11RHI:     GPU DeviceId: 0x412 (for the marketing name, search the web for "GPU Device Id")
[2019.05.08-06.03.42:746][  0]LogWindows: EnumDisplayDevices:
[2019.05.08-06.03.42:746][  0]LogWindows:    0. 'Intel(R) HD Graphics 4600' (P:1 D:1)
[2019.05.08-06.03.42:747][  0]LogWindows:    1. 'Intel(R) HD Graphics 4600' (P:0 D:0)
[2019.05.08-06.03.42:747][  0]LogWindows: DebugString: FoundDriverCount:2 
[2019.05.08-06.03.42:747][  0]LogD3D11RHI:     Adapter Name: Intel(R) HD Graphics 4600
[2019.05.08-06.03.42:747][  0]LogD3D11RHI:   Driver Version: 20.19.15.4531 (internal:20.19.15.4531, unified:20.19.15.4531)
[2019.05.08-06.03.42:747][  0]LogD3D11RHI:      Driver Date: 9-29-2016
[2019.05.08-06.03.42:747][  0]LogRHI: Texture pool is 773 MB (70% of 1104 MB)
[2019.05.08-06.03.42:753][  0]LogD3D11RHI: Async texture creation enabled
[2019.05.08-06.03.42:758][  0]LogRendererCore: FGlobalReadBuffer::InitRHI
[2019.05.08-06.03.42:759][  0]LogRendererCore: FGlobalReadBuffer::InitRHI
[2019.05.08-06.03.42:759][  0]LogRendererCore: FGlobalReadBuffer::InitRHI
[2019.05.08-06.03.42:762][  0]LogD3D11RHI: GPU Timing Frequency: 12.500000 (Debug: 2 0)
[2019.05.08-06.03.43:134][  0]LogTemp: Display: Module 'AllDesktopTargetPlatform' loaded TargetPlatform 'AllDesktop'
[2019.05.08-06.03.43:153][  0]LogTemp: Display: Module 'MacClientTargetPlatform' loaded TargetPlatform 'MacClient'
[2019.05.08-06.03.43:171][  0]LogTemp: Display: Module 'MacNoEditorTargetPlatform' loaded TargetPlatform 'MacNoEditor'
[2019.05.08-06.03.43:189][  0]LogTemp: Display: Module 'MacServerTargetPlatform' loaded TargetPlatform 'MacServer'
[2019.05.08-06.03.43:207][  0]LogTemp: Display: Module 'MacTargetPlatform' loaded TargetPlatform 'Mac'
[2019.05.08-06.03.43:225][  0]LogTemp: Display: Module 'WindowsClientTargetPlatform' loaded TargetPlatform 'WindowsClient'
[2019.05.08-06.03.43:242][  0]LogTemp: Display: Module 'WindowsNoEditorTargetPlatform' loaded TargetPlatform 'WindowsNoEditor'
[2019.05.08-06.03.43:260][  0]LogTemp: Display: Module 'WindowsServerTargetPlatform' loaded TargetPlatform 'WindowsServer'
[2019.05.08-06.03.43:269][  0]LogTemp: Display: Module 'WindowsTargetPlatform' loaded TargetPlatform 'Windows'
[2019.05.08-06.03.43:364][  0]LogTemp: Display: Module 'AndroidTargetPlatform' loaded TargetPlatform 'Android'
[2019.05.08-06.03.43:364][  0]LogTemp: Display: Module 'AndroidTargetPlatform' loaded TargetPlatform 'Android_ASTC'
[2019.05.08-06.03.43:364][  0]LogTemp: Display: Module 'AndroidTargetPlatform' loaded TargetPlatform 'Android_ATC'
[2019.05.08-06.03.43:364][  0]LogTemp: Display: Module 'AndroidTargetPlatform' loaded TargetPlatform 'Android_DXT'
[2019.05.08-06.03.43:364][  0]LogTemp: Display: Module 'AndroidTargetPlatform' loaded TargetPlatform 'Android_ETC1'
[2019.05.08-06.03.43:364][  0]LogTemp: Display: Module 'AndroidTargetPlatform' loaded TargetPlatform 'Android_ETC1a'
[2019.05.08-06.03.43:364][  0]LogTemp: Display: Module 'AndroidTargetPlatform' loaded TargetPlatform 'Android_ETC2'
[2019.05.08-06.03.43:364][  0]LogTemp: Display: Module 'AndroidTargetPlatform' loaded TargetPlatform 'Android_PVRTC'
[2019.05.08-06.03.43:364][  0]LogTemp: Display: Module 'AndroidTargetPlatform' loaded TargetPlatform 'AndroidClient'
[2019.05.08-06.03.43:364][  0]LogTemp: Display: Module 'AndroidTargetPlatform' loaded TargetPlatform 'Android_ASTCClient'
[2019.05.08-06.03.43:364][  0]LogTemp: Display: Module 'AndroidTargetPlatform' loaded TargetPlatform 'Android_ATCClient'
[2019.05.08-06.03.43:364][  0]LogTemp: Display: Module 'AndroidTargetPlatform' loaded TargetPlatform 'Android_DXTClient'
[2019.05.08-06.03.43:364][  0]LogTemp: Display: Module 'AndroidTargetPlatform' loaded TargetPlatform 'Android_ETC1Client'
[2019.05.08-06.03.43:364][  0]LogTemp: Display: Module 'AndroidTargetPlatform' loaded TargetPlatform 'Android_ETC1aClient'
[2019.05.08-06.03.43:364][  0]LogTemp: Display: Module 'AndroidTargetPlatform' loaded TargetPlatform 'Android_ETC2Client'
[2019.05.08-06.03.43:364][  0]LogTemp: Display: Module 'AndroidTargetPlatform' loaded TargetPlatform 'Android_PVRTCClient'
[2019.05.08-06.03.43:364][  0]LogTemp: Display: Module 'AndroidTargetPlatform' loaded TargetPlatform 'Android_Multi'
[2019.05.08-06.03.43:364][  0]LogTemp: Display: Module 'AndroidTargetPlatform' loaded TargetPlatform 'Android_MultiClient'
[2019.05.08-06.03.43:367][  0]LogTemp: Display: Module 'HTML5TargetPlatform' loaded TargetPlatform 'HTML5'
[2019.05.08-06.03.43:422][  0]LogTemp: Display: Module 'IOSTargetPlatform' loaded TargetPlatform 'IOSClient'
[2019.05.08-06.03.43:422][  0]LogTemp: Display: Module 'IOSTargetPlatform' loaded TargetPlatform 'IOS'
[2019.05.08-06.03.43:449][  0]LogTemp: Display: Module 'TVOSTargetPlatform' loaded TargetPlatform 'TVOSClient'
[2019.05.08-06.03.43:449][  0]LogTemp: Display: Module 'TVOSTargetPlatform' loaded TargetPlatform 'TVOS'
[2019.05.08-06.03.43:464][  0]LogTemp: Display: Module 'LinuxClientTargetPlatform' loaded TargetPlatform 'LinuxClient'
[2019.05.08-06.03.43:479][  0]LogTemp: Display: Module 'LinuxNoEditorTargetPlatform' loaded TargetPlatform 'LinuxNoEditor'
[2019.05.08-06.03.43:493][  0]LogTemp: Display: Module 'LinuxServerTargetPlatform' loaded TargetPlatform 'LinuxServer'
[2019.05.08-06.03.43:509][  0]LogTemp: Display: Module 'LinuxTargetPlatform' loaded TargetPlatform 'Linux'
[2019.05.08-06.03.43:561][  0]LogTemp: Display: Module 'LuminTargetPlatform' loaded TargetPlatform 'Lumin'
[2019.05.08-06.03.43:561][  0]LogTemp: Display: Module 'LuminTargetPlatform' loaded TargetPlatform 'LuminClient'
[2019.05.08-06.03.43:561][  0]LogTargetPlatformManager: Display: Building Assets For Windows
[2019.05.08-06.03.43:574][  0]LogAudioDebug: Display: Lib vorbis DLL was dynamically loaded.
[2019.05.08-06.03.43:652][  0]LogShaderCompilers: Guid format shader working directory is -27 characters bigger than the processId version (D:/Projektwoche 2019 IT-Projekt/Projektwoche_2019_IT-Projekt/PW_2019_ITProjekt/Intermediate/Shaders/WorkingDirectory/4816/).
[2019.05.08-06.03.43:652][  0]LogShaderCompilers: Cleaned the shader compiler working directory 'C:/Users/Teilnehmer/AppData/Local/Temp/UnrealShaderWorkingDir/C5C04E514CBE42D7D7EBB29C5E5689C3/'.
[2019.05.08-06.03.43:656][  0]LogXGEController: Cannot use XGE Controller as Incredibuild is not installed on this machine.
[2019.05.08-06.03.43:656][  0]LogShaderCompilers: Cannot use XGE Shader Compiler as Incredibuild is not installed on this machine.
[2019.05.08-06.03.43:656][  0]LogShaderCompilers: Display: Using Local Shader Compiler.
[2019.05.08-06.03.44:286][  0]LogDerivedDataCache: Display: Max Cache Size: 512 MB
[2019.05.08-06.03.44:371][  0]LogDerivedDataCache: Loaded boot cache 0.08s 73MB C:/Users/Teilnehmer/AppData/Local/UnrealEngine/4.22/DerivedDataCache/Boot.ddc.
[2019.05.08-06.03.44:371][  0]LogDerivedDataCache: Display: Loaded Boot cache: C:/Users/Teilnehmer/AppData/Local/UnrealEngine/4.22/DerivedDataCache/Boot.ddc
[2019.05.08-06.03.44:371][  0]LogDerivedDataCache: FDerivedDataBackendGraph:  Pak pak cache file D:/Projektwoche 2019 IT-Projekt/Projektwoche_2019_IT-Projekt/PW_2019_ITProjekt/DerivedDataCache/DDC.ddp not found, will not use a pak cache.
[2019.05.08-06.03.44:371][  0]LogDerivedDataCache: Unable to find inner node Pak for hierarchical cache Hierarchy.
[2019.05.08-06.03.44:371][  0]LogDerivedDataCache: FDerivedDataBackendGraph:  CompressedPak pak cache file D:/Projektwoche 2019 IT-Projekt/Projektwoche_2019_IT-Projekt/PW_2019_ITProjekt/DerivedDataCache/Compressed.ddp not found, will not use a pak cache.
[2019.05.08-06.03.44:371][  0]LogDerivedDataCache: Unable to find inner node CompressedPak for hierarchical cache Hierarchy.
[2019.05.08-06.03.44:386][  0]LogDerivedDataCache: Display: Pak cache opened for reading ../../../Engine/DerivedDataCache/Compressed.ddp.
[2019.05.08-06.03.44:389][  0]LogDerivedDataCache: Display: Pak cache opened for reading ../../../Enterprise/DerivedDataCache/Compressed.ddp.
[2019.05.08-06.03.44:402][  0]LogDerivedDataCache: Using Local data cache path C:/Users/Teilnehmer/AppData/Local/UnrealEngine/Common/DerivedDataCache: Writable
[2019.05.08-06.03.44:402][  0]LogDerivedDataCache: Shared data cache path not found in *engine.ini, will not use an Shared cache.
[2019.05.08-06.03.44:402][  0]LogDerivedDataCache: Unable to find inner node Shared for hierarchical cache Hierarchy.
[2019.05.08-06.03.44:427][  0]LogMaterial: Verifying Global Shaders for PCD3D_SM5
[2019.05.08-06.03.44:428][  0]LogSlate: Using FreeType 2.6.0
[2019.05.08-06.03.44:429][  0]LogSlate: SlateFontServices - WITH_FREETYPE: 1, WITH_HARFBUZZ: 1
[2019.05.08-06.03.44:528][  0]LogAssetRegistry: FAssetRegistry took 0.0348 seconds to start up
[2019.05.08-06.03.44:903][  0]LogInit: Selected Device Profile: [Windows]
[2019.05.08-06.03.45:075][  0]LogMeshReduction: Using QuadricMeshReduction for automatic static mesh reduction
[2019.05.08-06.03.45:075][  0]LogMeshReduction: Using SimplygonMeshReduction for automatic skeletal mesh reduction
[2019.05.08-06.03.45:075][  0]LogMeshReduction: Using ProxyLODMeshReduction for automatic mesh merging
[2019.05.08-06.03.45:075][  0]LogMeshReduction: No distributed automatic mesh merging module available
[2019.05.08-06.03.45:075][  0]LogMeshMerging: No distributed automatic mesh merging module available
[2019.05.08-06.03.45:088][  0]LogNetVersion: PW_2019_ITProjekt 1.0.0, NetCL: 5660361, EngineNetVer: 10, GameNetVer: 0 (Checksum: 2559314820)
[2019.05.08-06.03.45:646][  0]LogPackageLocalizationCache: Processed 16 localized package path(s) for 1 prioritized culture(s) in 0.082379 seconds
[2019.05.08-06.03.45:653][  0]LogUObjectArray: 42205 objects as part of root set at end of initial load.
[2019.05.08-06.03.45:653][  0]LogUObjectAllocator: 7325032 out of 0 bytes used by permanent object pool.
[2019.05.08-06.03.45:653][  0]LogUObjectArray: CloseDisregardForGC: 0/0 objects in disregard for GC pool
[2019.05.08-06.03.46:630][  0]LogTcpMessaging: Initializing TcpMessaging bridge
[2019.05.08-06.03.46:644][  0]LogUdpMessaging: Initializing bridge on interface 0.0.0.0:0 to multicast group 230.0.0.1:6666.
[2019.05.08-06.03.46:773][  0]SourceControl: Source control is disabled
[2019.05.08-06.03.46:773][  0]SourceControl: Source control is disabled
[2019.05.08-06.03.46:775][  0]SourceControl: Source control is disabled
[2019.05.08-06.03.46:776][  0]SourceControl: Source control is disabled
[2019.05.08-06.03.47:031][  0]LogAndroidPermission: UAndroidPermissionCallbackProxy::GetInstance
[2019.05.08-06.03.47:114][  0]LogOcInput: OculusInput pre-init called
[2019.05.08-06.03.50:010][  0]LogEngine: Initializing Engine...
[2019.05.08-06.03.50:011][  0]LogHMD: Failed to initialize OpenVR with code 110
[2019.05.08-06.03.50:012][  0]LogStats: UGameplayTagsManager::InitializeManager -  0.000 s
[2019.05.08-06.03.50:262][  0]LogInit: Initializing FReadOnlyCVARCache
[2019.05.08-06.03.50:290][  0]LogAIModule: Creating AISystem for world Untitled
[2019.05.08-06.03.50:306][  0]LogInit: XAudio2 using 'Lautsprecher (EPSON Projector ENP Audio Device)' : 2 channels at 44.1 kHz using 16 bits per sample (channel mask 0x3)
[2019.05.08-06.03.50:339][  0]LogInit: FAudioDevice initialized.
[2019.05.08-06.03.50:339][  0]LogNetVersion: Set ProjectVersion to 1.0.0.0. Version Checksum will be recalculated on next use.
[2019.05.08-06.03.50:430][  0]LogDerivedDataCache: Saved boot cache 0.09s 75MB C:/Users/Teilnehmer/AppData/Local/UnrealEngine/4.22/DerivedDataCache/Boot.ddc.
[2019.05.08-06.03.50:444][  0]LogInit: Texture streaming: Enabled
[2019.05.08-06.03.50:480][  0]LogEngineSessionManager: EngineSessionManager initialized
[2019.05.08-06.03.50:516][  0]LogInit: Transaction tracking system initialized
[2019.05.08-06.03.50:553][  0]BlueprintLog: New page: Editor Load
[2019.05.08-06.03.50:688][  0]LocalizationService: Localization service is disabled
[2019.05.08-06.03.51:032][  0]LogFileCache: Scanning file cache for directory 'D:/Projektwoche 2019 IT-Projekt/Projektwoche_2019_IT-Projekt/PW_2019_ITProjekt/Content/' took 0.02s
[2019.05.08-06.03.51:032][  0]LogCook: Display: Max memory allowance for cook 16384mb min free memory 0mb
[2019.05.08-06.03.51:032][  0]LogCook: Display: Mobile HDR setting 1
[2019.05.08-06.03.52:643][  0]SourceControl: Source control is disabled
[2019.05.08-06.03.52:740][  0]LogSlate: Took 0.000915 seconds to synchronously load lazily loaded font '../../../Engine/Content/Slate/Fonts/Roboto-Regular.ttf' (155K)
[2019.05.08-06.04.00:083][  0]LogSlate: Window 'Restore Packages' being destroyed
[2019.05.08-06.04.00:083][  0]LogWindowsTextInputMethodSystem: Display: IME system now deactivated.
[2019.05.08-06.04.00:086][  0]LogWindowsTextInputMethodSystem: Display: IME system now deactivated.
[2019.05.08-06.04.00:100][  0]Cmd: MAP LOAD FILE="../../../Engine/Content/Maps/Templates/Template_Default.umap" TEMPLATE=1 SHOWPROGRESS=1 FEATURELEVEL=3
[2019.05.08-06.04.00:101][  0]LightingResults: New page: Lighting Build
[2019.05.08-06.04.00:106][  0]MapCheck: New page: Map Check
[2019.05.08-06.04.00:106][  0]LightingResults: New page: Lighting Build
[2019.05.08-06.04.00:140][  0]LogUObjectHash: Compacting FUObjectHashTables data took   2.71ms
[2019.05.08-06.04.00:275][  0]LogAIModule: Creating AISystem for world Untitled_1
[2019.05.08-06.04.00:303][  0]LogEditorServer: Finished looking for orphan Actors (0.000 secs)
[2019.05.08-06.04.00:337][  0]LogUObjectHash: Compacting FUObjectHashTables data took   2.53ms
[2019.05.08-06.04.00:338][  0]Cmd: MAP CHECKDEP NOCLEARLOG
[2019.05.08-06.04.00:338][  0]MapCheck: Map check complete: 0 Error(s), 0 Warning(s), took 0,17ms to complete.
[2019.05.08-06.04.00:338][  0]LogFileHelpers: Loading map 'Template_Default' took 0.238
[2019.05.08-06.04.00:456][  0]LogSlate: Updating window title bar state: overlay mode, drag disabled, window buttons hidden, title bar hidden
[2019.05.08-06.04.00:467][  0]LogSlate: Updating window title bar state: overlay mode, drag disabled, window buttons hidden, title bar hidden
[2019.05.08-06.04.00:476][  0]LogSlate: Updating window title bar state: overlay mode, drag disabled, window buttons hidden, title bar hidden
[2019.05.08-06.04.00:485][  0]LogSlate: Updating window title bar state: overlay mode, drag disabled, window buttons hidden, title bar hidden
[2019.05.08-06.04.00:503][  0]LogCollectionManager: Loaded 0 collections in 0.003190 seconds
[2019.05.08-06.04.00:549][  0]LogFileCache: Scanning file cache for directory 'D:/Projektwoche 2019 IT-Projekt/Projektwoche_2019_IT-Projekt/PW_2019_ITProjekt/Saved/Collections/' took 0.01s
[2019.05.08-06.04.00:549][  0]LogFileCache: Scanning file cache for directory 'D:/Projektwoche 2019 IT-Projekt/Projektwoche_2019_IT-Projekt/PW_2019_ITProjekt/Content/Developers/Teilnehmer/Collections/' took 0.00s
[2019.05.08-06.04.00:549][  0]LogFileCache: Scanning file cache for directory 'D:/Projektwoche 2019 IT-Projekt/Projektwoche_2019_IT-Projekt/PW_2019_ITProjekt/Content/Collections/' took 0.01s
[2019.05.08-06.04.00:549][  0]LogCollectionManager: Rebuilt the GUID cache for 0 collections in 0.000000 seconds
[2019.05.08-06.04.00:562][  0]LogContentBrowser: Native class hierarchy populated in 0.0111 seconds. Added 2864 classes and 726 folders.
[2019.05.08-06.04.00:580][  0]LogContentBrowser: Native class hierarchy updated for 'WidgetCarousel' in 0.0003 seconds. Added 0 classes and 0 folders.
[2019.05.08-06.04.00:591][  0]LogPakFile: Registered encryption key '00000000000000000000000000000000': 0 pak files mounted, 0 remain pending
[2019.05.08-06.04.00:602][  0]LogPakFile: Registered encryption key '00000000000000000000000000000000': 0 pak files mounted, 0 remain pending
[2019.05.08-06.04.00:619][  0]LogPakFile: Registered encryption key '00000000000000000000000000000000': 0 pak files mounted, 0 remain pending
[2019.05.08-06.04.00:626][  0]LogPakFile: Registered encryption key '00000000000000000000000000000000': 0 pak files mounted, 0 remain pending
[2019.05.08-06.04.00:632][  0]LogPakFile: Registered encryption key '00000000000000000000000000000000': 0 pak files mounted, 0 remain pending
[2019.05.08-06.04.00:636][  0]LogPakFile: Registered encryption key '00000000000000000000000000000000': 0 pak files mounted, 0 remain pending
[2019.05.08-06.04.00:641][  0]LogPakFile: Registered encryption key '00000000000000000000000000000000': 0 pak files mounted, 0 remain pending
[2019.05.08-06.04.00:648][  0]LogPakFile: Registered encryption key '00000000000000000000000000000000': 0 pak files mounted, 0 remain pending
[2019.05.08-06.04.00:654][  0]LogPakFile: Registered encryption key '00000000000000000000000000000000': 0 pak files mounted, 0 remain pending
[2019.05.08-06.04.00:660][  0]LogPakFile: Registered encryption key '00000000000000000000000000000000': 0 pak files mounted, 0 remain pending
[2019.05.08-06.04.00:665][  0]LogPakFile: Registered encryption key '00000000000000000000000000000000': 0 pak files mounted, 0 remain pending
[2019.05.08-06.04.00:671][  0]LogPakFile: Registered encryption key '00000000000000000000000000000000': 0 pak files mounted, 0 remain pending
[2019.05.08-06.04.00:676][  0]LogPakFile: Registered encryption key '00000000000000000000000000000000': 0 pak files mounted, 0 remain pending
[2019.05.08-06.04.00:682][  0]LogPakFile: Registered encryption key '00000000000000000000000000000000': 0 pak files mounted, 0 remain pending
[2019.05.08-06.04.00:687][  0]LogPakFile: Registered encryption key '00000000000000000000000000000000': 0 pak files mounted, 0 remain pending
[2019.05.08-06.04.00:692][  0]LogPakFile: Registered encryption key '00000000000000000000000000000000': 0 pak files mounted, 0 remain pending
[2019.05.08-06.04.00:721][  0]LogPakFile: Registered encryption key '00000000000000000000000000000000': 0 pak files mounted, 0 remain pending
[2019.05.08-06.04.00:727][  0]LogPakFile: Registered encryption key '00000000000000000000000000000000': 0 pak files mounted, 0 remain pending
[2019.05.08-06.04.00:732][  0]LogPakFile: Registered encryption key '00000000000000000000000000000000': 0 pak files mounted, 0 remain pending
[2019.05.08-06.04.00:737][  0]LogPakFile: Registered encryption key '00000000000000000000000000000000': 0 pak files mounted, 0 remain pending
[2019.05.08-06.04.00:743][  0]LogPakFile: Registered encryption key '00000000000000000000000000000000': 0 pak files mounted, 0 remain pending
[2019.05.08-06.04.00:748][  0]LogPakFile: Registered encryption key '00000000000000000000000000000000': 0 pak files mounted, 0 remain pending
[2019.05.08-06.04.00:754][  0]LogPakFile: Registered encryption key '00000000000000000000000000000000': 0 pak files mounted, 0 remain pending
[2019.05.08-06.04.00:759][  0]LogPakFile: Registered encryption key '00000000000000000000000000000000': 0 pak files mounted, 0 remain pending
[2019.05.08-06.04.00:765][  0]LogPakFile: Registered encryption key '00000000000000000000000000000000': 0 pak files mounted, 0 remain pending
[2019.05.08-06.04.00:770][  0]LogPakFile: Registered encryption key '00000000000000000000000000000000': 0 pak files mounted, 0 remain pending
[2019.05.08-06.04.00:775][  0]LogPakFile: Registered encryption key '00000000000000000000000000000000': 0 pak files mounted, 0 remain pending
[2019.05.08-06.04.00:781][  0]LogPakFile: Registered encryption key '00000000000000000000000000000000': 0 pak files mounted, 0 remain pending
[2019.05.08-06.04.00:979][  0]LogContentBrowser: Native class hierarchy updated for 'AddContentDialog' in 0.0003 seconds. Added 0 classes and 0 folders.
[2019.05.08-06.04.00:987][  0]LogContentBrowser: Native class hierarchy updated for 'SceneOutliner' in 0.0003 seconds. Added 1 classes and 0 folders.
[2019.05.08-06.04.01:048][  0]LogSlate: Took 0.000209 seconds to synchronously load lazily loaded font '../../../Engine/Content/Slate/Fonts/Roboto-Bold.ttf' (160K)
[2019.05.08-06.04.01:062][  0]LogSlate: Took 0.005688 seconds to synchronously load lazily loaded font '../../../Engine/Content/Editor/Slate/Fonts/FontAwesome.ttf' (139K)
[2019.05.08-06.04.01:159][  0]LogRenderer: Reallocating scene render targets to support 1056x556 Format 10 NumSamples 1 (Frame:1).
[2019.05.08-06.04.01:716][  0]LogSlate: FSceneViewport::OnFocusLost() reason 2
[2019.05.08-06.04.01:754][  0]LogSlate: Window 'Tutorials' being destroyed
[2019.05.08-06.04.01:788][  0]LogContentBrowser: Native class hierarchy updated for 'HierarchicalLODOutliner' in 0.0003 seconds. Added 0 classes and 0 folders.
[2019.05.08-06.04.01:788][  0]LogLoad: (Engine Initialization) Total time: 22.36 seconds
[2019.05.08-06.04.01:788][  0]LogLoad: (Engine Initialization) Total Blueprint compile time: 0.00 seconds
[2019.05.08-06.04.01:829][  0]LogAssetRegistry: Asset discovery search completed in 17.3227 seconds
[2019.05.08-06.04.01:832][  0]LogCollectionManager: Rebuilt the object cache for 0 collections in 0.000000 seconds (found 0 objects)
[2019.05.08-06.04.01:832][  0]LogCollectionManager: Fixed up redirectors for 0 collections in 0.000050 seconds (updated 0 objects)
[2019.05.08-06.04.01:840][  0]LogContentStreaming: Texture pool size now 1000 MB
[2019.05.08-06.04.01:873][  0]LogSlate: Took 0.005617 seconds to synchronously load lazily loaded font '../../../Engine/Content/Slate/Fonts/Roboto-Light.ttf' (167K)
[2019.05.08-06.04.02:993][  9]LogSlate: Took 0.000258 seconds to synchronously load lazily loaded font '../../../Engine/Content/Slate/Fonts/Roboto-Light.ttf' (167K)
[2019.05.08-06.04.06:437][110]LogSlate: FSceneViewport::OnFocusLost() reason 0
[2019.05.08-06.04.06:606][112]LogStaticMesh: Building static mesh Arm2unten_1...
[2019.05.08-06.04.07:482][112]LogStaticMesh: Built static mesh [0.88s] /Game/arm_data/Arm2unten_1.Arm2unten_1
[2019.05.08-06.04.07:516][112]LogStaticMesh: Building static mesh Schiene...
[2019.05.08-06.04.07:519][112]LogSlate: FSceneViewport::OnFocusLost() reason 2
[2019.05.08-06.04.08:634][112]LogStaticMesh: Built static mesh [1.12s] /Game/arm_data/Schiene.Schiene
[2019.05.08-06.04.08:647][112]LogStaticMesh: Building static mesh Arm1...
[2019.05.08-06.04.08:650][112]LogSlate: FSceneViewport::OnFocusLost() reason 2
[2019.05.08-06.04.09:012][112]LogStaticMesh: Built static mesh [0.37s] /Game/arm_data/Arm1.Arm1
[2019.05.08-06.04.09:032][112]LogStaticMesh: Building static mesh Symmetry...
[2019.05.08-06.04.09:035][112]LogSlate: FSceneViewport::OnFocusLost() reason 2
[2019.05.08-06.04.09:219][112]LogStaticMesh: Built static mesh [0.19s] /Game/arm_data/base/Symmetry.Symmetry
[2019.05.08-06.04.09:228][112]LogStaticMesh: Building static mesh base_2...
[2019.05.08-06.04.09:231][112]LogSlate: FSceneViewport::OnFocusLost() reason 2
[2019.05.08-06.04.09:239][112]LogStaticMesh: Built static mesh [0.01s] /Game/arm_data/base/base_2.base_2
[2019.05.08-06.04.09:245][112]LogSlate: FSceneViewport::OnFocusLost() reason 2
[2019.05.08-06.04.09:247][112]LogAssetEditorManager: Opening Asset editor for Blueprint /Game/arm_data/linJoint.linJoint
[2019.05.08-06.04.09:615][112]LogContentBrowser: Native class hierarchy updated for 'BlueprintGraph' in 0.0007 seconds. Added 121 classes and 0 folders.
[2019.05.08-06.04.10:665][112]LogAssetEditorManager: Opening Asset editor for StaticMesh /Game/arm_data/Arm1.Arm1
[2019.05.08-06.04.11:313][112]LogMaterial: Display: Missing cached shader map for material OverlayLineMaterial, compiling. 
[2019.05.08-06.04.11:343][112]LogMaterial: Display: Missing cached shader map for material HoveredGeometryMaterial, compiling. 
[2019.05.08-06.04.11:363][112]LogMaterial: Display: Missing cached shader map for material HoveredFaceMaterial, compiling. 
[2019.05.08-06.04.11:372][112]LogMaterial: Display: Missing cached shader map for material OverlayPointMaterial, compiling. 
[2019.05.08-06.04.11:386][112]LogMaterial: Display: Missing cached shader map for material WireMaterial, compiling. 
[2019.05.08-06.04.11:983][112]LogSlate: Took 0.010229 seconds to synchronously load lazily loaded font '../../../Engine/Content/Slate/Fonts/Roboto-Italic.ttf' (157K)
[2019.05.08-06.04.18:508][159]LogSlate: Took 0.005783 seconds to synchronously load lazily loaded font '../../../Engine/Content/Slate/Fonts/Roboto-BoldCondensed.ttf' (158K)
[2019.05.08-06.04.27:545][246]LogRenderer: Reallocating scene render targets to support 1056x868 Format 10 NumSamples 1 (Frame:60).
[2019.05.08-06.04.47:392][396]LogSlate: FSceneViewport::OnFocusLost() reason 2
[2019.05.08-06.04.50:567][504]LogSlate: FSceneViewport::OnFocusLost() reason 2
[2019.05.08-06.04.50:760][510]LogSlate: FSceneViewport::OnFocusLost() reason 2
[2019.05.08-06.04.55:814][684]LogSlate: FSceneViewport::OnFocusLost() reason 2
[2019.05.08-06.05.08:468][156]LogSlate: FSceneViewport::OnFocusLost() reason 2
[2019.05.08-06.05.30:461][320]LogSlate: Window 'Editor Preferences' being destroyed
[2019.05.08-06.05.30:597][320]LogSlate: Window 'Editor Preferences' being destroyed
[2019.05.08-06.06.13:183][233]LogSlate: Window 'Editor Preferences' being destroyed
[2019.05.08-06.06.13:209][233]LogSlate: Window 'Editor Preferences' being destroyed
[2019.05.08-06.07.31:213][593]LogConfig: Applying CVar settings from Section [ViewDistanceQuality@0] File [D:/Projektwoche 2019 IT-Projekt/Projektwoche_2019_IT-Projekt/PW_2019_ITProjekt/Saved/Config/Windows/Scalability.ini]
[2019.05.08-06.07.31:215][593]LogConfig: Setting CVar [[r.SkeletalMeshLODBias:2]]
[2019.05.08-06.07.31:215][593]LogConfig: Setting CVar [[r.ViewDistanceScale:0.4]]
[2019.05.08-06.07.31:215][593]LogConfig: Applying CVar settings from Section [AntiAliasingQuality@0] File [D:/Projektwoche 2019 IT-Projekt/Projektwoche_2019_IT-Projekt/PW_2019_ITProjekt/Saved/Config/Windows/Scalability.ini]
[2019.05.08-06.07.31:215][593]LogConfig: Setting CVar [[r.PostProcessAAQuality:0]]
[2019.05.08-06.07.31:215][593]LogConfig: Applying CVar settings from Section [ShadowQuality@0] File [D:/Projektwoche 2019 IT-Projekt/Projektwoche_2019_IT-Projekt/PW_2019_ITProjekt/Saved/Config/Windows/Scalability.ini]
[2019.05.08-06.07.31:215][593]LogConfig: Setting CVar [[r.LightFunctionQuality:0]]
[2019.05.08-06.07.31:215][593]LogConfig: Setting CVar [[r.ShadowQuality:0]]
[2019.05.08-06.07.31:215][593]LogConfig: Setting CVar [[r.Shadow.CSM.MaxCascades:1]]
[2019.05.08-06.07.31:215][593]LogConfig: Setting CVar [[r.Shadow.MaxResolution:512]]
[2019.05.08-06.07.31:215][593]LogConfig: Setting CVar [[r.Shadow.MaxCSMResolution:512]]
[2019.05.08-06.07.31:215][593]LogConfig: Setting CVar [[r.Shadow.RadiusThreshold:0.06]]
[2019.05.08-06.07.31:215][593]LogConfig: Setting CVar [[r.Shadow.DistanceScale:0.6]]
[2019.05.08-06.07.31:215][593]LogConfig: Setting CVar [[r.Shadow.CSM.TransitionScale:0]]
[2019.05.08-06.07.31:216][593]LogConfig: Setting CVar [[r.Shadow.PreShadowResolutionFactor:0.5]]
[2019.05.08-06.07.31:217][593]LogConfig: Setting CVar [[r.DistanceFieldShadowing:0]]
[2019.05.08-06.07.31:217][593]LogConfig: Setting CVar [[r.DistanceFieldAO:0]]
[2019.05.08-06.07.31:217][593]LogConfig: Setting CVar [[r.VolumetricFog:0]]
[2019.05.08-06.07.31:217][593]LogConfig: Setting CVar [[r.LightMaxDrawDistanceScale:0]]
[2019.05.08-06.07.31:217][593]LogConfig: Setting CVar [[r.CapsuleShadows:0]]
[2019.05.08-06.07.31:217][593]LogConfig: Applying CVar settings from Section [PostProcessQuality@0] File [D:/Projektwoche 2019 IT-Projekt/Projektwoche_2019_IT-Projekt/PW_2019_ITProjekt/Saved/Config/Windows/Scalability.ini]
[2019.05.08-06.07.31:218][593]LogConfig: Setting CVar [[r.MotionBlurQuality:0]]
[2019.05.08-06.07.31:218][593]LogConfig: Setting CVar [[r.AmbientOcclusionMipLevelFactor:1.0]]
[2019.05.08-06.07.31:218][593]LogConfig: Setting CVar [[r.AmbientOcclusionMaxQuality:0]]
[2019.05.08-06.07.31:218][593]LogConfig: Setting CVar [[r.AmbientOcclusionLevels:0]]
[2019.05.08-06.07.31:218][593]LogConfig: Setting CVar [[r.AmbientOcclusionRadiusScale:1.2]]
[2019.05.08-06.07.31:218][593]LogConfig: Setting CVar [[r.DepthOfFieldQuality:0]]
[2019.05.08-06.07.31:218][593]LogConfig: Setting CVar [[r.RenderTargetPoolMin:300]]
[2019.05.08-06.07.31:218][593]LogConfig: Setting CVar [[r.LensFlareQuality:0]]
[2019.05.08-06.07.31:218][593]LogConfig: Setting CVar [[r.SceneColorFringeQuality:0]]
[2019.05.08-06.07.31:218][593]LogConfig: Setting CVar [[r.EyeAdaptationQuality:0]]
[2019.05.08-06.07.31:218][593]LogConfig: Setting CVar [[r.BloomQuality:4]]
[2019.05.08-06.07.31:218][593]LogConfig: Setting CVar [[r.FastBlurThreshold:0]]
[2019.05.08-06.07.31:218][593]LogConfig: Setting CVar [[r.Upscale.Quality:1]]
[2019.05.08-06.07.31:218][593]LogConfig: Setting CVar [[r.Tonemapper.GrainQuantization:0]]
[2019.05.08-06.07.31:218][593]LogConfig: Setting CVar [[r.LightShaftQuality:0]]
[2019.05.08-06.07.31:218][593]LogConfig: Setting CVar [[r.Filter.SizeScale:0.6]]
[2019.05.08-06.07.31:218][593]LogConfig: Setting CVar [[r.Tonemapper.Quality:0]]
[2019.05.08-06.07.31:218][593]LogConfig: Applying CVar settings from Section [TextureQuality@0] File [D:/Projektwoche 2019 IT-Projekt/Projektwoche_2019_IT-Projekt/PW_2019_ITProjekt/Saved/Config/Windows/Scalability.ini]
[2019.05.08-06.07.31:218][593]LogConfig: Setting CVar [[r.Streaming.MipBias:16]]
[2019.05.08-06.07.31:218][593]LogConfig: Setting CVar [[r.Streaming.AmortizeCPUToGPUCopy:1]]
[2019.05.08-06.07.31:218][593]LogConfig: Setting CVar [[r.Streaming.MaxNumTexturesToStreamPerFrame:1]]
[2019.05.08-06.07.31:218][593]LogConfig: Setting CVar [[r.Streaming.Boost:0.3]]
[2019.05.08-06.07.31:219][593]LogConfig: Setting CVar [[r.MaxAnisotropy:0]]
[2019.05.08-06.07.31:219][593]LogConfig: Setting CVar [[r.Streaming.LimitPoolSizeToVRAM:1]]
[2019.05.08-06.07.31:219][593]LogConfig: Setting CVar [[r.Streaming.PoolSize:400]]
[2019.05.08-06.07.31:219][593]LogConfig: Setting CVar [[r.Streaming.MaxEffectiveScreenSize:0]]
[2019.05.08-06.07.31:219][593]LogConfig: Applying CVar settings from Section [EffectsQuality@0] File [D:/Projektwoche 2019 IT-Projekt/Projektwoche_2019_IT-Projekt/PW_2019_ITProjekt/Saved/Config/Windows/Scalability.ini]
[2019.05.08-06.07.31:219][593]LogConfig: Setting CVar [[r.TranslucencyLightingVolumeDim:24]]
[2019.05.08-06.07.31:219][593]LogConfig: Setting CVar [[r.RefractionQuality:0]]
[2019.05.08-06.07.31:219][593]LogConfig: Setting CVar [[r.SSR.Quality:0]]
[2019.05.08-06.07.31:219][593]LogConfig: Setting CVar [[r.SceneColorFormat:3]]
[2019.05.08-06.07.31:219][593]LogConfig: Setting CVar [[r.DetailMode:0]]
[2019.05.08-06.07.31:219][593]LogConfig: Setting CVar [[r.TranslucencyVolumeBlur:0]]
[2019.05.08-06.07.31:219][593]LogConfig: Setting CVar [[r.MaterialQualityLevel:0 ; Low quality]]
[2019.05.08-06.07.31:219][593]LogConfig: Setting CVar [[r.SSS.Scale:0]]
[2019.05.08-06.07.31:219][593]LogConfig: Setting CVar [[r.SSS.SampleSet:0]]
[2019.05.08-06.07.31:219][593]LogConfig: Setting CVar [[r.SSS.Quality:0]]
[2019.05.08-06.07.31:219][593]LogConfig: Setting CVar [[r.SSS.HalfRes:1]]
[2019.05.08-06.07.31:219][593]LogConfig: Setting CVar [[r.EmitterSpawnRateScale:0.125]]
[2019.05.08-06.07.31:219][593]LogConfig: Setting CVar [[r.ParticleLightQuality:0]]
[2019.05.08-06.07.31:219][593]LogConfig: Applying CVar settings from Section [FoliageQuality@0] File [D:/Projektwoche 2019 IT-Projekt/Projektwoche_2019_IT-Projekt/PW_2019_ITProjekt/Saved/Config/Windows/Scalability.ini]
[2019.05.08-06.07.31:219][593]LogConfig: Setting CVar [[foliage.DensityScale:0]]
[2019.05.08-06.07.31:219][593]LogConfig: Setting CVar [[grass.DensityScale:0]]
[2019.05.08-06.07.31:233][593]LogMaterial: Display: Missing cached shader map for material WorldGridMaterial, compiling. Is special engine material.
[2019.05.08-06.09.05:341][593]LogShaderCompilers: Display: Shaders left to compile 760
[2019.05.08-06.09.05:341][593]LogShaderCompilers: Display: Shaders left to compile 750
[2019.05.08-06.09.05:341][593]LogShaderCompilers: Display: Shaders left to compile 740
[2019.05.08-06.09.05:341][593]LogShaderCompilers: Display: Shaders left to compile 730
[2019.05.08-06.09.05:341][593]LogShaderCompilers: Display: Shaders left to compile 720
[2019.05.08-06.09.05:341][593]LogShaderCompilers: Display: Shaders left to compile 710
[2019.05.08-06.09.05:341][593]LogShaderCompilers: Display: Shaders left to compile 700
[2019.05.08-06.09.05:341][593]LogShaderCompilers: Display: Shaders left to compile 690
[2019.05.08-06.09.05:341][593]LogShaderCompilers: Display: Shaders left to compile 680
[2019.05.08-06.09.05:341][593]LogShaderCompilers: Display: Shaders left to compile 670
[2019.05.08-06.09.05:341][593]LogShaderCompilers: Display: Shaders left to compile 660
[2019.05.08-06.09.05:341][593]LogShaderCompilers: Display: Shaders left to compile 650
[2019.05.08-06.09.05:341][593]LogShaderCompilers: Display: Shaders left to compile 640
[2019.05.08-06.09.05:341][593]LogShaderCompilers: Display: Shaders left to compile 630
[2019.05.08-06.09.05:341][593]LogShaderCompilers: Display: Shaders left to compile 620
[2019.05.08-06.09.05:341][593]LogShaderCompilers: Display: Shaders left to compile 610
[2019.05.08-06.09.05:341][593]LogShaderCompilers: Display: Shaders left to compile 600
[2019.05.08-06.09.05:341][593]LogShaderCompilers: Display: Shaders left to compile 590
[2019.05.08-06.09.05:341][593]LogShaderCompilers: Display: Shaders left to compile 580
[2019.05.08-06.09.05:341][593]LogShaderCompilers: Display: Shaders left to compile 570
[2019.05.08-06.09.05:341][593]LogShaderCompilers: Display: Shaders left to compile 560
[2019.05.08-06.09.05:341][593]LogShaderCompilers: Display: Shaders left to compile 550
[2019.05.08-06.09.05:341][593]LogShaderCompilers: Display: Shaders left to compile 540
[2019.05.08-06.09.05:341][593]LogShaderCompilers: Display: Shaders left to compile 530
[2019.05.08-06.09.05:341][593]LogShaderCompilers: Display: Shaders left to compile 520
[2019.05.08-06.09.05:341][593]LogShaderCompilers: Display: Shaders left to compile 510
[2019.05.08-06.09.05:341][593]LogShaderCompilers: Display: Shaders left to compile 500
[2019.05.08-06.09.05:341][593]LogShaderCompilers: Display: Shaders left to compile 490
[2019.05.08-06.09.05:341][593]LogShaderCompilers: Display: Shaders left to compile 480
[2019.05.08-06.09.05:341][593]LogShaderCompilers: Display: Shaders left to compile 470
[2019.05.08-06.09.05:341][593]LogShaderCompilers: Display: Shaders left to compile 460
[2019.05.08-06.09.05:341][593]LogShaderCompilers: Display: Shaders left to compile 450
[2019.05.08-06.09.05:341][593]LogShaderCompilers: Display: Shaders left to compile 440
[2019.05.08-06.09.05:341][593]LogShaderCompilers: Display: Shaders left to compile 430
[2019.05.08-06.09.05:341][593]LogShaderCompilers: Display: Shaders left to compile 420
[2019.05.08-06.09.05:341][593]LogShaderCompilers: Display: Shaders left to compile 410
[2019.05.08-06.09.05:341][593]LogShaderCompilers: Display: Shaders left to compile 400
[2019.05.08-06.09.05:342][593]LogShaderCompilers: Display: Shaders left to compile 390
[2019.05.08-06.09.05:342][593]LogShaderCompilers: Display: Shaders left to compile 380
[2019.05.08-06.09.05:342][593]LogShaderCompilers: Display: Shaders left to compile 370
[2019.05.08-06.09.05:342][593]LogShaderCompilers: Display: Shaders left to compile 360
[2019.05.08-06.09.05:342][593]LogShaderCompilers: Display: Shaders left to compile 350
[2019.05.08-06.09.05:342][593]LogShaderCompilers: Display: Shaders left to compile 340
[2019.05.08-06.09.05:342][593]LogShaderCompilers: Display: Shaders left to compile 330
[2019.05.08-06.09.05:342][593]LogShaderCompilers: Display: Shaders left to compile 320
[2019.05.08-06.09.05:342][593]LogShaderCompilers: Display: Shaders left to compile 310
[2019.05.08-06.09.05:342][593]LogShaderCompilers: Display: Shaders left to compile 300
[2019.05.08-06.09.05:342][593]LogShaderCompilers: Display: Shaders left to compile 290
[2019.05.08-06.09.05:342][593]LogShaderCompilers: Display: Shaders left to compile 280
[2019.05.08-06.09.05:342][593]LogShaderCompilers: Display: Shaders left to compile 270
[2019.05.08-06.09.05:342][593]LogShaderCompilers: Display: Shaders left to compile 260
[2019.05.08-06.09.05:342][593]LogShaderCompilers: Display: Shaders left to compile 250
[2019.05.08-06.09.05:342][593]LogShaderCompilers: Display: Shaders left to compile 240
[2019.05.08-06.09.05:342][593]LogShaderCompilers: Display: Shaders left to compile 230
[2019.05.08-06.09.05:342][593]LogShaderCompilers: Display: Shaders left to compile 220
[2019.05.08-06.09.05:342][593]LogShaderCompilers: Display: Shaders left to compile 210
[2019.05.08-06.09.05:342][593]LogShaderCompilers: Display: Shaders left to compile 200
[2019.05.08-06.09.05:342][593]LogShaderCompilers: Display: Shaders left to compile 190
[2019.05.08-06.09.05:342][593]LogShaderCompilers: Display: Shaders left to compile 180
[2019.05.08-06.09.05:342][593]LogShaderCompilers: Display: Shaders left to compile 170
[2019.05.08-06.09.05:342][593]LogShaderCompilers: Display: Shaders left to compile 160
[2019.05.08-06.09.05:342][593]LogShaderCompilers: Display: Shaders left to compile 150
[2019.05.08-06.09.05:342][593]LogShaderCompilers: Display: Shaders left to compile 140
[2019.05.08-06.09.05:342][593]LogShaderCompilers: Display: Shaders left to compile 130
[2019.05.08-06.09.05:342][593]LogShaderCompilers: Display: Shaders left to compile 120
[2019.05.08-06.09.05:342][593]LogShaderCompilers: Display: Shaders left to compile 110
[2019.05.08-06.09.05:342][593]LogShaderCompilers: Display: Shaders left to compile 100
[2019.05.08-06.09.05:342][593]LogShaderCompilers: Display: Shaders left to compile 90
[2019.05.08-06.09.05:342][593]LogShaderCompilers: Display: Shaders left to compile 80
[2019.05.08-06.09.05:342][593]LogShaderCompilers: Display: Shaders left to compile 70
[2019.05.08-06.09.05:342][593]LogShaderCompilers: Display: Shaders left to compile 60
[2019.05.08-06.09.05:342][593]LogShaderCompilers: Display: Shaders left to compile 50
[2019.05.08-06.09.05:342][593]LogShaderCompilers: Display: Shaders left to compile 40
[2019.05.08-06.09.05:342][593]LogShaderCompilers: Display: Shaders left to compile 30
[2019.05.08-06.09.05:342][593]LogShaderCompilers: Display: Shaders left to compile 20
[2019.05.08-06.09.05:342][593]LogShaderCompilers: Display: Shaders left to compile 10
[2019.05.08-06.09.05:342][593]LogMaterial: Display: Missing cached shader map for material DefaultDeferredDecalMaterial, compiling. 
[2019.05.08-06.09.27:080][593]LogShaderCompilers: Display: Shaders left to compile 100
[2019.05.08-06.09.27:080][593]LogShaderCompilers: Display: Shaders left to compile 90
[2019.05.08-06.09.27:080][593]LogShaderCompilers: Display: Shaders left to compile 80
[2019.05.08-06.09.27:080][593]LogShaderCompilers: Display: Shaders left to compile 70
[2019.05.08-06.09.27:080][593]LogShaderCompilers: Display: Shaders left to compile 60
[2019.05.08-06.09.27:080][593]LogShaderCompilers: Display: Shaders left to compile 50
[2019.05.08-06.09.27:081][593]LogShaderCompilers: Display: Shaders left to compile 40
[2019.05.08-06.09.27:081][593]LogShaderCompilers: Display: Shaders left to compile 30
[2019.05.08-06.09.27:081][593]LogShaderCompilers: Display: Shaders left to compile 20
[2019.05.08-06.09.27:081][593]LogShaderCompilers: Display: Shaders left to compile 10
[2019.05.08-06.09.27:081][593]LogMaterial: Display: Missing cached shader map for material DefaultLightFunctionMaterial, compiling. 
[2019.05.08-06.09.28:632][593]LogShaderCompilers: Display: Shaders left to compile 20
[2019.05.08-06.09.28:632][593]LogShaderCompilers: Display: Shaders left to compile 10
[2019.05.08-06.09.28:632][593]LogMaterial: Display: Missing cached shader map for material DefaultPostProcessMaterial, compiling. 
[2019.05.08-06.09.29:688][593]LogShaderCompilers: Display: Shaders left to compile 10
[2019.05.08-06.09.29:688][593]LogMaterial: Display: Missing cached shader map for material WireframeMaterial, compiling. Is special engine material.
[2019.05.08-06.09.29:775][593]LogMaterial: Display: Missing cached shader map for material HelpActorMaterial, compiling. 
[2019.05.08-06.09.29:798][593]LogShaderCompilers: Display: Shaders left to compile 250
[2019.05.08-06.09.29:798][593]LogShaderCompilers: Display: Shaders left to compile 240
[2019.05.08-06.09.29:798][593]LogShaderCompilers: Display: Shaders left to compile 230
[2019.05.08-06.09.29:798][593]LogMaterial: Display: Missing cached shader map for material M_ChromeBall, compiling. 
[2019.05.08-06.09.29:850][593]LogMaterial: Display: Missing cached shader map for material DefaultTextMaterialOpaque, compiling. 
[2019.05.08-06.09.29:875][593]LogMaterial: Display: Missing cached shader map for material BaseFlattenMaterial, compiling. 
[2019.05.08-06.09.29:907][593]LogMaterial: Display: Missing cached shader map for material Widget3DPassThrough, compiling. 
[2019.05.08-06.09.29:921][593]LogMaterial: Display: Missing cached shader map for material Main, compiling. 
[2019.05.08-06.09.29:934][593]LogMaterial: Display: Missing cached shader map for material Xray, compiling. 
[2019.05.08-06.09.29:955][593]LogMaterial: Display: Missing cached shader map for material TransformGizmoMaterial, compiling. 
[2019.05.08-06.09.29:966][593]LogMaterial: Display: Missing cached shader map for material TranslucentTransformGizmoMaterial, compiling. 
[2019.05.08-06.09.29:982][593]LogMaterial: Display: Missing cached shader map for material CineMat, compiling. 
[2019.05.08-06.09.30:012][593]LogMaterial: Display: Missing cached shader map for material M_SimpleOpaque, compiling. 
[2019.05.08-06.09.30:029][593]LogMaterial: Display: Missing cached shader map for material M_SimpleTranslucent, compiling. 
[2019.05.08-06.09.30:051][593]LogMaterial: Display: Missing cached shader map for material SkySphereMaterial, compiling. 
[2019.05.08-06.09.30:064][593]LogMaterial: Display: Missing cached shader map for material FloorPlaneMaterial, compiling. 
[2019.05.08-06.09.30:089][593]LogMaterial: Display: Missing cached shader map for material LandscapeGizmo_Mat, compiling. 
[2019.05.08-06.09.30:101][593]LogMaterial: Display: Missing cached shader map for material LandscapeGizmoHeight_Mat, compiling. 
[2019.05.08-06.09.30:133][593]LogMaterial: Display: Missing cached shader map for material SplineEditorMeshMat, compiling. 
[2019.05.08-06.09.30:150][593]LogMaterial: Display: Missing cached shader map for material DefaultSpriteMaterial, compiling. 
[2019.05.08-06.09.30:162][593]LogMaterial: Display: Missing cached shader map for material BaseColor, compiling. 
[2019.05.08-06.09.30:172][593]LogMaterial: Display: Missing cached shader map for material CustomDepth, compiling. 
[2019.05.08-06.09.30:181][593]LogMaterial: Display: Missing cached shader map for material CustomStencil, compiling. 
[2019.05.08-06.09.30:192][593]LogMaterial: Display: Missing cached shader map for material FinalImage, compiling. 
[2019.05.08-06.09.30:201][593]LogMaterial: Display: Missing cached shader map for material LightingModel, compiling. 
[2019.05.08-06.09.30:209][593]LogMaterial: Display: Missing cached shader map for material MaterialAO, compiling. 
[2019.05.08-06.09.30:218][593]LogMaterial: Display: Missing cached shader map for material Metallic, compiling. 
[2019.05.08-06.09.30:227][593]LogMaterial: Display: Missing cached shader map for material Opacity, compiling. 
[2019.05.08-06.09.30:235][593]LogMaterial: Display: Missing cached shader map for material Roughness, compiling. 
[2019.05.08-06.09.30:243][593]LogMaterial: Display: Missing cached shader map for material SceneColor, compiling. 
[2019.05.08-06.09.30:253][593]LogMaterial: Display: Missing cached shader map for material SceneDepth, compiling. 
[2019.05.08-06.09.30:261][593]LogMaterial: Display: Missing cached shader map for material SeparateTranslucencyRGB, compiling. 
[2019.05.08-06.09.30:270][593]LogMaterial: Display: Missing cached shader map for material SeparateTranslucencyA, compiling. 
[2019.05.08-06.09.30:280][593]LogMaterial: Display: Missing cached shader map for material Specular, compiling. 
[2019.05.08-06.09.30:290][593]LogMaterial: Display: Missing cached shader map for material SubsurfaceColor, compiling. 
[2019.05.08-06.09.30:298][593]LogMaterial: Display: Missing cached shader map for material WorldNormal, compiling. 
[2019.05.08-06.09.30:307][593]LogMaterial: Display: Missing cached shader map for material AmbientOcclusion, compiling. 
[2019.05.08-06.09.30:319][593]LogMaterial: Display: Missing cached shader map for material CustomDepthWorldUnits, compiling. 
[2019.05.08-06.09.30:327][593]LogMaterial: Display: Missing cached shader map for material SceneDepthWorldUnits, compiling. 
[2019.05.08-06.09.30:337][593]LogMaterial: Display: Missing cached shader map for material Velocity, compiling. 
[2019.05.08-06.09.30:348][593]LogMaterial: Display: Missing cached shader map for material PreTonemapHDRColor, compiling. 
[2019.05.08-06.09.30:359][593]LogMaterial: Display: Missing cached shader map for material PostTonemapHDRColor, compiling. 
[2019.05.08-06.09.30:377][593]LogMaterial: Display: Missing cached shader map for material DefaultMaterial, compiling. 
[2019.05.08-06.09.30:449][593]LogMaterial: Display: Missing cached shader map for material GearVRControllerMaterial, compiling. 
[2019.05.08-06.09.30:470][593]LogMaterial: Display: Missing cached shader map for material touchController_mat, compiling. 
[2019.05.08-06.09.30:508][593]LogMaterial: Display: Missing cached shader map for material PokeAHoleMaterial, compiling. 
[2019.05.08-06.09.30:523][593]LogMaterial: Display: Missing cached shader map for material RevitMaster, compiling. 
[2019.05.08-06.09.30:566][593]LogMaterial: Display: Missing cached shader map for material SketchUpMaster, compiling. 
[2019.05.08-06.09.30:609][593]LogMaterial: Display: Missing cached shader map for material CE_OpaqueMaster, compiling. 
[2019.05.08-06.09.30:651][593]LogMaterial: Display: Missing cached shader map for material CE_OpacityMaster, compiling. 
[2019.05.08-06.09.30:678][593]LogMaterial: Display: Missing cached shader map for material CE_OpacitySimpleMaster, compiling. 
[2019.05.08-06.09.30:746][593]LogMaterial: Display: Missing cached shader map for material Datasmith_Color, compiling. 
[2019.05.08-06.09.30:785][593]LogMaterial: Display: Missing cached shader map for material Datasmith_Material, compiling. 
[2019.05.08-06.09.30:822][593]LogMaterial: Display: Missing cached shader map for material HighResScreenshot, compiling. 
[2019.05.08-06.09.30:835][593]LogMaterial: Display: Missing cached shader map for material HighResScreenshotMask, compiling. 
[2019.05.08-06.09.30:852][593]LogMaterial: Display: Missing cached shader map for material HighResScreenshotCaptureRegion, compiling. 
[2019.05.08-06.09.30:862][593]LogMaterial: Display: Missing cached shader map for material MatineeCam_mat, compiling. 
[2019.05.08-06.09.30:879][593]LogMaterial: Display: Missing cached shader map for material LevelColorationLitMaterial, compiling. Is special engine material.
[2019.05.08-06.09.31:261][593]LogMaterial: Display: Missing cached shader map for material LevelColorationUnlitMaterial, compiling. Is special engine material.
[2019.05.08-06.09.31:345][593]LogMaterial: Display: Missing cached shader map for material MAT_LevelColorationLitLightmapUV, compiling. Is special engine material.
[2019.05.08-06.09.31:703][593]LogMaterial: Display: Missing cached shader map for material ShadedLevelColorationLitMaterial, compiling. Is special engine material.
[2019.05.08-06.09.32:069][593]LogMaterial: Display: Missing cached shader map for material ShadedLevelColorationUnlitMateri, compiling. Is special engine material.
[2019.05.08-06.09.32:158][593]LogMaterial: Display: Missing cached shader map for material VertexColorMaterial, compiling. 
[2019.05.08-06.09.32:230][593]LogMaterial: Display: Missing cached shader map for material VertexColorViewMode_ColorOnly, compiling. 
[2019.05.08-06.09.32:251][593]LogMaterial: Display: Missing cached shader map for material VertexColorViewMode_AlphaAsColor, compiling. 
[2019.05.08-06.09.32:271][593]LogMaterial: Display: Missing cached shader map for material VertexColorViewMode_RedOnly, compiling. 
[2019.05.08-06.09.32:294][593]LogMaterial: Display: Missing cached shader map for material VertexColorViewMode_GreenOnly, compiling. 
[2019.05.08-06.09.32:312][593]LogMaterial: Display: Missing cached shader map for material VertexColorViewMode_BlueOnly, compiling. 
[2019.05.08-06.09.32:328][593]LogMaterial: Display: Missing cached shader map for material RemoveSurfaceMaterial, compiling. 
[2019.05.08-06.09.32:336][593]LogMaterial: Display: Missing cached shader map for material DebugMeshMaterial, compiling. 
[2019.05.08-06.09.32:347][593]LogMaterial: Display: Missing cached shader map for material M_InvalidLightmapSettings, compiling. 
[2019.05.08-06.09.32:376][593]LogMaterial: Display: Missing cached shader map for material GizmoMaterial, compiling. 
[2019.05.08-06.09.32:386][593]LogMaterial: Display: Missing cached shader map for material PhAT_JointLimitMaterial, compiling. 
[2019.05.08-06.09.32:400][593]LogMaterial: Display: Missing cached shader map for material GeomMaterial, compiling. 
[2019.05.08-06.09.32:413][593]LogMaterial: Display: Missing cached shader map for material EditorBrushMaterial, compiling. 
[2019.05.08-06.09.32:425][593]LogMaterial: Display: Missing cached shader map for material BoneWeightMaterial, compiling. 
[2019.05.08-06.09.32:495][593]LogMaterial: Display: Missing cached shader map for material ClothMaterial, compiling. 
[2019.05.08-06.09.32:507][593]LogMaterial: Display: Missing cached shader map for material ClothMaterial_WF, compiling. 
[2019.05.08-06.09.32:521][593]LogMaterial: Display: Missing cached shader map for material DebugEditorMaterial, compiling. 
[2019.05.08-06.09.32:533][593]LogMaterial: Display: Missing cached shader map for material PreviewShadowIndicatorMaterial, compiling. 
[2019.05.08-06.09.32:545][593]LogMaterial: Display: Missing cached shader map for material Cross_Mat, compiling. 
[2019.05.08-06.09.32:560][593]LogMaterial: Display: Missing cached shader map for material PhAT_BoneSelectedMaterial, compiling. 
[2019.05.08-06.09.32:570][593]LogMaterial: Display: Missing cached shader map for material PhAT_ElemSelectedMaterial, compiling. 
[2019.05.08-06.09.32:580][593]LogMaterial: Display: Missing cached shader map for material PhAT_NoCollisionMaterial, compiling. 
[2019.05.08-06.09.32:591][593]LogMaterial: Display: Missing cached shader map for material PhAT_UnselectedMaterial, compiling. 
[2019.05.08-06.09.32:601][593]LogMaterial: Display: Missing cached shader map for material Tick_Mat, compiling. 
[2019.05.08-06.09.32:613][593]LogMaterial: Display: Missing cached shader map for material WidgetGridVertexColorMaterial_Ma, compiling. 
[2019.05.08-06.09.32:624][593]LogMaterial: Display: Missing cached shader map for material WidgetMaterial, compiling. 
[2019.05.08-06.09.32:635][593]LogMaterial: Display: Missing cached shader map for material WidgetMaterial_Current, compiling. 
[2019.05.08-06.09.32:646][593]LogMaterial: Display: Missing cached shader map for material WidgetMaterial_X, compiling. 
[2019.05.08-06.09.32:659][593]LogMaterial: Display: Missing cached shader map for material WidgetMaterial_Y, compiling. 
[2019.05.08-06.09.32:672][593]LogMaterial: Display: Missing cached shader map for material WidgetMaterial_Z, compiling. 
[2019.05.08-06.09.32:683][593]LogMaterial: Display: Missing cached shader map for material WidgetVertexColorMaterial, compiling. 
[2019.05.08-06.09.32:697][593]LogMaterial: Display: Missing cached shader map for material LevelGridMaterial, compiling. 
[2019.05.08-06.09.32:713][593]LogMaterial: Display: Missing cached shader map for material BlinkingCaret, compiling. 
[2019.05.08-06.09.32:724][593]LogMaterial: Display: Missing cached shader map for material M_StreamingPause, compiling. 
[2019.05.08-06.09.32:735][593]LogMaterial: Display: Missing cached shader map for material OculusMR_WhiteMaterial, compiling. 
[2019.05.08-06.09.32:747][593]LogMaterial: Display: Missing cached shader map for material OculusMR_ChromaKey, compiling. 
[2019.05.08-06.09.32:761][593]LogMaterial: Display: Missing cached shader map for material OculusMR_ChromaKey_Lit, compiling. 
[2019.05.08-06.09.32:788][593]LogMaterial: Display: Missing cached shader map for material OculusMR_OpaqueColoredMaterial, compiling. 
[2019.05.08-06.09.32:808][593]LogMaterial: Display: Missing cached shader map for material Phong, compiling. 
[2019.05.08-06.09.32:898][593]LogMaterial: Display: Missing cached shader map for material Plastic, compiling. 
[2019.05.08-06.09.32:942][593]LogMaterial: Display: Missing cached shader map for material Glass, compiling. 
[2019.05.08-06.09.33:006][593]LogMaterial: Display: Missing cached shader map for material DeltaGenMaster, compiling. 
[2019.05.08-06.09.33:024][593]LogMaterial: Display: Missing cached shader map for material DeltaGenMasterTransparent, compiling. 
[2019.05.08-06.09.33:051][593]LogMaterial: Display: Missing cached shader map for material M_Sky_Panning_Clouds2, compiling. 
[2019.05.08-06.09.33:060][593]LogMaterial: Display: Missing cached shader map for material LevelGridMaterial2, compiling. 
[2019.05.08-06.09.33:074][593]LogMaterial: Display: Missing cached shader map for material GridMaterial, compiling. 
[2019.05.08-06.09.33:097][593]LogMaterial: Display: Missing cached shader map for material PersonaFloorMat, compiling. 
[2019.05.08-06.09.33:126][593]LogMaterial: Display: Missing cached shader map for material M_SkyBox, compiling. 
[2019.05.08-06.09.33:135][593]LogMaterial: Display: Missing cached shader map for material HoveredFaceMaterial, compiling. 
[2019.05.08-06.09.33:145][593]LogMaterial: Display: Missing cached shader map for material HoveredGeometryMaterial, compiling. 
[2019.05.08-06.09.33:155][593]LogMaterial: Display: Missing cached shader map for material OverlayLineMaterial, compiling. 
[2019.05.08-06.09.33:166][593]LogMaterial: Display: Missing cached shader map for material OverlayPointMaterial, compiling. 
[2019.05.08-06.09.33:181][593]LogMaterial: Display: Missing cached shader map for material WireMaterial, compiling. 
[2019.05.08-06.09.33:196][593]LogMaterial: Display: Missing cached shader map for material Widget3DPassThrough, compiling. 
[2019.05.08-06.09.33:210][593]LogMaterial: Display: Missing cached shader map for material Widget3DPassThrough, compiling. 
[2019.05.08-06.09.33:221][593]LogMaterial: Display: Missing cached shader map for material Widget3DPassThrough, compiling. 
[2019.05.08-06.09.33:230][593]LogMaterial: Display: Missing cached shader map for material Widget3DPassThrough, compiling. 
[2019.05.08-06.09.33:246][593]LogMaterial: Display: Missing cached shader map for material Widget3DPassThrough, compiling. 
[2019.05.08-06.09.33:263][593]LogMaterial: Display: Missing cached shader map for material DefaultSpriteMaterial, compiling. 
[2019.05.08-06.09.33:311][594]LogUnrealEdMisc: Warning: Heartbeat event firing too frequently (0.000 sec). This should never happen. Something is wrong with the timer delegate!
[2019.05.08-06.09.33:324][595]LogRenderer: Reallocating scene render targets to support 1056x868 Format 9 NumSamples 1 (Frame:694).
[2019.05.08-06.09.33:745][598]LogContentStreaming: Texture pool size now 400 MB
[2019.05.08-06.10.01:870][ 79]LogUnrealEdMisc: Warning: Heartbeat event firing too frequently (28.559 sec). This should never happen. Something is wrong with the timer delegate!
[2019.05.08-06.10.54:966][948]LogEditorViewport: Clicking on Actor (LMB): StaticMeshActor (Floor)
[2019.05.08-06.11.12:162][212]LogSlate: FSceneViewport::OnFocusLost() reason 2
[2019.05.08-06.11.16:746][254]LogSlate: FSceneViewport::OnFocusLost() reason 0
[2019.05.08-06.11.40:834][471]LogSlate: FSceneViewport::OnFocusLost() reason 0
[2019.05.08-06.11.53:669][547]LogSlate: Window 'Scalability Options' being destroyed
