Log file open, 05/07/19 09:34:41
LogWindows: Failed to load 'aqProf.dll' (GetLastError=126)
LogWindows: File 'aqProf.dll' does not exist
LogWindows: Failed to load 'VtuneApi.dll' (GetLastError=126)
LogWindows: File 'VtuneApi.dll' does not exist
LogWindows: Failed to load 'VtuneApi32e.dll' (GetLastError=126)
LogWindows: File 'VtuneApi32e.dll' does not exist
LogConsoleResponse: Display: Failed to find resolution value strings in scalability ini. Falling back to default.
LogInit: Display: Running engine for game: PW_2019_ITProjekt
LogPakFile: Registered encryption key '00000000000000000000000000000000': 0 pak files mounted, 0 remain pending
LogPlatformFile: Not using cached read wrapper
LogTaskGraph: Started task graph with 5 named threads and 14 total threads with 3 sets of task threads.
LogStats: Stats thread started at 0.728994
LogD3D11RHI: Loaded GFSDK_Aftermath_Lib.x64.dll
LogICUInternationalization: ICU TimeZone Detection - Raw Offset: +1:00, Platform Override: ''
LogPluginManager: Mounting plugin Paper2D
LogPluginManager: Mounting plugin AISupport
LogPluginManager: Mounting plugin LightPropagationVolume
LogPluginManager: Mounting plugin ActorLayerUtilities
LogPluginManager: Mounting plugin AnimationSharing
LogPluginManager: Mounting plugin CLionSourceCodeAccess
LogPluginManager: Mounting plugin CodeLiteSourceCodeAccess
LogPluginManager: Mounting plugin GitSourceControl
LogPluginManager: Mounting plugin KDevelopSourceCodeAccess
LogPluginManager: Mounting plugin NullSourceCodeAccess
LogPluginManager: Mounting plugin PerforceSourceControl
LogPluginManager: Mounting plugin SubversionSourceControl
LogPluginManager: Mounting plugin UObjectPlugin
LogPluginManager: Mounting plugin VisualStudioCodeSourceCodeAccess
LogPluginManager: Mounting plugin VisualStudioSourceCodeAccess
LogPluginManager: Mounting plugin XCodeSourceCodeAccess
LogPluginManager: Mounting plugin AssetManagerEditor
LogPluginManager: Mounting plugin CryptoKeys
LogPluginManager: Mounting plugin DataValidation
LogPluginManager: Mounting plugin EditorScriptingUtilities
LogPluginManager: Mounting plugin FacialAnimation
LogPluginManager: Mounting plugin GameplayTagsEditor
LogPluginManager: Mounting plugin GLTFImporter
LogPluginManager: Mounting plugin MacGraphicsSwitching
LogPluginManager: Mounting plugin MaterialAnalyzer
LogPluginManager: Mounting plugin MeshEditor
LogPluginManager: Mounting plugin MobileLauncherProfileWizard
LogPluginManager: Mounting plugin PluginBrowser
LogPluginManager: Mounting plugin SpeedTreeImporter
LogPluginManager: Mounting plugin DatasmithContent
LogPluginManager: Mounting plugin VariantManagerContent
LogPluginManager: Mounting plugin AlembicImporter
LogPluginManager: Mounting plugin AppleImageUtils
LogPluginManager: Mounting plugin AppleVision
LogPluginManager: Mounting plugin BackChannel
LogPluginManager: Mounting plugin BlastPlugin
LogPluginManager: Mounting plugin ChaosSolverPlugin
LogPluginManager: Mounting plugin CharacterAI
LogPluginManager: Mounting plugin GeometryCache
LogPluginManager: Mounting plugin GeometryCollectionPlugin
LogPluginManager: Mounting plugin HTML5Networking
LogPluginManager: Mounting plugin ProxyLODPlugin
LogPluginManager: Mounting plugin SkeletalReduction
LogPluginManager: Mounting plugin MagicLeap
LogPluginManager: Mounting plugin MagicLeapMedia
LogPluginManager: Mounting plugin AndroidMedia
LogPluginManager: Mounting plugin AvfMedia
LogPluginManager: Mounting plugin ImgMedia
LogPluginManager: Mounting plugin LinearTimecode
LogPluginManager: Mounting plugin MediaCompositing
LogPluginManager: Mounting plugin MediaPlayerEditor
LogPluginManager: Mounting plugin WebMMedia
LogPluginManager: Mounting plugin WmfMedia
LogPluginManager: Mounting plugin TcpMessaging
LogPluginManager: Mounting plugin UdpMessaging
LogPluginManager: Mounting plugin ActorSequence
LogPluginManager: Mounting plugin LevelSequenceEditor
LogPluginManager: Mounting plugin MatineeToLevelSequence
LogPluginManager: Mounting plugin NetcodeUnitTest
LogPluginManager: Mounting plugin NUTUnrealEngine4
LogPluginManager: Mounting plugin OnlineSubsystemGooglePlay
LogPluginManager: Mounting plugin OnlineSubsystemIOS
LogPluginManager: Mounting plugin OnlineSubsystem
LogPluginManager: Mounting plugin OnlineSubsystemNull
LogPluginManager: Mounting plugin OnlineSubsystemUtils
LogPluginManager: Mounting plugin LauncherChunkInstaller
LogPluginManager: Mounting plugin AndroidDeviceProfileSelector
LogPluginManager: Mounting plugin AndroidMoviePlayer
LogPluginManager: Mounting plugin AndroidPermission
LogPluginManager: Mounting plugin AppleMoviePlayer
LogPluginManager: Mounting plugin ArchVisCharacter
LogPluginManager: Mounting plugin AudioCapture
LogPluginManager: Mounting plugin CableComponent
LogPluginManager: Mounting plugin CustomMeshComponent
LogPluginManager: Mounting plugin EditableMesh
LogPluginManager: Mounting plugin ExampleDeviceProfileSelector
LogPluginManager: Mounting plugin Firebase
LogPluginManager: Mounting plugin GoogleCloudMessaging
LogPluginManager: Mounting plugin IOSDeviceProfileSelector
LogPluginManager: Mounting plugin LinuxDeviceProfileSelector
LogPluginManager: Mounting plugin LocationServicesBPLibrary
LogPluginManager: Mounting plugin MobilePatchingUtils
LogPluginManager: Mounting plugin OculusVR
LogPluginManager: Mounting plugin PhysXVehicles
LogPluginManager: Mounting plugin ProceduralMeshComponent
LogPluginManager: Mounting plugin RuntimePhysXCooking
LogPluginManager: Mounting plugin SignificanceManager
LogPluginManager: Mounting plugin SteamVR
LogPluginManager: Mounting plugin WebMMoviePlayer
LogPluginManager: Mounting plugin WindowsMoviePlayer
LogPluginManager: Mounting plugin DatasmithCADImporter
LogPluginManager: Mounting plugin DatasmithDataPrepEditor
LogPluginManager: Mounting plugin DatasmithFBXImporter
LogPluginManager: Mounting plugin DatasmithGLTFImporter
LogPluginManager: Mounting plugin DatasmithImporter
LogPluginManager: Mounting plugin MDLImporter
LogPluginManager: Mounting plugin StaticMeshEditorExtension
LogPluginManager: Mounting plugin VariantManager
LogInit: Using libcurl 7.55.1-DEV
LogInit:  - built for x86_64-pc-win32
LogInit:  - supports SSL with OpenSSL/1.1.1
LogInit:  - supports HTTP deflate (compression) using libz 1.2.8
LogInit:  - other features:
LogInit:      CURL_VERSION_SSL
LogInit:      CURL_VERSION_LIBZ
LogInit:      CURL_VERSION_IPV6
LogInit:      CURL_VERSION_ASYNCHDNS
LogInit:      CURL_VERSION_LARGEFILE
LogInit:      CURL_VERSION_IDN
LogInit:  CurlRequestOptions (configurable via config and command line):
LogInit:  - bVerifyPeer = true  - Libcurl will verify peer certificate
LogInit:  - bUseHttpProxy = false  - Libcurl will NOT use HTTP proxy
LogInit:  - bDontReuseConnections = false  - Libcurl will reuse connections
LogInit:  - MaxHostConnections = 16  - Libcurl will limit the number of connections to a host
LogInit:  - LocalHostAddr = Default
LogInit:  - BufferSize = 65536
LogInit: WinSock: version 1.1 (2.2), MaxSocks=32767, MaxUdp=65467
LogInit: Build: ++UE4+Release-4.22-CL-6063286
LogInit: Engine Version: 4.22.1-6063286+++UE4+Release-4.22
LogInit: Compatible Engine Version: 4.22.0-5660361+++UE4+Release-4.22
LogInit: Net CL: 5660361
LogInit: OS: Windows 10 (Release 1809) (), CPU: Intel(R) Core(TM) i5-4460  CPU @ 3.20GHz, GPU: Intel(R) HD Graphics 4600
LogInit: Compiled (64-bit): Apr 24 2019 04:36:48
LogInit: Compiled with Visual C++: 19.16.27025.01
LogInit: Build Configuration: Development
LogInit: Branch Name: ++UE4+Release-4.22
LogInit: Command Line: 
LogInit: Base Directory: C:/Program Files/Epic Games/UE_4.22/Engine/Binaries/Win64/
LogInit: Installed Engine Build: 1
LogDevObjectVersion: Number of dev versions registered: 23
LogDevObjectVersion:   Dev-Blueprints (B0D832E4-1F89-4F0D-ACCF-7EB736FD4AA2): 10
LogDevObjectVersion:   Dev-Build (E1C64328-A22C-4D53-A36C-8E866417BD8C): 0
LogDevObjectVersion:   Dev-Core (375EC13C-06E4-48FB-B500-84F0262A717E): 3
LogDevObjectVersion:   Dev-Editor (E4B068ED-F494-42E9-A231-DA0B2E46BB41): 30
LogDevObjectVersion:   Dev-Framework (CFFC743F-43B0-4480-9391-14DF171D2073): 35
LogDevObjectVersion:   Dev-Mobile (B02B49B5-BB20-44E9-A304-32B752E40360): 2
LogDevObjectVersion:   Dev-Networking (A4E4105C-59A1-49B5-A7C5-40C4547EDFEE): 0
LogDevObjectVersion:   Dev-Online (39C831C9-5AE6-47DC-9A44-9C173E1C8E7C): 0
LogDevObjectVersion:   Dev-Physics (78F01B33-EBEA-4F98-B9B4-84EACCB95AA2): 0
LogDevObjectVersion:   Dev-Platform (6631380F-2D4D-43E0-8009-CF276956A95A): 0
LogDevObjectVersion:   Dev-Rendering (12F88B9F-8875-4AFC-A67C-D90C383ABD29): 28
LogDevObjectVersion:   Dev-Sequencer (7B5AE74C-D270-4C10-A958-57980B212A5A): 11
LogDevObjectVersion:   Dev-VR (D7296918-1DD6-4BDD-9DE2-64A83CC13884): 2
LogDevObjectVersion:   Dev-LoadTimes (C2A15278-BFE7-4AFE-6C17-90FF531DF755): 1
LogDevObjectVersion:   Private-Geometry (6EACA3D4-40EC-4CC1-B786-8BED09428FC5): 3
LogDevObjectVersion:   Dev-AnimPhys (29E575DD-E0A3-4627-9D10-D276232CDCEA): 17
LogDevObjectVersion:   Dev-Anim (AF43A65D-7FD3-4947-9873-3E8ED9C1BB05): 2
LogDevObjectVersion:   Dev-ReflectionCapture (6B266CEC-1EC7-4B8F-A30B-E4D90942FC07): 1
LogDevObjectVersion:   Dev-Automation (0DF73D61-A23F-47EA-B727-89E90C41499A): 1
LogDevObjectVersion:   FortniteMain (601D1886-AC64-4F84-AA16-D3DE0DEAC7D6): 25
LogDevObjectVersion:   Dev-Enterprise (9DFFBCD6-494F-0158-E221-12823C92A888): 6
LogDevObjectVersion:   Dev-Niagara (F2AED0AC-9AFE-416F-8664-AA7FFA26D6FC): 1
LogDevObjectVersion:   Dev-Destruction (174F1F0B-B4C6-45A5-B13F-2EE8D0FB917D): 2
LogInit: Presizing for max 16777216 objects, including 0 objects not considered by GC, pre-allocating 0 bytes for permanent pool.
LogInit: Object subsystem initialized
LogConfig: Setting CVar [[con.DebugEarlyDefault:1]]
LogConfig: Setting CVar [[r.setres:1280x720]]
[2019.05.07-07.34.42:653][  0]LogConfig: Setting CVar [[r.VSync:0]]
[2019.05.07-07.34.42:653][  0]LogConfig: Setting CVar [[r.RHICmdBypass:0]]
[2019.05.07-07.34.42:653][  0]LogConfig: Applying CVar settings from Section [/Script/Engine.RendererSettings] File [D:/Projektwoche 2019 IT-Projekt/Projektwoche_2019_IT-Projekt/PW_2019_ITProjekt/Saved/Config/Windows/Engine.ini]
[2019.05.07-07.34.42:653][  0]LogConfig: Setting CVar [[r.GPUCrashDebugging:0]]
[2019.05.07-07.34.42:653][  0]LogConfig: Setting CVar [[r.DefaultFeature.AutoExposure.ExtendDefaultLuminanceRange:1]]
[2019.05.07-07.34.42:653][  0]LogConfig: Applying CVar settings from Section [/Script/Engine.RendererOverrideSettings] File [D:/Projektwoche 2019 IT-Projekt/Projektwoche_2019_IT-Projekt/PW_2019_ITProjekt/Saved/Config/Windows/Engine.ini]
[2019.05.07-07.34.42:653][  0]LogConfig: Applying CVar settings from Section [/Script/Engine.StreamingSettings] File [D:/Projektwoche 2019 IT-Projekt/Projektwoche_2019_IT-Projekt/PW_2019_ITProjekt/Saved/Config/Windows/Engine.ini]
[2019.05.07-07.34.42:653][  0]LogConfig: Setting CVar [[s.MinBulkDataSizeForAsyncLoading:131072]]
[2019.05.07-07.34.42:653][  0]LogConfig: Setting CVar [[s.AsyncLoadingThreadEnabled:0]]
[2019.05.07-07.34.42:653][  0]LogConfig: Setting CVar [[s.EventDrivenLoaderEnabled:1]]
[2019.05.07-07.34.42:653][  0]LogConfig: Setting CVar [[s.WarnIfTimeLimitExceeded:0]]
[2019.05.07-07.34.42:653][  0]LogConfig: Setting CVar [[s.TimeLimitExceededMultiplier:1.5]]
[2019.05.07-07.34.42:653][  0]LogConfig: Setting CVar [[s.TimeLimitExceededMinTime:0.005]]
[2019.05.07-07.34.42:653][  0]LogConfig: Setting CVar [[s.UseBackgroundLevelStreaming:1]]
[2019.05.07-07.34.42:653][  0]LogConfig: Setting CVar [[s.PriorityAsyncLoadingExtraTime:15.0]]
[2019.05.07-07.34.42:653][  0]LogConfig: Setting CVar [[s.LevelStreamingActorsUpdateTimeLimit:5.0]]
[2019.05.07-07.34.42:653][  0]LogConfig: Setting CVar [[s.PriorityLevelStreamingActorsUpdateExtraTime:5.0]]
[2019.05.07-07.34.42:653][  0]LogConfig: Setting CVar [[s.LevelStreamingComponentsRegistrationGranularity:10]]
[2019.05.07-07.34.42:653][  0]LogConfig: Setting CVar [[s.UnregisterComponentsTimeLimit:1.0]]
[2019.05.07-07.34.42:653][  0]LogConfig: Setting CVar [[s.LevelStreamingComponentsUnregistrationGranularity:5]]
[2019.05.07-07.34.42:653][  0]LogConfig: Applying CVar settings from Section [/Script/Engine.GarbageCollectionSettings] File [D:/Projektwoche 2019 IT-Projekt/Projektwoche_2019_IT-Projekt/PW_2019_ITProjekt/Saved/Config/Windows/Engine.ini]
[2019.05.07-07.34.42:653][  0]LogConfig: Setting CVar [[gc.MaxObjectsNotConsideredByGC:1]]
[2019.05.07-07.34.42:653][  0]LogConfig: Setting CVar [[gc.SizeOfPermanentObjectPool:0]]
[2019.05.07-07.34.42:653][  0]LogConfig: Setting CVar [[gc.FlushStreamingOnGC:0]]
[2019.05.07-07.34.42:653][  0]LogConfig: Setting CVar [[gc.NumRetriesBeforeForcingGC:10]]
[2019.05.07-07.34.42:653][  0]LogConfig: Setting CVar [[gc.AllowParallelGC:1]]
[2019.05.07-07.34.42:653][  0]LogConfig: Setting CVar [[gc.TimeBetweenPurgingPendingKillObjects:61.1]]
[2019.05.07-07.34.42:653][  0]LogConfig: Setting CVar [[gc.MaxObjectsInEditor:16777216]]
[2019.05.07-07.34.42:653][  0]LogConfig: Setting CVar [[gc.IncrementalBeginDestroyEnabled:1]]
[2019.05.07-07.34.42:653][  0]LogConfig: Setting CVar [[gc.CreateGCClusters:1]]
[2019.05.07-07.34.42:653][  0]LogConfig: Setting CVar [[gc.MinGCClusterSize:5]]
[2019.05.07-07.34.42:653][  0]LogConfig: Setting CVar [[gc.ActorClusteringEnabled:0]]
[2019.05.07-07.34.42:653][  0]LogConfig: Setting CVar [[gc.BlueprintClusteringEnabled:0]]
[2019.05.07-07.34.42:653][  0]LogConfig: Setting CVar [[gc.UseDisregardForGCOnDedicatedServers:0]]
[2019.05.07-07.34.42:653][  0]LogConfig: Applying CVar settings from Section [/Script/Engine.NetworkSettings] File [D:/Projektwoche 2019 IT-Projekt/Projektwoche_2019_IT-Projekt/PW_2019_ITProjekt/Saved/Config/Windows/Engine.ini]
[2019.05.07-07.34.42:653][  0]LogConfig: Applying CVar settings from Section [/Script/UnrealEd.CookerSettings] File [D:/Projektwoche 2019 IT-Projekt/Projektwoche_2019_IT-Projekt/PW_2019_ITProjekt/Saved/Config/Windows/Engine.ini]
[2019.05.07-07.34.42:661][  0]LogConfig: Applying CVar settings from Section [ViewDistanceQuality@3] File [D:/Projektwoche 2019 IT-Projekt/Projektwoche_2019_IT-Projekt/PW_2019_ITProjekt/Saved/Config/Windows/Scalability.ini]
[2019.05.07-07.34.42:661][  0]LogConfig: Setting CVar [[r.SkeletalMeshLODBias:0]]
[2019.05.07-07.34.42:661][  0]LogConfig: Setting CVar [[r.ViewDistanceScale:1.0]]
[2019.05.07-07.34.42:661][  0]LogConfig: Applying CVar settings from Section [AntiAliasingQuality@3] File [D:/Projektwoche 2019 IT-Projekt/Projektwoche_2019_IT-Projekt/PW_2019_ITProjekt/Saved/Config/Windows/Scalability.ini]
[2019.05.07-07.34.42:661][  0]LogConfig: Setting CVar [[r.PostProcessAAQuality:4]]
[2019.05.07-07.34.42:662][  0]LogConfig: Applying CVar settings from Section [ShadowQuality@3] File [D:/Projektwoche 2019 IT-Projekt/Projektwoche_2019_IT-Projekt/PW_2019_ITProjekt/Saved/Config/Windows/Scalability.ini]
[2019.05.07-07.34.42:662][  0]LogConfig: Setting CVar [[r.LightFunctionQuality:1]]
[2019.05.07-07.34.42:662][  0]LogConfig: Setting CVar [[r.ShadowQuality:5]]
[2019.05.07-07.34.42:662][  0]LogConfig: Setting CVar [[r.Shadow.CSM.MaxCascades:10]]
[2019.05.07-07.34.42:662][  0]LogConfig: Setting CVar [[r.Shadow.MaxResolution:2048]]
[2019.05.07-07.34.42:662][  0]LogConfig: Setting CVar [[r.Shadow.MaxCSMResolution:2048]]
[2019.05.07-07.34.42:662][  0]LogConfig: Setting CVar [[r.Shadow.RadiusThreshold:0.01]]
[2019.05.07-07.34.42:662][  0]LogConfig: Setting CVar [[r.Shadow.DistanceScale:1.0]]
[2019.05.07-07.34.42:662][  0]LogConfig: Setting CVar [[r.Shadow.CSM.TransitionScale:1.0]]
[2019.05.07-07.34.42:662][  0]LogConfig: Setting CVar [[r.Shadow.PreShadowResolutionFactor:1.0]]
[2019.05.07-07.34.42:662][  0]LogConfig: Setting CVar [[r.DistanceFieldShadowing:1]]
[2019.05.07-07.34.42:662][  0]LogConfig: Setting CVar [[r.DistanceFieldAO:1]]
[2019.05.07-07.34.42:662][  0]LogConfig: Setting CVar [[r.AOQuality:2]]
[2019.05.07-07.34.42:662][  0]LogConfig: Setting CVar [[r.VolumetricFog:1]]
[2019.05.07-07.34.42:662][  0]LogConfig: Setting CVar [[r.VolumetricFog.GridPixelSize:8]]
[2019.05.07-07.34.42:662][  0]LogConfig: Setting CVar [[r.VolumetricFog.GridSizeZ:128]]
[2019.05.07-07.34.42:662][  0]LogConfig: Setting CVar [[r.VolumetricFog.HistoryMissSupersampleCount:4]]
[2019.05.07-07.34.42:662][  0]LogConfig: Setting CVar [[r.LightMaxDrawDistanceScale:1]]
[2019.05.07-07.34.42:662][  0]LogConfig: Setting CVar [[r.CapsuleShadows:1]]
[2019.05.07-07.34.42:662][  0]LogConfig: Applying CVar settings from Section [PostProcessQuality@3] File [D:/Projektwoche 2019 IT-Projekt/Projektwoche_2019_IT-Projekt/PW_2019_ITProjekt/Saved/Config/Windows/Scalability.ini]
[2019.05.07-07.34.42:662][  0]LogConfig: Setting CVar [[r.MotionBlurQuality:4]]
[2019.05.07-07.34.42:662][  0]LogConfig: Setting CVar [[r.AmbientOcclusionMipLevelFactor:0.4]]
[2019.05.07-07.34.42:662][  0]LogConfig: Setting CVar [[r.AmbientOcclusionMaxQuality:100]]
[2019.05.07-07.34.42:662][  0]LogConfig: Setting CVar [[r.AmbientOcclusionLevels:-1]]
[2019.05.07-07.34.42:662][  0]LogConfig: Setting CVar [[r.AmbientOcclusionRadiusScale:1.0]]
[2019.05.07-07.34.42:662][  0]LogConfig: Setting CVar [[r.DepthOfFieldQuality:2]]
[2019.05.07-07.34.42:662][  0]LogConfig: Setting CVar [[r.RenderTargetPoolMin:400]]
[2019.05.07-07.34.42:662][  0]LogConfig: Setting CVar [[r.LensFlareQuality:2]]
[2019.05.07-07.34.42:662][  0]LogConfig: Setting CVar [[r.SceneColorFringeQuality:1]]
[2019.05.07-07.34.42:662][  0]LogConfig: Setting CVar [[r.EyeAdaptationQuality:2]]
[2019.05.07-07.34.42:662][  0]LogConfig: Setting CVar [[r.BloomQuality:5]]
[2019.05.07-07.34.42:662][  0]LogConfig: Setting CVar [[r.FastBlurThreshold:100]]
[2019.05.07-07.34.42:662][  0]LogConfig: Setting CVar [[r.Upscale.Quality:3]]
[2019.05.07-07.34.42:662][  0]LogConfig: Setting CVar [[r.Tonemapper.GrainQuantization:1]]
[2019.05.07-07.34.42:662][  0]LogConfig: Setting CVar [[r.LightShaftQuality:1]]
[2019.05.07-07.34.42:662][  0]LogConfig: Setting CVar [[r.Filter.SizeScale:1]]
[2019.05.07-07.34.42:662][  0]LogConfig: Setting CVar [[r.Tonemapper.Quality:5]]
[2019.05.07-07.34.42:662][  0]LogConfig: Setting CVar [[r.DOF.Gather.AccumulatorQuality:1        ; higher gathering accumulator quality]]
[2019.05.07-07.34.42:662][  0]LogConfig: Setting CVar [[r.DOF.Gather.PostfilterMethod:1          ; Median3x3 postfilering method]]
[2019.05.07-07.34.42:662][  0]LogConfig: Setting CVar [[r.DOF.Gather.EnableBokehSettings:0       ; no bokeh simulation when gathering]]
[2019.05.07-07.34.42:662][  0]LogConfig: Setting CVar [[r.DOF.Gather.RingCount:4                 ; medium number of samples when gathering]]
[2019.05.07-07.34.42:662][  0]LogConfig: Setting CVar [[r.DOF.Scatter.ForegroundCompositing:1    ; additive foreground scattering]]
[2019.05.07-07.34.42:662][  0]LogConfig: Setting CVar [[r.DOF.Scatter.BackgroundCompositing:2    ; additive background scattering]]
[2019.05.07-07.34.42:662][  0]LogConfig: Setting CVar [[r.DOF.Scatter.EnableBokehSettings:1      ; bokeh simulation when scattering]]
[2019.05.07-07.34.42:662][  0]LogConfig: Setting CVar [[r.DOF.Scatter.MaxSpriteRatio:0.1         ; only a maximum of 10% of scattered bokeh]]
[2019.05.07-07.34.42:662][  0]LogConfig: Setting CVar [[r.DOF.Recombine.Quality:1                ; cheap slight out of focus]]
[2019.05.07-07.34.42:662][  0]LogConfig: Setting CVar [[r.DOF.Recombine.EnableBokehSettings:0    ; no bokeh simulation on slight out of focus]]
[2019.05.07-07.34.42:662][  0]LogConfig: Setting CVar [[r.DOF.TemporalAAQuality:1                ; more stable temporal accumulation]]
[2019.05.07-07.34.42:662][  0]LogConfig: Setting CVar [[r.DOF.Kernel.MaxForegroundRadius:0.025]]
[2019.05.07-07.34.42:662][  0]LogConfig: Setting CVar [[r.DOF.Kernel.MaxBackgroundRadius:0.025]]
[2019.05.07-07.34.42:662][  0]LogConfig: Applying CVar settings from Section [TextureQuality@3] File [D:/Projektwoche 2019 IT-Projekt/Projektwoche_2019_IT-Projekt/PW_2019_ITProjekt/Saved/Config/Windows/Scalability.ini]
[2019.05.07-07.34.42:662][  0]LogConfig: Setting CVar [[r.Streaming.MipBias:0]]
[2019.05.07-07.34.42:662][  0]LogConfig: Setting CVar [[r.Streaming.AmortizeCPUToGPUCopy:0]]
[2019.05.07-07.34.42:662][  0]LogConfig: Setting CVar [[r.Streaming.MaxNumTexturesToStreamPerFrame:0]]
[2019.05.07-07.34.42:662][  0]LogConfig: Setting CVar [[r.Streaming.Boost:1]]
[2019.05.07-07.34.42:662][  0]LogConfig: Setting CVar [[r.MaxAnisotropy:8]]
[2019.05.07-07.34.42:662][  0]LogConfig: Setting CVar [[r.Streaming.LimitPoolSizeToVRAM:0]]
[2019.05.07-07.34.42:662][  0]LogConfig: Setting CVar [[r.Streaming.PoolSize:1000]]
[2019.05.07-07.34.42:662][  0]LogConfig: Setting CVar [[r.Streaming.MaxEffectiveScreenSize:0]]
[2019.05.07-07.34.42:663][  0]LogConfig: Applying CVar settings from Section [EffectsQuality@3] File [D:/Projektwoche 2019 IT-Projekt/Projektwoche_2019_IT-Projekt/PW_2019_ITProjekt/Saved/Config/Windows/Scalability.ini]
[2019.05.07-07.34.42:663][  0]LogConfig: Setting CVar [[r.TranslucencyLightingVolumeDim:64]]
[2019.05.07-07.34.42:663][  0]LogConfig: Setting CVar [[r.RefractionQuality:2]]
[2019.05.07-07.34.42:663][  0]LogConfig: Setting CVar [[r.SSR.Quality:3]]
[2019.05.07-07.34.42:663][  0]LogConfig: Setting CVar [[r.SceneColorFormat:4]]
[2019.05.07-07.34.42:663][  0]LogConfig: Setting CVar [[r.DetailMode:2]]
[2019.05.07-07.34.42:663][  0]LogConfig: Setting CVar [[r.TranslucencyVolumeBlur:1]]
[2019.05.07-07.34.42:663][  0]LogConfig: Setting CVar [[r.MaterialQualityLevel:1 ; High quality]]
[2019.05.07-07.34.42:663][  0]LogConfig: Setting CVar [[r.SSS.Scale:1]]
[2019.05.07-07.34.42:663][  0]LogConfig: Setting CVar [[r.SSS.SampleSet:2]]
[2019.05.07-07.34.42:663][  0]LogConfig: Setting CVar [[r.SSS.Quality:1]]
[2019.05.07-07.34.42:663][  0]LogConfig: Setting CVar [[r.SSS.HalfRes:1]]
[2019.05.07-07.34.42:663][  0]LogConfig: Setting CVar [[r.EmitterSpawnRateScale:1.0]]
[2019.05.07-07.34.42:663][  0]LogConfig: Setting CVar [[r.ParticleLightQuality:2]]
[2019.05.07-07.34.42:663][  0]LogConfig: Applying CVar settings from Section [FoliageQuality@3] File [D:/Projektwoche 2019 IT-Projekt/Projektwoche_2019_IT-Projekt/PW_2019_ITProjekt/Saved/Config/Windows/Scalability.ini]
[2019.05.07-07.34.42:663][  0]LogConfig: Setting CVar [[foliage.DensityScale:1.0]]
[2019.05.07-07.34.42:663][  0]LogConfig: Setting CVar [[grass.DensityScale:1.0]]
[2019.05.07-07.34.42:664][  0]LogInit: Selected Device Profile: [Windows]
[2019.05.07-07.34.42:664][  0]LogInit: Applying CVar settings loaded from the selected device profile: [Windows]
[2019.05.07-07.34.42:691][  0]LogHAL: Display: Platform has ~ 4 GB [4161970176 / 4294967296 / 4], which maps to Smallest [LargestMinGB=32, LargerMinGB=12, DefaultMinGB=8, SmallerMinGB=6, SmallestMinGB=0)
[2019.05.07-07.34.42:692][  0]LogConfig: Setting CVar [[r.Vulkan.UseRealUBs:0		; Required until we fix HLR fall-out]]
[2019.05.07-07.34.42:692][  0]LogInit: Going up to parent DeviceProfile []
[2019.05.07-07.34.42:693][  0]LogConfig: Applying CVar settings from Section [ViewDistanceQuality@3] File [D:/Projektwoche 2019 IT-Projekt/Projektwoche_2019_IT-Projekt/PW_2019_ITProjekt/Saved/Config/Windows/Scalability.ini]
[2019.05.07-07.34.42:693][  0]LogConfig: Setting CVar [[r.SkeletalMeshLODBias:0]]
[2019.05.07-07.34.42:693][  0]LogConfig: Setting CVar [[r.ViewDistanceScale:1.0]]
[2019.05.07-07.34.42:693][  0]LogConfig: Applying CVar settings from Section [AntiAliasingQuality@3] File [D:/Projektwoche 2019 IT-Projekt/Projektwoche_2019_IT-Projekt/PW_2019_ITProjekt/Saved/Config/Windows/Scalability.ini]
[2019.05.07-07.34.42:693][  0]LogConfig: Setting CVar [[r.PostProcessAAQuality:4]]
[2019.05.07-07.34.42:693][  0]LogConfig: Applying CVar settings from Section [ShadowQuality@3] File [D:/Projektwoche 2019 IT-Projekt/Projektwoche_2019_IT-Projekt/PW_2019_ITProjekt/Saved/Config/Windows/Scalability.ini]
[2019.05.07-07.34.42:693][  0]LogConfig: Setting CVar [[r.LightFunctionQuality:1]]
[2019.05.07-07.34.42:693][  0]LogConfig: Setting CVar [[r.ShadowQuality:5]]
[2019.05.07-07.34.42:693][  0]LogConfig: Setting CVar [[r.Shadow.CSM.MaxCascades:10]]
[2019.05.07-07.34.42:693][  0]LogConfig: Setting CVar [[r.Shadow.MaxResolution:2048]]
[2019.05.07-07.34.42:693][  0]LogConfig: Setting CVar [[r.Shadow.MaxCSMResolution:2048]]
[2019.05.07-07.34.42:693][  0]LogConfig: Setting CVar [[r.Shadow.RadiusThreshold:0.01]]
[2019.05.07-07.34.42:693][  0]LogConfig: Setting CVar [[r.Shadow.DistanceScale:1.0]]
[2019.05.07-07.34.42:693][  0]LogConfig: Setting CVar [[r.Shadow.CSM.TransitionScale:1.0]]
[2019.05.07-07.34.42:693][  0]LogConfig: Setting CVar [[r.Shadow.PreShadowResolutionFactor:1.0]]
[2019.05.07-07.34.42:693][  0]LogConfig: Setting CVar [[r.DistanceFieldShadowing:1]]
[2019.05.07-07.34.42:693][  0]LogConfig: Setting CVar [[r.DistanceFieldAO:1]]
[2019.05.07-07.34.42:693][  0]LogConfig: Setting CVar [[r.AOQuality:2]]
[2019.05.07-07.34.42:693][  0]LogConfig: Setting CVar [[r.VolumetricFog:1]]
[2019.05.07-07.34.42:693][  0]LogConfig: Setting CVar [[r.VolumetricFog.GridPixelSize:8]]
[2019.05.07-07.34.42:693][  0]LogConfig: Setting CVar [[r.VolumetricFog.GridSizeZ:128]]
[2019.05.07-07.34.42:693][  0]LogConfig: Setting CVar [[r.VolumetricFog.HistoryMissSupersampleCount:4]]
[2019.05.07-07.34.42:693][  0]LogConfig: Setting CVar [[r.LightMaxDrawDistanceScale:1]]
[2019.05.07-07.34.42:693][  0]LogConfig: Setting CVar [[r.CapsuleShadows:1]]
[2019.05.07-07.34.42:693][  0]LogConfig: Applying CVar settings from Section [PostProcessQuality@3] File [D:/Projektwoche 2019 IT-Projekt/Projektwoche_2019_IT-Projekt/PW_2019_ITProjekt/Saved/Config/Windows/Scalability.ini]
[2019.05.07-07.34.42:693][  0]LogConfig: Setting CVar [[r.MotionBlurQuality:4]]
[2019.05.07-07.34.42:693][  0]LogConfig: Setting CVar [[r.AmbientOcclusionMipLevelFactor:0.4]]
[2019.05.07-07.34.42:693][  0]LogConfig: Setting CVar [[r.AmbientOcclusionMaxQuality:100]]
[2019.05.07-07.34.42:693][  0]LogConfig: Setting CVar [[r.AmbientOcclusionLevels:-1]]
[2019.05.07-07.34.42:693][  0]LogConfig: Setting CVar [[r.AmbientOcclusionRadiusScale:1.0]]
[2019.05.07-07.34.42:693][  0]LogConfig: Setting CVar [[r.DepthOfFieldQuality:2]]
[2019.05.07-07.34.42:693][  0]LogConfig: Setting CVar [[r.RenderTargetPoolMin:400]]
[2019.05.07-07.34.42:693][  0]LogConfig: Setting CVar [[r.LensFlareQuality:2]]
[2019.05.07-07.34.42:693][  0]LogConfig: Setting CVar [[r.SceneColorFringeQuality:1]]
[2019.05.07-07.34.42:693][  0]LogConfig: Setting CVar [[r.EyeAdaptationQuality:2]]
[2019.05.07-07.34.42:693][  0]LogConfig: Setting CVar [[r.BloomQuality:5]]
[2019.05.07-07.34.42:693][  0]LogConfig: Setting CVar [[r.FastBlurThreshold:100]]
[2019.05.07-07.34.42:693][  0]LogConfig: Setting CVar [[r.Upscale.Quality:3]]
[2019.05.07-07.34.42:693][  0]LogConfig: Setting CVar [[r.Tonemapper.GrainQuantization:1]]
[2019.05.07-07.34.42:693][  0]LogConfig: Setting CVar [[r.LightShaftQuality:1]]
[2019.05.07-07.34.42:693][  0]LogConfig: Setting CVar [[r.Filter.SizeScale:1]]
[2019.05.07-07.34.42:693][  0]LogConfig: Setting CVar [[r.Tonemapper.Quality:5]]
[2019.05.07-07.34.42:693][  0]LogConfig: Setting CVar [[r.DOF.Gather.AccumulatorQuality:1        ; higher gathering accumulator quality]]
[2019.05.07-07.34.42:693][  0]LogConfig: Setting CVar [[r.DOF.Gather.PostfilterMethod:1          ; Median3x3 postfilering method]]
[2019.05.07-07.34.42:693][  0]LogConfig: Setting CVar [[r.DOF.Gather.EnableBokehSettings:0       ; no bokeh simulation when gathering]]
[2019.05.07-07.34.42:693][  0]LogConfig: Setting CVar [[r.DOF.Gather.RingCount:4                 ; medium number of samples when gathering]]
[2019.05.07-07.34.42:693][  0]LogConfig: Setting CVar [[r.DOF.Scatter.ForegroundCompositing:1    ; additive foreground scattering]]
[2019.05.07-07.34.42:693][  0]LogConfig: Setting CVar [[r.DOF.Scatter.BackgroundCompositing:2    ; additive background scattering]]
[2019.05.07-07.34.42:693][  0]LogConfig: Setting CVar [[r.DOF.Scatter.EnableBokehSettings:1      ; bokeh simulation when scattering]]
[2019.05.07-07.34.42:694][  0]LogConfig: Setting CVar [[r.DOF.Scatter.MaxSpriteRatio:0.1         ; only a maximum of 10% of scattered bokeh]]
[2019.05.07-07.34.42:694][  0]LogConfig: Setting CVar [[r.DOF.Recombine.Quality:1                ; cheap slight out of focus]]
[2019.05.07-07.34.42:694][  0]LogConfig: Setting CVar [[r.DOF.Recombine.EnableBokehSettings:0    ; no bokeh simulation on slight out of focus]]
[2019.05.07-07.34.42:694][  0]LogConfig: Setting CVar [[r.DOF.TemporalAAQuality:1                ; more stable temporal accumulation]]
[2019.05.07-07.34.42:694][  0]LogConfig: Setting CVar [[r.DOF.Kernel.MaxForegroundRadius:0.025]]
[2019.05.07-07.34.42:694][  0]LogConfig: Setting CVar [[r.DOF.Kernel.MaxBackgroundRadius:0.025]]
[2019.05.07-07.34.42:694][  0]LogConfig: Applying CVar settings from Section [TextureQuality@3] File [D:/Projektwoche 2019 IT-Projekt/Projektwoche_2019_IT-Projekt/PW_2019_ITProjekt/Saved/Config/Windows/Scalability.ini]
[2019.05.07-07.34.42:694][  0]LogConfig: Setting CVar [[r.Streaming.MipBias:0]]
[2019.05.07-07.34.42:694][  0]LogConfig: Setting CVar [[r.Streaming.AmortizeCPUToGPUCopy:0]]
[2019.05.07-07.34.42:694][  0]LogConfig: Setting CVar [[r.Streaming.MaxNumTexturesToStreamPerFrame:0]]
[2019.05.07-07.34.42:694][  0]LogConfig: Setting CVar [[r.Streaming.Boost:1]]
[2019.05.07-07.34.42:694][  0]LogConfig: Setting CVar [[r.MaxAnisotropy:8]]
[2019.05.07-07.34.42:694][  0]LogConfig: Setting CVar [[r.Streaming.LimitPoolSizeToVRAM:0]]
[2019.05.07-07.34.42:694][  0]LogConfig: Setting CVar [[r.Streaming.PoolSize:1000]]
[2019.05.07-07.34.42:694][  0]LogConfig: Setting CVar [[r.Streaming.MaxEffectiveScreenSize:0]]
[2019.05.07-07.34.42:694][  0]LogConfig: Applying CVar settings from Section [EffectsQuality@3] File [D:/Projektwoche 2019 IT-Projekt/Projektwoche_2019_IT-Projekt/PW_2019_ITProjekt/Saved/Config/Windows/Scalability.ini]
[2019.05.07-07.34.42:694][  0]LogConfig: Setting CVar [[r.TranslucencyLightingVolumeDim:64]]
[2019.05.07-07.34.42:694][  0]LogConfig: Setting CVar [[r.RefractionQuality:2]]
[2019.05.07-07.34.42:694][  0]LogConfig: Setting CVar [[r.SSR.Quality:3]]
[2019.05.07-07.34.42:694][  0]LogConfig: Setting CVar [[r.SceneColorFormat:4]]
[2019.05.07-07.34.42:694][  0]LogConfig: Setting CVar [[r.DetailMode:2]]
[2019.05.07-07.34.42:694][  0]LogConfig: Setting CVar [[r.TranslucencyVolumeBlur:1]]
[2019.05.07-07.34.42:694][  0]LogConfig: Setting CVar [[r.MaterialQualityLevel:1 ; High quality]]
[2019.05.07-07.34.42:694][  0]LogConfig: Setting CVar [[r.SSS.Scale:1]]
[2019.05.07-07.34.42:694][  0]LogConfig: Setting CVar [[r.SSS.SampleSet:2]]
[2019.05.07-07.34.42:694][  0]LogConfig: Setting CVar [[r.SSS.Quality:1]]
[2019.05.07-07.34.42:694][  0]LogConfig: Setting CVar [[r.SSS.HalfRes:1]]
[2019.05.07-07.34.42:694][  0]LogConfig: Setting CVar [[r.EmitterSpawnRateScale:1.0]]
[2019.05.07-07.34.42:694][  0]LogConfig: Setting CVar [[r.ParticleLightQuality:2]]
[2019.05.07-07.34.42:694][  0]LogConfig: Applying CVar settings from Section [FoliageQuality@3] File [D:/Projektwoche 2019 IT-Projekt/Projektwoche_2019_IT-Projekt/PW_2019_ITProjekt/Saved/Config/Windows/Scalability.ini]
[2019.05.07-07.34.42:694][  0]LogConfig: Setting CVar [[foliage.DensityScale:1.0]]
[2019.05.07-07.34.42:694][  0]LogConfig: Setting CVar [[grass.DensityScale:1.0]]
[2019.05.07-07.34.42:694][  0]LogConfig: Applying CVar settings from Section [Startup] File [../../../Engine/Config/ConsoleVariables.ini]
[2019.05.07-07.34.42:700][  0]LogConfig: Setting CVar [[net.UseAdaptiveNetUpdateFrequency:0]]
[2019.05.07-07.34.42:700][  0]LogConfig: Setting CVar [[p.chaos.AllowCreatePhysxBodies:1]]
[2019.05.07-07.34.42:700][  0]LogConfig: Applying CVar settings from Section [ConsoleVariables] File [D:/Projektwoche 2019 IT-Projekt/Projektwoche_2019_IT-Projekt/PW_2019_ITProjekt/Saved/Config/Windows/Engine.ini]
[2019.05.07-07.34.42:701][  0]LogInit: Computer: PC15-RAUM213
[2019.05.07-07.34.42:701][  0]LogInit: User: Teilnehmer
[2019.05.07-07.34.42:701][  0]LogInit: CPU Page size=4096, Cores=4
[2019.05.07-07.34.42:701][  0]LogInit: High frequency timer resolution =10.000000 MHz
[2019.05.07-07.34.42:701][  0]LogMemory: Memory total: Physical=3.9GB (4GB approx)
[2019.05.07-07.34.42:701][  0]LogMemory: Platform Memory Stats for Windows
[2019.05.07-07.34.42:701][  0]LogMemory: Process Physical Memory: 96.41 MB used, 96.42 MB peak
[2019.05.07-07.34.42:701][  0]LogMemory: Process Virtual Memory: 83.79 MB used, 83.79 MB peak
[2019.05.07-07.34.42:701][  0]LogMemory: Physical Memory: 2206.52 MB used,  1762.65 MB free, 3969.16 MB total
[2019.05.07-07.34.42:702][  0]LogMemory: Virtual Memory: 4640.11 MB used,  134213088.00 MB free, 134217728.00 MB total
[2019.05.07-07.34.42:967][  0]LogInit: Using OS detected language (de-DE).
[2019.05.07-07.34.42:968][  0]LogInit: Using OS detected locale (de-DE).
[2019.05.07-07.34.42:971][  0]LogTextLocalizationManager: No specific localization for 'de-DE' exists, so the 'de' localization will be used.
[2019.05.07-07.34.42:972][  0]LogTextLocalizationResource: LocRes '../../../Engine/Content/Localization/Editor/de/Editor.locres' could not be opened for reading!
[2019.05.07-07.34.42:972][  0]LogTextLocalizationResource: LocRes '../../../Engine/Content/Localization/EditorTutorials/de/EditorTutorials.locres' could not be opened for reading!
[2019.05.07-07.34.42:973][  0]LogTextLocalizationResource: LocRes '../../../Engine/Content/Localization/Keywords/de/Keywords.locres' could not be opened for reading!
[2019.05.07-07.34.42:973][  0]LogTextLocalizationResource: LocRes '../../../Engine/Content/Localization/Category/de/Category.locres' could not be opened for reading!
[2019.05.07-07.34.42:974][  0]LogTextLocalizationResource: LocRes '../../../Engine/Content/Localization/ToolTips/de/ToolTips.locres' could not be opened for reading!
[2019.05.07-07.34.42:975][  0]LogTextLocalizationResource: LocRes '../../../Engine/Content/Localization/PropertyNames/de/PropertyNames.locres' could not be opened for reading!
[2019.05.07-07.34.42:975][  0]LogTextLocalizationResource: LocRes '../../../Engine/Content/Localization/Engine/de/Engine.locres' could not be opened for reading!
[2019.05.07-07.34.43:002][  0]LogInit: Setting process to per monitor DPI aware
[2019.05.07-07.34.43:117][  0]LogSlate: New Slate User Created.  User Index 0, Is Virtual User: 0
[2019.05.07-07.34.43:117][  0]LogSlate: Slate User Registered.  User Index 0, Is Virtual User: 0
[2019.05.07-07.34.45:685][  0]LogHMD: Failed to initialize OpenVR with code 110
[2019.05.07-07.34.45:685][  0]LogD3D11RHI: D3D11 adapters:
[2019.05.07-07.34.45:697][  0]LogD3D11RHI:    0. 'Intel(R) HD Graphics 4600' (Feature Level 11_0)
[2019.05.07-07.34.45:697][  0]LogD3D11RHI:       112/0/1984 MB DedicatedVideo/DedicatedSystem/SharedSystem, Outputs:1, VendorId:0x8086
[2019.05.07-07.34.45:702][  0]LogD3D11RHI:    1. 'Microsoft Basic Render Driver' (Feature Level 11_0)
[2019.05.07-07.34.45:702][  0]LogD3D11RHI:       0/0/1984 MB DedicatedVideo/DedicatedSystem/SharedSystem, Outputs:0, VendorId:0x1414
[2019.05.07-07.34.45:702][  0]LogD3D11RHI: Chosen D3D11 Adapter: 0
[2019.05.07-07.34.45:714][  0]LogD3D11RHI: Creating new Direct3DDevice
[2019.05.07-07.34.45:714][  0]LogD3D11RHI:     GPU DeviceId: 0x412 (for the marketing name, search the web for "GPU Device Id")
[2019.05.07-07.34.45:714][  0]LogWindows: EnumDisplayDevices:
[2019.05.07-07.34.45:714][  0]LogWindows:    0. 'Intel(R) HD Graphics 4600' (P:1 D:1)
[2019.05.07-07.34.45:715][  0]LogWindows:    1. 'Intel(R) HD Graphics 4600' (P:0 D:0)
[2019.05.07-07.34.45:715][  0]LogWindows: DebugString: FoundDriverCount:2 
[2019.05.07-07.34.45:715][  0]LogD3D11RHI:     Adapter Name: Intel(R) HD Graphics 4600
[2019.05.07-07.34.45:715][  0]LogD3D11RHI:   Driver Version: 20.19.15.4531 (internal:20.19.15.4531, unified:20.19.15.4531)
[2019.05.07-07.34.45:715][  0]LogD3D11RHI:      Driver Date: 9-29-2016
[2019.05.07-07.34.45:715][  0]LogRHI: Texture pool is 773 MB (70% of 1104 MB)
[2019.05.07-07.34.45:724][  0]LogD3D11RHI: Async texture creation enabled
[2019.05.07-07.34.45:739][  0]LogRendererCore: FGlobalReadBuffer::InitRHI
[2019.05.07-07.34.45:740][  0]LogRendererCore: FGlobalReadBuffer::InitRHI
[2019.05.07-07.34.45:740][  0]LogRendererCore: FGlobalReadBuffer::InitRHI
[2019.05.07-07.34.45:747][  0]LogD3D11RHI: GPU Timing Frequency: 12.500000 (Debug: 2 0)
[2019.05.07-07.34.46:586][  0]LogTemp: Display: Module 'AllDesktopTargetPlatform' loaded TargetPlatform 'AllDesktop'
[2019.05.07-07.34.46:608][  0]LogTemp: Display: Module 'MacClientTargetPlatform' loaded TargetPlatform 'MacClient'
[2019.05.07-07.34.46:628][  0]LogTemp: Display: Module 'MacNoEditorTargetPlatform' loaded TargetPlatform 'MacNoEditor'
[2019.05.07-07.34.46:649][  0]LogTemp: Display: Module 'MacServerTargetPlatform' loaded TargetPlatform 'MacServer'
[2019.05.07-07.34.46:676][  0]LogTemp: Display: Module 'MacTargetPlatform' loaded TargetPlatform 'Mac'
[2019.05.07-07.34.46:697][  0]LogTemp: Display: Module 'WindowsClientTargetPlatform' loaded TargetPlatform 'WindowsClient'
[2019.05.07-07.34.46:718][  0]LogTemp: Display: Module 'WindowsNoEditorTargetPlatform' loaded TargetPlatform 'WindowsNoEditor'
[2019.05.07-07.34.46:738][  0]LogTemp: Display: Module 'WindowsServerTargetPlatform' loaded TargetPlatform 'WindowsServer'
[2019.05.07-07.34.46:751][  0]LogTemp: Display: Module 'WindowsTargetPlatform' loaded TargetPlatform 'Windows'
[2019.05.07-07.34.46:867][  0]LogTemp: Display: Module 'AndroidTargetPlatform' loaded TargetPlatform 'Android'
[2019.05.07-07.34.46:867][  0]LogTemp: Display: Module 'AndroidTargetPlatform' loaded TargetPlatform 'Android_ASTC'
[2019.05.07-07.34.46:867][  0]LogTemp: Display: Module 'AndroidTargetPlatform' loaded TargetPlatform 'Android_ATC'
[2019.05.07-07.34.46:867][  0]LogTemp: Display: Module 'AndroidTargetPlatform' loaded TargetPlatform 'Android_DXT'
[2019.05.07-07.34.46:867][  0]LogTemp: Display: Module 'AndroidTargetPlatform' loaded TargetPlatform 'Android_ETC1'
[2019.05.07-07.34.46:867][  0]LogTemp: Display: Module 'AndroidTargetPlatform' loaded TargetPlatform 'Android_ETC1a'
[2019.05.07-07.34.46:867][  0]LogTemp: Display: Module 'AndroidTargetPlatform' loaded TargetPlatform 'Android_ETC2'
[2019.05.07-07.34.46:867][  0]LogTemp: Display: Module 'AndroidTargetPlatform' loaded TargetPlatform 'Android_PVRTC'
[2019.05.07-07.34.46:867][  0]LogTemp: Display: Module 'AndroidTargetPlatform' loaded TargetPlatform 'AndroidClient'
[2019.05.07-07.34.46:867][  0]LogTemp: Display: Module 'AndroidTargetPlatform' loaded TargetPlatform 'Android_ASTCClient'
[2019.05.07-07.34.46:867][  0]LogTemp: Display: Module 'AndroidTargetPlatform' loaded TargetPlatform 'Android_ATCClient'
[2019.05.07-07.34.46:867][  0]LogTemp: Display: Module 'AndroidTargetPlatform' loaded TargetPlatform 'Android_DXTClient'
[2019.05.07-07.34.46:867][  0]LogTemp: Display: Module 'AndroidTargetPlatform' loaded TargetPlatform 'Android_ETC1Client'
[2019.05.07-07.34.46:867][  0]LogTemp: Display: Module 'AndroidTargetPlatform' loaded TargetPlatform 'Android_ETC1aClient'
[2019.05.07-07.34.46:867][  0]LogTemp: Display: Module 'AndroidTargetPlatform' loaded TargetPlatform 'Android_ETC2Client'
[2019.05.07-07.34.46:868][  0]LogTemp: Display: Module 'AndroidTargetPlatform' loaded TargetPlatform 'Android_PVRTCClient'
[2019.05.07-07.34.46:868][  0]LogTemp: Display: Module 'AndroidTargetPlatform' loaded TargetPlatform 'Android_Multi'
[2019.05.07-07.34.46:868][  0]LogTemp: Display: Module 'AndroidTargetPlatform' loaded TargetPlatform 'Android_MultiClient'
[2019.05.07-07.34.46:873][  0]LogTemp: Display: Module 'HTML5TargetPlatform' loaded TargetPlatform 'HTML5'
[2019.05.07-07.34.46:948][  0]LogTemp: Display: Module 'IOSTargetPlatform' loaded TargetPlatform 'IOSClient'
[2019.05.07-07.34.46:948][  0]LogTemp: Display: Module 'IOSTargetPlatform' loaded TargetPlatform 'IOS'
[2019.05.07-07.34.46:981][  0]LogTemp: Display: Module 'TVOSTargetPlatform' loaded TargetPlatform 'TVOSClient'
[2019.05.07-07.34.46:981][  0]LogTemp: Display: Module 'TVOSTargetPlatform' loaded TargetPlatform 'TVOS'
[2019.05.07-07.34.46:998][  0]LogTemp: Display: Module 'LinuxClientTargetPlatform' loaded TargetPlatform 'LinuxClient'
[2019.05.07-07.34.47:016][  0]LogTemp: Display: Module 'LinuxNoEditorTargetPlatform' loaded TargetPlatform 'LinuxNoEditor'
[2019.05.07-07.34.47:035][  0]LogTemp: Display: Module 'LinuxServerTargetPlatform' loaded TargetPlatform 'LinuxServer'
[2019.05.07-07.34.47:061][  0]LogTemp: Display: Module 'LinuxTargetPlatform' loaded TargetPlatform 'Linux'
[2019.05.07-07.34.47:121][  0]LogTemp: Display: Module 'LuminTargetPlatform' loaded TargetPlatform 'Lumin'
[2019.05.07-07.34.47:121][  0]LogTemp: Display: Module 'LuminTargetPlatform' loaded TargetPlatform 'LuminClient'
[2019.05.07-07.34.47:121][  0]LogTargetPlatformManager: Display: Building Assets For Windows
[2019.05.07-07.34.47:177][  0]LogAudioDebug: Display: Lib vorbis DLL was dynamically loaded.
[2019.05.07-07.34.47:361][  0]LogShaderCompilers: Guid format shader working directory is -27 characters bigger than the processId version (D:/Projektwoche 2019 IT-Projekt/Projektwoche_2019_IT-Projekt/PW_2019_ITProjekt/Intermediate/Shaders/WorkingDirectory/2088/).
[2019.05.07-07.34.47:361][  0]LogShaderCompilers: Cleaned the shader compiler working directory 'C:/Users/Teilnehmer/AppData/Local/Temp/UnrealShaderWorkingDir/2A7CE6FE41C338EE26779B8E8C2ECD3C/'.
[2019.05.07-07.34.47:367][  0]LogXGEController: Cleaning working directory: C:/Users/Teilnehmer/AppData/Local/Temp/UnrealXGEWorkingDir/
[2019.05.07-07.34.47:368][  0]LogXGEController: Cannot use XGE Controller as Incredibuild is not installed on this machine.
[2019.05.07-07.34.47:368][  0]LogShaderCompilers: Cannot use XGE Shader Compiler as Incredibuild is not installed on this machine.
[2019.05.07-07.34.47:368][  0]LogShaderCompilers: Display: Using Local Shader Compiler.
[2019.05.07-07.34.50:036][  0]LogDerivedDataCache: Display: Max Cache Size: 512 MB
[2019.05.07-07.34.50:333][  0]LogDerivedDataCache: Loaded boot cache 0.30s 75MB C:/Users/Teilnehmer/AppData/Local/UnrealEngine/4.22/DerivedDataCache/Boot.ddc.
[2019.05.07-07.34.50:333][  0]LogDerivedDataCache: Display: Loaded Boot cache: C:/Users/Teilnehmer/AppData/Local/UnrealEngine/4.22/DerivedDataCache/Boot.ddc
[2019.05.07-07.34.50:334][  0]LogDerivedDataCache: FDerivedDataBackendGraph:  Pak pak cache file D:/Projektwoche 2019 IT-Projekt/Projektwoche_2019_IT-Projekt/PW_2019_ITProjekt/DerivedDataCache/DDC.ddp not found, will not use a pak cache.
[2019.05.07-07.34.50:334][  0]LogDerivedDataCache: Unable to find inner node Pak for hierarchical cache Hierarchy.
[2019.05.07-07.34.50:334][  0]LogDerivedDataCache: FDerivedDataBackendGraph:  CompressedPak pak cache file D:/Projektwoche 2019 IT-Projekt/Projektwoche_2019_IT-Projekt/PW_2019_ITProjekt/DerivedDataCache/Compressed.ddp not found, will not use a pak cache.
[2019.05.07-07.34.50:334][  0]LogDerivedDataCache: Unable to find inner node CompressedPak for hierarchical cache Hierarchy.
[2019.05.07-07.34.50:367][  0]LogDerivedDataCache: Display: Pak cache opened for reading ../../../Engine/DerivedDataCache/Compressed.ddp.
[2019.05.07-07.34.50:379][  0]LogDerivedDataCache: Display: Pak cache opened for reading ../../../Enterprise/DerivedDataCache/Compressed.ddp.
[2019.05.07-07.34.50:392][  0]LogDerivedDataCache: Using Local data cache path C:/Users/Teilnehmer/AppData/Local/UnrealEngine/Common/DerivedDataCache: Writable
[2019.05.07-07.34.50:392][  0]LogDerivedDataCache: Shared data cache path not found in *engine.ini, will not use an Shared cache.
[2019.05.07-07.34.50:392][  0]LogDerivedDataCache: Unable to find inner node Shared for hierarchical cache Hierarchy.
[2019.05.07-07.34.50:424][  0]LogMaterial: Verifying Global Shaders for PCD3D_SM5
[2019.05.07-07.34.50:431][  0]LogSlate: Using FreeType 2.6.0
[2019.05.07-07.34.50:447][  0]LogSlate: SlateFontServices - WITH_FREETYPE: 1, WITH_HARFBUZZ: 1
[2019.05.07-07.34.50:889][  0]LogAssetRegistry: FAssetRegistry took 0.0382 seconds to start up
[2019.05.07-07.34.51:476][  0]LogInit: Selected Device Profile: [Windows]
[2019.05.07-07.34.51:851][  0]LogMeshReduction: Using QuadricMeshReduction for automatic static mesh reduction
[2019.05.07-07.34.51:851][  0]LogMeshReduction: Using SimplygonMeshReduction for automatic skeletal mesh reduction
[2019.05.07-07.34.51:851][  0]LogMeshReduction: Using ProxyLODMeshReduction for automatic mesh merging
[2019.05.07-07.34.51:851][  0]LogMeshReduction: No distributed automatic mesh merging module available
[2019.05.07-07.34.51:851][  0]LogMeshMerging: No distributed automatic mesh merging module available
[2019.05.07-07.34.51:906][  0]LogNetVersion: PW_2019_ITProjekt 1.0.0, NetCL: 5660361, EngineNetVer: 10, GameNetVer: 0 (Checksum: 2559314820)
[2019.05.07-07.34.53:286][  0]LogPackageLocalizationCache: Processed 16 localized package path(s) for 1 prioritized culture(s) in 0.093069 seconds
[2019.05.07-07.34.53:297][  0]LogUObjectArray: 42205 objects as part of root set at end of initial load.
[2019.05.07-07.34.53:297][  0]LogUObjectAllocator: 7325032 out of 0 bytes used by permanent object pool.
[2019.05.07-07.34.53:297][  0]LogUObjectArray: CloseDisregardForGC: 0/0 objects in disregard for GC pool
[2019.05.07-07.34.57:507][  0]LogTcpMessaging: Initializing TcpMessaging bridge
[2019.05.07-07.34.57:526][  0]LogUdpMessaging: Initializing bridge on interface 0.0.0.0:0 to multicast group 230.0.0.1:6666.
[2019.05.07-07.34.57:724][  0]SourceControl: Source control is disabled
[2019.05.07-07.34.57:724][  0]SourceControl: Source control is disabled
[2019.05.07-07.34.57:736][  0]SourceControl: Source control is disabled
[2019.05.07-07.34.57:741][  0]SourceControl: Source control is disabled
[2019.05.07-07.34.58:188][  0]LogAndroidPermission: UAndroidPermissionCallbackProxy::GetInstance
[2019.05.07-07.34.58:302][  0]LogOcInput: OculusInput pre-init called
[2019.05.07-07.35.01:517][  0]LogEngine: Initializing Engine...
[2019.05.07-07.35.01:519][  0]LogHMD: Failed to initialize OpenVR with code 110
[2019.05.07-07.35.01:521][  0]LogStats: UGameplayTagsManager::InitializeManager -  0.001 s
[2019.05.07-07.35.01:983][  0]LogInit: Initializing FReadOnlyCVARCache
[2019.05.07-07.35.02:028][  0]LogAIModule: Creating AISystem for world Untitled
[2019.05.07-07.35.02:054][  0]LogInit: XAudio2 using 'Lautsprecher (EPSON Projector ENP Audio Device)' : 2 channels at 44.1 kHz using 16 bits per sample (channel mask 0x3)
[2019.05.07-07.35.02:147][  0]LogInit: FAudioDevice initialized.
[2019.05.07-07.35.02:147][  0]LogNetVersion: Set ProjectVersion to 1.0.0.0. Version Checksum will be recalculated on next use.
[2019.05.07-07.35.02:239][  0]LogDerivedDataCache: Saved boot cache 0.09s 75MB C:/Users/Teilnehmer/AppData/Local/UnrealEngine/4.22/DerivedDataCache/Boot.ddc.
[2019.05.07-07.35.02:253][  0]LogInit: Texture streaming: Enabled
[2019.05.07-07.35.02:290][  0]LogEngineSessionManager: EngineSessionManager initialized
[2019.05.07-07.35.02:340][  0]LogInit: Transaction tracking system initialized
[2019.05.07-07.35.02:410][  0]BlueprintLog: New page: Editor Load
[2019.05.07-07.35.02:652][  0]LocalizationService: Localization service is disabled
[2019.05.07-07.35.03:349][  0]LogFileCache: Scanning file cache for directory 'D:/Projektwoche 2019 IT-Projekt/Projektwoche_2019_IT-Projekt/PW_2019_ITProjekt/Content/' took 0.02s
[2019.05.07-07.35.03:349][  0]LogCook: Display: Max memory allowance for cook 16384mb min free memory 0mb
[2019.05.07-07.35.03:350][  0]LogCook: Display: Mobile HDR setting 1
[2019.05.07-07.35.05:418][  0]SourceControl: Source control is disabled
[2019.05.07-07.35.05:419][  0]Cmd: MAP LOAD FILE="../../../Engine/Content/Maps/Templates/Template_Default.umap" TEMPLATE=1 SHOWPROGRESS=1 FEATURELEVEL=3
[2019.05.07-07.35.05:424][  0]LightingResults: New page: Lighting Build
[2019.05.07-07.35.05:435][  0]MapCheck: New page: Map Check
[2019.05.07-07.35.05:435][  0]LightingResults: New page: Lighting Build
[2019.05.07-07.35.05:466][  0]LogUObjectHash: Compacting FUObjectHashTables data took   2.00ms
[2019.05.07-07.35.05:660][  0]LogAIModule: Creating AISystem for world Untitled_1
[2019.05.07-07.35.05:688][  0]LogEditorServer: Finished looking for orphan Actors (0.000 secs)
[2019.05.07-07.35.05:721][  0]LogUObjectHash: Compacting FUObjectHashTables data took   3.03ms
[2019.05.07-07.35.05:722][  0]Cmd: MAP CHECKDEP NOCLEARLOG
[2019.05.07-07.35.05:722][  0]MapCheck: Map check complete: 0 Error(s), 0 Warning(s), took 0,175ms to complete.
[2019.05.07-07.35.05:722][  0]LogFileHelpers: Loading map 'Template_Default' took 0.303
[2019.05.07-07.35.05:898][  0]LogSlate: Updating window title bar state: overlay mode, drag disabled, window buttons hidden, title bar hidden
[2019.05.07-07.35.05:908][  0]LogSlate: Updating window title bar state: overlay mode, drag disabled, window buttons hidden, title bar hidden
[2019.05.07-07.35.05:917][  0]LogSlate: Updating window title bar state: overlay mode, drag disabled, window buttons hidden, title bar hidden
[2019.05.07-07.35.05:925][  0]LogSlate: Updating window title bar state: overlay mode, drag disabled, window buttons hidden, title bar hidden
[2019.05.07-07.35.05:946][  0]LogCollectionManager: Loaded 0 collections in 0.003213 seconds
[2019.05.07-07.35.06:008][  0]LogFileCache: Scanning file cache for directory 'D:/Projektwoche 2019 IT-Projekt/Projektwoche_2019_IT-Projekt/PW_2019_ITProjekt/Saved/Collections/' took 0.01s
[2019.05.07-07.35.06:008][  0]LogFileCache: Scanning file cache for directory 'D:/Projektwoche 2019 IT-Projekt/Projektwoche_2019_IT-Projekt/PW_2019_ITProjekt/Content/Developers/Teilnehmer/Collections/' took 0.01s
[2019.05.07-07.35.06:008][  0]LogFileCache: Scanning file cache for directory 'D:/Projektwoche 2019 IT-Projekt/Projektwoche_2019_IT-Projekt/PW_2019_ITProjekt/Content/Collections/' took 0.00s
[2019.05.07-07.35.06:008][  0]LogCollectionManager: Rebuilt the GUID cache for 0 collections in 0.000000 seconds
[2019.05.07-07.35.06:022][  0]LogContentBrowser: Native class hierarchy populated in 0.0121 seconds. Added 2864 classes and 726 folders.
[2019.05.07-07.35.06:039][  0]LogContentBrowser: Native class hierarchy updated for 'WidgetCarousel' in 0.0003 seconds. Added 0 classes and 0 folders.
[2019.05.07-07.35.06:050][  0]LogPakFile: Registered encryption key '00000000000000000000000000000000': 0 pak files mounted, 0 remain pending
[2019.05.07-07.35.06:059][  0]LogPakFile: Registered encryption key '00000000000000000000000000000000': 0 pak files mounted, 0 remain pending
[2019.05.07-07.35.06:077][  0]LogPakFile: Registered encryption key '00000000000000000000000000000000': 0 pak files mounted, 0 remain pending
[2019.05.07-07.35.06:083][  0]LogPakFile: Registered encryption key '00000000000000000000000000000000': 0 pak files mounted, 0 remain pending
[2019.05.07-07.35.06:089][  0]LogPakFile: Registered encryption key '00000000000000000000000000000000': 0 pak files mounted, 0 remain pending
[2019.05.07-07.35.06:095][  0]LogPakFile: Registered encryption key '00000000000000000000000000000000': 0 pak files mounted, 0 remain pending
[2019.05.07-07.35.06:101][  0]LogPakFile: Registered encryption key '00000000000000000000000000000000': 0 pak files mounted, 0 remain pending
[2019.05.07-07.35.06:107][  0]LogPakFile: Registered encryption key '00000000000000000000000000000000': 0 pak files mounted, 0 remain pending
[2019.05.07-07.35.06:113][  0]LogPakFile: Registered encryption key '00000000000000000000000000000000': 0 pak files mounted, 0 remain pending
[2019.05.07-07.35.06:120][  0]LogPakFile: Registered encryption key '00000000000000000000000000000000': 0 pak files mounted, 0 remain pending
[2019.05.07-07.35.06:126][  0]LogPakFile: Registered encryption key '00000000000000000000000000000000': 0 pak files mounted, 0 remain pending
[2019.05.07-07.35.06:131][  0]LogPakFile: Registered encryption key '00000000000000000000000000000000': 0 pak files mounted, 0 remain pending
[2019.05.07-07.35.06:138][  0]LogPakFile: Registered encryption key '00000000000000000000000000000000': 0 pak files mounted, 0 remain pending
[2019.05.07-07.35.06:145][  0]LogPakFile: Registered encryption key '00000000000000000000000000000000': 0 pak files mounted, 0 remain pending
[2019.05.07-07.35.06:150][  0]LogPakFile: Registered encryption key '00000000000000000000000000000000': 0 pak files mounted, 0 remain pending
[2019.05.07-07.35.06:157][  0]LogPakFile: Registered encryption key '00000000000000000000000000000000': 0 pak files mounted, 0 remain pending
[2019.05.07-07.35.06:188][  0]LogPakFile: Registered encryption key '00000000000000000000000000000000': 0 pak files mounted, 0 remain pending
[2019.05.07-07.35.06:195][  0]LogPakFile: Registered encryption key '00000000000000000000000000000000': 0 pak files mounted, 0 remain pending
[2019.05.07-07.35.06:201][  0]LogPakFile: Registered encryption key '00000000000000000000000000000000': 0 pak files mounted, 0 remain pending
[2019.05.07-07.35.06:206][  0]LogPakFile: Registered encryption key '00000000000000000000000000000000': 0 pak files mounted, 0 remain pending
[2019.05.07-07.35.06:212][  0]LogPakFile: Registered encryption key '00000000000000000000000000000000': 0 pak files mounted, 0 remain pending
[2019.05.07-07.35.06:219][  0]LogPakFile: Registered encryption key '00000000000000000000000000000000': 0 pak files mounted, 0 remain pending
[2019.05.07-07.35.06:225][  0]LogPakFile: Registered encryption key '00000000000000000000000000000000': 0 pak files mounted, 0 remain pending
[2019.05.07-07.35.06:231][  0]LogPakFile: Registered encryption key '00000000000000000000000000000000': 0 pak files mounted, 0 remain pending
[2019.05.07-07.35.06:237][  0]LogPakFile: Registered encryption key '00000000000000000000000000000000': 0 pak files mounted, 0 remain pending
[2019.05.07-07.35.06:243][  0]LogPakFile: Registered encryption key '00000000000000000000000000000000': 0 pak files mounted, 0 remain pending
[2019.05.07-07.35.06:249][  0]LogPakFile: Registered encryption key '00000000000000000000000000000000': 0 pak files mounted, 0 remain pending
[2019.05.07-07.35.06:255][  0]LogPakFile: Registered encryption key '00000000000000000000000000000000': 0 pak files mounted, 0 remain pending
[2019.05.07-07.35.06:476][  0]LogContentBrowser: Native class hierarchy updated for 'AddContentDialog' in 0.0003 seconds. Added 0 classes and 0 folders.
[2019.05.07-07.35.06:485][  0]LogContentBrowser: Native class hierarchy updated for 'SceneOutliner' in 0.0003 seconds. Added 1 classes and 0 folders.
[2019.05.07-07.35.06:545][  0]LogSlate: Took 0.007460 seconds to synchronously load lazily loaded font '../../../Engine/Content/Slate/Fonts/Roboto-Regular.ttf' (155K)
[2019.05.07-07.35.06:553][  0]LogSlate: Took 0.005462 seconds to synchronously load lazily loaded font '../../../Engine/Content/Slate/Fonts/Roboto-Bold.ttf' (160K)
[2019.05.07-07.35.06:567][  0]LogSlate: Took 0.006537 seconds to synchronously load lazily loaded font '../../../Engine/Content/Editor/Slate/Fonts/FontAwesome.ttf' (139K)
[2019.05.07-07.35.06:747][  0]LogRenderer: Reallocating scene render targets to support 1056x556 Format 10 NumSamples 1 (Frame:1).
[2019.05.07-07.35.07:368][  0]LogContentBrowser: Native class hierarchy updated for 'HierarchicalLODOutliner' in 0.0003 seconds. Added 0 classes and 0 folders.
[2019.05.07-07.35.07:369][  0]LogLoad: (Engine Initialization) Total time: 32.22 seconds
[2019.05.07-07.35.07:369][  0]LogLoad: (Engine Initialization) Total Blueprint compile time: 0.00 seconds
[2019.05.07-07.35.07:433][  0]LogAssetRegistry: Asset discovery search completed in 16.5676 seconds
[2019.05.07-07.35.07:436][  0]LogCollectionManager: Rebuilt the object cache for 0 collections in 0.000000 seconds (found 0 objects)
[2019.05.07-07.35.07:436][  0]LogCollectionManager: Fixed up redirectors for 0 collections in 0.000055 seconds (updated 0 objects)
[2019.05.07-07.35.07:446][  0]LogContentStreaming: Texture pool size now 1000 MB
[2019.05.07-07.35.07:495][  0]LogSlate: Took 0.005653 seconds to synchronously load lazily loaded font '../../../Engine/Content/Slate/Fonts/Roboto-Light.ttf' (167K)
[2019.05.07-07.35.20:422][195]LogSlate: FSceneViewport::OnFocusLost() reason 0
[2019.05.07-07.35.44:268][695]LogActorFactory: Actor Factory created Cube
[2019.05.07-07.35.47:137][735]LogActorFactory: Actor Factory created Cube
[2019.05.07-07.35.49:440][766]LogSlate: Took 0.009581 seconds to synchronously load lazily loaded font '../../../Engine/Content/Slate/Fonts/Roboto-Italic.ttf' (157K)
[2019.05.07-07.35.51:237][779]LogSlate: FSceneViewport::OnFocusLost() reason 0
[2019.05.07-07.35.59:502][880]LogEditorViewport: Clicking on Actor (LMB): StaticMeshActor (Floor)
[2019.05.07-07.36.08:786][ 11]LogEditorViewport: Clicking on Actor (LMB): StaticMeshActor (Cube)
[2019.05.07-07.36.10:124][ 29]Cmd: EDIT COPY
[2019.05.07-07.36.31:215][327]LogSlate: FSceneViewport::OnFocusLost() reason 2
[2019.05.07-07.36.32:546][403]LogEditorViewport: Clicking on Actor (LMB): StaticMeshActor (Floor)
[2019.05.07-07.36.44:958][573]LogEditorViewport: Clicking on Actor (LMB): StaticMeshActor (Cube)
[2019.05.07-07.36.48:171][605]LogSlate: FSceneViewport::OnFocusLost() reason 0
[2019.05.07-07.36.53:718][670]LogEditorViewport: Clicking on Actor (LMB): StaticMeshActor (Cube2)
[2019.05.07-07.36.55:033][686]LogSlate: FSceneViewport::OnFocusLost() reason 0
[2019.05.07-07.37.11:312][937]LogEditorViewport: Clicking on Actor (LMB): StaticMeshActor (Floor)
[2019.05.07-07.37.12:224][950]LogEditorViewport: Clicking on Actor (LMB): StaticMeshActor (Cube)
[2019.05.07-07.37.14:101][969]LogSlate: FSceneViewport::OnFocusLost() reason 0
[2019.05.07-07.37.30:789][469]LogEditorViewport: Clicking on Actor (LMB): StaticMeshActor (Floor)
[2019.05.07-07.37.32:178][487]LogEditorViewport: Clicking on Actor (LMB): BP_Sky_Sphere_C (Sky Sphere)
[2019.05.07-07.37.33:342][502]LogSlate: FSceneViewport::OnFocusLost() reason 0
[2019.05.07-07.37.33:490][504]LogTemp: Repeating last play command: Simulate
[2019.05.07-07.37.33:515][504]LogBlueprintUserMessages: Early PlayInEditor Detection: Level '/Temp/Untitled_1.Untitled_1:PersistentLevel' has LevelScriptBlueprint '/Temp/Untitled_1.Untitled_1:PersistentLevel.Untitled' with GeneratedClass '/Temp/Untitled_1.Untitled_C' with ClassGeneratedBy '/Temp/Untitled_1.Untitled_1:PersistentLevel.Untitled'
[2019.05.07-07.37.33:516][504]LogPlayLevel: PlayLevel: No blueprints needed recompiling
[2019.05.07-07.37.33:517][504]PIE: New page: SIE session: Untitled_1 (07.05.2019 11:37:33)
[2019.05.07-07.37.33:534][504]LogPlayLevel: Creating play world package: /Temp/UEDPIE_0_Untitled_1
[2019.05.07-07.37.33:541][504]LogPlayLevel: PIE: StaticDuplicateObject took: (0.005641s)
[2019.05.07-07.37.33:541][504]LogAIModule: Creating AISystem for world Untitled_1
[2019.05.07-07.37.33:542][504]LogPlayLevel: PIE: World Init took: (0.001704s)
[2019.05.07-07.37.33:542][504]LogPlayLevel: PIE: Created PIE world by copying editor world from /Temp/Untitled_1.Untitled_1 to /Temp/UEDPIE_0_Untitled_1.Untitled_1 (0.007654s)
[2019.05.07-07.37.33:571][504]LogUObjectHash: Compacting FUObjectHashTables data took   1.60ms
[2019.05.07-07.37.33:580][504]LogInit: XAudio2 using 'Lautsprecher (EPSON Projector ENP Audio Device)' : 2 channels at 44.1 kHz using 16 bits per sample (channel mask 0x3)
[2019.05.07-07.37.33:589][504]LogInit: FAudioDevice initialized.
[2019.05.07-07.37.33:640][504]LogLoad: Game class is 'GameModeBase'
[2019.05.07-07.37.33:649][504]LogWorld: Bringing World /Temp/UEDPIE_0_Untitled_1.Untitled_1 up for play (max tick rate 0) at 2019.05.07-09.37.33
[2019.05.07-07.37.33:650][504]LogWorld: Bringing up level for play took: 0.001290
[2019.05.07-07.37.33:687][504]LogContentBrowser: Native class hierarchy updated for 'MovieSceneCapture' in 0.0005 seconds. Added 20 classes and 0 folders.
[2019.05.07-07.37.33:691][504]PIE: Play in editor start time for /Temp/UEDPIE_0_Untitled_1 -0,549
[2019.05.07-07.37.33:718][504]LogBlueprintUserMessages: Late PlayInEditor Detection: Level '/Temp/Untitled_1.Untitled_1:PersistentLevel' has LevelScriptBlueprint '/Temp/Untitled_1.Untitled_1:PersistentLevel.Untitled' with GeneratedClass '/Temp/Untitled_1.Untitled_C' with ClassGeneratedBy '/Temp/Untitled_1.Untitled_1:PersistentLevel.Untitled'
[2019.05.07-07.37.37:295][551]LogBlueprintUserMessages: Early EndPlayMap Detection: Level '/Temp/Untitled_1.Untitled_1:PersistentLevel' has LevelScriptBlueprint '/Temp/Untitled_1.Untitled_1:PersistentLevel.Untitled' with GeneratedClass '/Temp/Untitled_1.Untitled_C' with ClassGeneratedBy '/Temp/Untitled_1.Untitled_1:PersistentLevel.Untitled'
[2019.05.07-07.37.37:301][551]LogSlate: Updating window title bar state: overlay mode, drag disabled, window buttons hidden, title bar hidden
[2019.05.07-07.37.37:417][551]LogPlayLevel: Display: Shutting down PIE online subsystems
[2019.05.07-07.37.37:417][551]LogBlueprintUserMessages: Late EndPlayMap Detection: Level '/Temp/Untitled_1.Untitled_1:PersistentLevel' has LevelScriptBlueprint '/Temp/Untitled_1.Untitled_1:PersistentLevel.Untitled' with GeneratedClass '/Temp/Untitled_1.Untitled_C' with ClassGeneratedBy '/Temp/Untitled_1.Untitled_1:PersistentLevel.Untitled'
[2019.05.07-07.37.37:459][551]LogSlate: Updating window title bar state: overlay mode, drag disabled, window buttons hidden, title bar hidden
[2019.05.07-07.37.37:466][551]LogUObjectHash: Compacting FUObjectHashTables data took   1.99ms
[2019.05.07-07.37.37:480][552]LogPlayLevel: Display: Destroying online subsystem :Context_3
[2019.05.07-07.37.37:525][553]LogOutputDevice: Warning: 

Script Stack (0 frames):

[2019.05.07-07.37.37:526][553]LogWindows: Windows GetLastError: Der Vorgang wurde erfolgreich beendet. (0)
[2019.05.07-07.37.40:028][553]LogWindows: Error: === Critical error: ===
[2019.05.07-07.37.40:028][553]LogWindows: Error: 
[2019.05.07-07.37.40:028][553]LogWindows: Error: Assertion failed: PlatformNeedsExtraDeletionLatency() || (NumRefs.GetValue() == 0 && (CurrentlyDeleting == this || bDoNotDeferDelete || Bypass())) [File:d:\build\++ue4\sync\engine\source\runtime\rhi\public\RHIResources.h] [Line: 40] 
[2019.05.07-07.37.40:028][553]LogWindows: Error: 
[2019.05.07-07.37.40:028][553]LogWindows: Error: 
[2019.05.07-07.37.40:028][553]LogWindows: Error: 
[2019.05.07-07.37.40:028][553]LogWindows: Error: [Callstack] 0x00007ff8b4c79129 KERNELBASE.dll!UnknownFunction []
[2019.05.07-07.37.40:028][553]LogWindows: Error: [Callstack] 0x00007ff8760f1f07 UE4Editor-Core.dll!UnknownFunction []
[2019.05.07-07.37.40:028][553]LogWindows: Error: [Callstack] 0x00007ff8760f46b7 UE4Editor-Core.dll!UnknownFunction []
[2019.05.07-07.37.40:028][553]LogWindows: Error: [Callstack] 0x00007ff875f07cea UE4Editor-Core.dll!UnknownFunction []
[2019.05.07-07.37.40:028][553]LogWindows: Error: [Callstack] 0x00007ff875e8fe07 UE4Editor-Core.dll!UnknownFunction []
[2019.05.07-07.37.40:028][553]LogWindows: Error: [Callstack] 0x00007ff875e90499 UE4Editor-Core.dll!UnknownFunction []
[2019.05.07-07.37.40:028][553]LogWindows: Error: [Callstack] 0x00007ff8a187e790 UE4Editor-RHI.dll!UnknownFunction []
[2019.05.07-07.37.40:028][553]LogWindows: Error: [Callstack] 0x00007ff86b3e83c9 UE4Editor-Renderer.dll!UnknownFunction []
[2019.05.07-07.37.40:028][553]LogWindows: Error: [Callstack] 0x00007ff86b3ef7be UE4Editor-Renderer.dll!UnknownFunction []
[2019.05.07-07.37.40:028][553]LogWindows: Error: [Callstack] 0x00007ff8a1994ba4 UE4Editor-RenderCore.dll!UnknownFunction []
[2019.05.07-07.37.40:028][553]LogWindows: Error: [Callstack] 0x00007ff6cbdbe61f UE4Editor.exe!UnknownFunction []
[2019.05.07-07.37.40:028][553]LogWindows: Error: [Callstack] 0x00007ff6cbdb92ab UE4Editor.exe!UnknownFunction []
[2019.05.07-07.37.40:029][553]LogWindows: Error: [Callstack] 0x00007ff6cbdc554c UE4Editor.exe!UnknownFunction []
[2019.05.07-07.37.40:029][553]LogWindows: Error: [Callstack] 0x00007ff6cbdc55ca UE4Editor.exe!UnknownFunction []
[2019.05.07-07.37.40:029][553]LogWindows: Error: [Callstack] 0x00007ff6cbdd316c UE4Editor.exe!UnknownFunction []
[2019.05.07-07.37.40:029][553]LogWindows: Error: [Callstack] 0x00007ff6cbdd5b8e UE4Editor.exe!UnknownFunction []
[2019.05.07-07.37.40:029][553]LogWindows: Error: [Callstack] 0x00007ff8b5997974 KERNEL32.DLL!UnknownFunction []
[2019.05.07-07.37.40:029][553]LogWindows: Error: [Callstack] 0x00007ff8b848a271 ntdll.dll!UnknownFunction []
[2019.05.07-07.37.40:029][553]LogWindows: Error: 
[2019.05.07-07.37.40:053][553]LogExit: Executing StaticShutdownAfterError
[2019.05.07-07.37.40:069][553]LogWindows: FPlatformMisc::RequestExit(1)
[2019.05.07-07.37.40:074][553]Log file closed, 05/07/19 09:37:40
