Log file open, 05/07/19 09:38:02
LogWindows: Failed to load 'aqProf.dll' (GetLastError=126)
LogWindows: File 'aqProf.dll' does not exist
LogWindows: Failed to load 'VtuneApi.dll' (GetLastError=126)
LogWindows: File 'VtuneApi.dll' does not exist
LogWindows: Failed to load 'VtuneApi32e.dll' (GetLastError=126)
LogWindows: File 'VtuneApi32e.dll' does not exist
LogConsoleResponse: Display: Failed to find resolution value strings in scalability ini. Falling back to default.
LogInit: Display: Running engine for game: PW_2019_ITProjekt
LogPakFile: Registered encryption key '00000000000000000000000000000000': 0 pak files mounted, 0 remain pending
LogPlatformFile: Not using cached read wrapper
LogTaskGraph: Started task graph with 5 named threads and 14 total threads with 3 sets of task threads.
LogStats: Stats thread started at 0.265674
LogD3D11RHI: Loaded GFSDK_Aftermath_Lib.x64.dll
LogICUInternationalization: ICU TimeZone Detection - Raw Offset: +1:00, Platform Override: ''
LogPluginManager: Mounting plugin Paper2D
LogPluginManager: Mounting plugin AISupport
LogPluginManager: Mounting plugin LightPropagationVolume
LogPluginManager: Mounting plugin ActorLayerUtilities
LogPluginManager: Mounting plugin AnimationSharing
LogPluginManager: Mounting plugin CLionSourceCodeAccess
LogPluginManager: Mounting plugin CodeLiteSourceCodeAccess
LogPluginManager: Mounting plugin GitSourceControl
LogPluginManager: Mounting plugin KDevelopSourceCodeAccess
LogPluginManager: Mounting plugin NullSourceCodeAccess
LogPluginManager: Mounting plugin PerforceSourceControl
LogPluginManager: Mounting plugin SubversionSourceControl
LogPluginManager: Mounting plugin UObjectPlugin
LogPluginManager: Mounting plugin VisualStudioCodeSourceCodeAccess
LogPluginManager: Mounting plugin VisualStudioSourceCodeAccess
LogPluginManager: Mounting plugin XCodeSourceCodeAccess
LogPluginManager: Mounting plugin AssetManagerEditor
LogPluginManager: Mounting plugin CryptoKeys
LogPluginManager: Mounting plugin DataValidation
LogPluginManager: Mounting plugin EditorScriptingUtilities
LogPluginManager: Mounting plugin FacialAnimation
LogPluginManager: Mounting plugin GameplayTagsEditor
LogPluginManager: Mounting plugin GLTFImporter
LogPluginManager: Mounting plugin MacGraphicsSwitching
LogPluginManager: Mounting plugin MaterialAnalyzer
LogPluginManager: Mounting plugin MeshEditor
LogPluginManager: Mounting plugin MobileLauncherProfileWizard
LogPluginManager: Mounting plugin PluginBrowser
LogPluginManager: Mounting plugin SpeedTreeImporter
LogPluginManager: Mounting plugin DatasmithContent
LogPluginManager: Mounting plugin VariantManagerContent
LogPluginManager: Mounting plugin AlembicImporter
LogPluginManager: Mounting plugin AppleImageUtils
LogPluginManager: Mounting plugin AppleVision
LogPluginManager: Mounting plugin BackChannel
LogPluginManager: Mounting plugin BlastPlugin
LogPluginManager: Mounting plugin ChaosSolverPlugin
LogPluginManager: Mounting plugin CharacterAI
LogPluginManager: Mounting plugin GeometryCache
LogPluginManager: Mounting plugin GeometryCollectionPlugin
LogPluginManager: Mounting plugin HTML5Networking
LogPluginManager: Mounting plugin ProxyLODPlugin
LogPluginManager: Mounting plugin SkeletalReduction
LogPluginManager: Mounting plugin MagicLeap
LogPluginManager: Mounting plugin MagicLeapMedia
LogPluginManager: Mounting plugin AndroidMedia
LogPluginManager: Mounting plugin AvfMedia
LogPluginManager: Mounting plugin ImgMedia
LogPluginManager: Mounting plugin LinearTimecode
LogPluginManager: Mounting plugin MediaCompositing
LogPluginManager: Mounting plugin MediaPlayerEditor
LogPluginManager: Mounting plugin WebMMedia
LogPluginManager: Mounting plugin WmfMedia
LogPluginManager: Mounting plugin TcpMessaging
LogPluginManager: Mounting plugin UdpMessaging
LogPluginManager: Mounting plugin ActorSequence
LogPluginManager: Mounting plugin LevelSequenceEditor
LogPluginManager: Mounting plugin MatineeToLevelSequence
LogPluginManager: Mounting plugin NetcodeUnitTest
LogPluginManager: Mounting plugin NUTUnrealEngine4
LogPluginManager: Mounting plugin OnlineSubsystemGooglePlay
LogPluginManager: Mounting plugin OnlineSubsystemIOS
LogPluginManager: Mounting plugin OnlineSubsystem
LogPluginManager: Mounting plugin OnlineSubsystemNull
LogPluginManager: Mounting plugin OnlineSubsystemUtils
LogPluginManager: Mounting plugin LauncherChunkInstaller
LogPluginManager: Mounting plugin AndroidDeviceProfileSelector
LogPluginManager: Mounting plugin AndroidMoviePlayer
LogPluginManager: Mounting plugin AndroidPermission
LogPluginManager: Mounting plugin AppleMoviePlayer
LogPluginManager: Mounting plugin ArchVisCharacter
LogPluginManager: Mounting plugin AudioCapture
LogPluginManager: Mounting plugin CableComponent
LogPluginManager: Mounting plugin CustomMeshComponent
LogPluginManager: Mounting plugin EditableMesh
LogPluginManager: Mounting plugin ExampleDeviceProfileSelector
LogPluginManager: Mounting plugin Firebase
LogPluginManager: Mounting plugin GoogleCloudMessaging
LogPluginManager: Mounting plugin IOSDeviceProfileSelector
LogPluginManager: Mounting plugin LinuxDeviceProfileSelector
LogPluginManager: Mounting plugin LocationServicesBPLibrary
LogPluginManager: Mounting plugin MobilePatchingUtils
LogPluginManager: Mounting plugin OculusVR
LogPluginManager: Mounting plugin PhysXVehicles
LogPluginManager: Mounting plugin ProceduralMeshComponent
LogPluginManager: Mounting plugin RuntimePhysXCooking
LogPluginManager: Mounting plugin SignificanceManager
LogPluginManager: Mounting plugin SteamVR
LogPluginManager: Mounting plugin WebMMoviePlayer
LogPluginManager: Mounting plugin WindowsMoviePlayer
LogPluginManager: Mounting plugin DatasmithCADImporter
LogPluginManager: Mounting plugin DatasmithDataPrepEditor
LogPluginManager: Mounting plugin DatasmithFBXImporter
LogPluginManager: Mounting plugin DatasmithGLTFImporter
LogPluginManager: Mounting plugin DatasmithImporter
LogPluginManager: Mounting plugin MDLImporter
LogPluginManager: Mounting plugin StaticMeshEditorExtension
LogPluginManager: Mounting plugin VariantManager
LogInit: Using libcurl 7.55.1-DEV
LogInit:  - built for x86_64-pc-win32
LogInit:  - supports SSL with OpenSSL/1.1.1
LogInit:  - supports HTTP deflate (compression) using libz 1.2.8
LogInit:  - other features:
LogInit:      CURL_VERSION_SSL
LogInit:      CURL_VERSION_LIBZ
LogInit:      CURL_VERSION_IPV6
LogInit:      CURL_VERSION_ASYNCHDNS
LogInit:      CURL_VERSION_LARGEFILE
LogInit:      CURL_VERSION_IDN
LogInit:  CurlRequestOptions (configurable via config and command line):
LogInit:  - bVerifyPeer = true  - Libcurl will verify peer certificate
LogInit:  - bUseHttpProxy = false  - Libcurl will NOT use HTTP proxy
LogInit:  - bDontReuseConnections = false  - Libcurl will reuse connections
LogInit:  - MaxHostConnections = 16  - Libcurl will limit the number of connections to a host
LogInit:  - LocalHostAddr = Default
LogInit:  - BufferSize = 65536
LogInit: WinSock: version 1.1 (2.2), MaxSocks=32767, MaxUdp=65467
LogInit: Build: ++UE4+Release-4.22-CL-6063286
LogInit: Engine Version: 4.22.1-6063286+++UE4+Release-4.22
LogInit: Compatible Engine Version: 4.22.0-5660361+++UE4+Release-4.22
LogInit: Net CL: 5660361
LogInit: OS: Windows 10 (Release 1809) (), CPU: Intel(R) Core(TM) i5-4460  CPU @ 3.20GHz, GPU: Intel(R) HD Graphics 4600
LogInit: Compiled (64-bit): Apr 24 2019 04:36:48
LogInit: Compiled with Visual C++: 19.16.27025.01
LogInit: Build Configuration: Development
LogInit: Branch Name: ++UE4+Release-4.22
LogInit: Command Line: 
LogInit: Base Directory: C:/Program Files/Epic Games/UE_4.22/Engine/Binaries/Win64/
LogInit: Installed Engine Build: 1
LogDevObjectVersion: Number of dev versions registered: 23
LogDevObjectVersion:   Dev-Blueprints (B0D832E4-1F89-4F0D-ACCF-7EB736FD4AA2): 10
LogDevObjectVersion:   Dev-Build (E1C64328-A22C-4D53-A36C-8E866417BD8C): 0
LogDevObjectVersion:   Dev-Core (375EC13C-06E4-48FB-B500-84F0262A717E): 3
LogDevObjectVersion:   Dev-Editor (E4B068ED-F494-42E9-A231-DA0B2E46BB41): 30
LogDevObjectVersion:   Dev-Framework (CFFC743F-43B0-4480-9391-14DF171D2073): 35
LogDevObjectVersion:   Dev-Mobile (B02B49B5-BB20-44E9-A304-32B752E40360): 2
LogDevObjectVersion:   Dev-Networking (A4E4105C-59A1-49B5-A7C5-40C4547EDFEE): 0
LogDevObjectVersion:   Dev-Online (39C831C9-5AE6-47DC-9A44-9C173E1C8E7C): 0
LogDevObjectVersion:   Dev-Physics (78F01B33-EBEA-4F98-B9B4-84EACCB95AA2): 0
LogDevObjectVersion:   Dev-Platform (6631380F-2D4D-43E0-8009-CF276956A95A): 0
LogDevObjectVersion:   Dev-Rendering (12F88B9F-8875-4AFC-A67C-D90C383ABD29): 28
LogDevObjectVersion:   Dev-Sequencer (7B5AE74C-D270-4C10-A958-57980B212A5A): 11
LogDevObjectVersion:   Dev-VR (D7296918-1DD6-4BDD-9DE2-64A83CC13884): 2
LogDevObjectVersion:   Dev-LoadTimes (C2A15278-BFE7-4AFE-6C17-90FF531DF755): 1
LogDevObjectVersion:   Private-Geometry (6EACA3D4-40EC-4CC1-B786-8BED09428FC5): 3
LogDevObjectVersion:   Dev-AnimPhys (29E575DD-E0A3-4627-9D10-D276232CDCEA): 17
LogDevObjectVersion:   Dev-Anim (AF43A65D-7FD3-4947-9873-3E8ED9C1BB05): 2
LogDevObjectVersion:   Dev-ReflectionCapture (6B266CEC-1EC7-4B8F-A30B-E4D90942FC07): 1
LogDevObjectVersion:   Dev-Automation (0DF73D61-A23F-47EA-B727-89E90C41499A): 1
LogDevObjectVersion:   FortniteMain (601D1886-AC64-4F84-AA16-D3DE0DEAC7D6): 25
LogDevObjectVersion:   Dev-Enterprise (9DFFBCD6-494F-0158-E221-12823C92A888): 6
LogDevObjectVersion:   Dev-Niagara (F2AED0AC-9AFE-416F-8664-AA7FFA26D6FC): 1
LogDevObjectVersion:   Dev-Destruction (174F1F0B-B4C6-45A5-B13F-2EE8D0FB917D): 2
LogInit: Presizing for max 16777216 objects, including 0 objects not considered by GC, pre-allocating 0 bytes for permanent pool.
LogInit: Object subsystem initialized
LogConfig: Setting CVar [[con.DebugEarlyDefault:1]]
LogConfig: Setting CVar [[r.setres:1280x720]]
[2019.05.07-07.38.03:048][  0]LogConfig: Setting CVar [[r.VSync:0]]
[2019.05.07-07.38.03:048][  0]LogConfig: Setting CVar [[r.RHICmdBypass:0]]
[2019.05.07-07.38.03:048][  0]LogConfig: Applying CVar settings from Section [/Script/Engine.RendererSettings] File [D:/Projektwoche 2019 IT-Projekt/Projektwoche_2019_IT-Projekt/PW_2019_ITProjekt/Saved/Config/Windows/Engine.ini]
[2019.05.07-07.38.03:048][  0]LogConfig: Setting CVar [[r.GPUCrashDebugging:0]]
[2019.05.07-07.38.03:048][  0]LogConfig: Setting CVar [[r.DefaultFeature.AutoExposure.ExtendDefaultLuminanceRange:1]]
[2019.05.07-07.38.03:048][  0]LogConfig: Applying CVar settings from Section [/Script/Engine.RendererOverrideSettings] File [D:/Projektwoche 2019 IT-Projekt/Projektwoche_2019_IT-Projekt/PW_2019_ITProjekt/Saved/Config/Windows/Engine.ini]
[2019.05.07-07.38.03:048][  0]LogConfig: Applying CVar settings from Section [/Script/Engine.StreamingSettings] File [D:/Projektwoche 2019 IT-Projekt/Projektwoche_2019_IT-Projekt/PW_2019_ITProjekt/Saved/Config/Windows/Engine.ini]
[2019.05.07-07.38.03:048][  0]LogConfig: Setting CVar [[s.MinBulkDataSizeForAsyncLoading:131072]]
[2019.05.07-07.38.03:048][  0]LogConfig: Setting CVar [[s.AsyncLoadingThreadEnabled:0]]
[2019.05.07-07.38.03:048][  0]LogConfig: Setting CVar [[s.EventDrivenLoaderEnabled:1]]
[2019.05.07-07.38.03:048][  0]LogConfig: Setting CVar [[s.WarnIfTimeLimitExceeded:0]]
[2019.05.07-07.38.03:048][  0]LogConfig: Setting CVar [[s.TimeLimitExceededMultiplier:1.5]]
[2019.05.07-07.38.03:048][  0]LogConfig: Setting CVar [[s.TimeLimitExceededMinTime:0.005]]
[2019.05.07-07.38.03:048][  0]LogConfig: Setting CVar [[s.UseBackgroundLevelStreaming:1]]
[2019.05.07-07.38.03:048][  0]LogConfig: Setting CVar [[s.PriorityAsyncLoadingExtraTime:15.0]]
[2019.05.07-07.38.03:048][  0]LogConfig: Setting CVar [[s.LevelStreamingActorsUpdateTimeLimit:5.0]]
[2019.05.07-07.38.03:048][  0]LogConfig: Setting CVar [[s.PriorityLevelStreamingActorsUpdateExtraTime:5.0]]
[2019.05.07-07.38.03:048][  0]LogConfig: Setting CVar [[s.LevelStreamingComponentsRegistrationGranularity:10]]
[2019.05.07-07.38.03:048][  0]LogConfig: Setting CVar [[s.UnregisterComponentsTimeLimit:1.0]]
[2019.05.07-07.38.03:048][  0]LogConfig: Setting CVar [[s.LevelStreamingComponentsUnregistrationGranularity:5]]
[2019.05.07-07.38.03:048][  0]LogConfig: Applying CVar settings from Section [/Script/Engine.GarbageCollectionSettings] File [D:/Projektwoche 2019 IT-Projekt/Projektwoche_2019_IT-Projekt/PW_2019_ITProjekt/Saved/Config/Windows/Engine.ini]
[2019.05.07-07.38.03:048][  0]LogConfig: Setting CVar [[gc.MaxObjectsNotConsideredByGC:1]]
[2019.05.07-07.38.03:048][  0]LogConfig: Setting CVar [[gc.SizeOfPermanentObjectPool:0]]
[2019.05.07-07.38.03:048][  0]LogConfig: Setting CVar [[gc.FlushStreamingOnGC:0]]
[2019.05.07-07.38.03:048][  0]LogConfig: Setting CVar [[gc.NumRetriesBeforeForcingGC:10]]
[2019.05.07-07.38.03:048][  0]LogConfig: Setting CVar [[gc.AllowParallelGC:1]]
[2019.05.07-07.38.03:048][  0]LogConfig: Setting CVar [[gc.TimeBetweenPurgingPendingKillObjects:61.1]]
[2019.05.07-07.38.03:048][  0]LogConfig: Setting CVar [[gc.MaxObjectsInEditor:16777216]]
[2019.05.07-07.38.03:048][  0]LogConfig: Setting CVar [[gc.IncrementalBeginDestroyEnabled:1]]
[2019.05.07-07.38.03:048][  0]LogConfig: Setting CVar [[gc.CreateGCClusters:1]]
[2019.05.07-07.38.03:048][  0]LogConfig: Setting CVar [[gc.MinGCClusterSize:5]]
[2019.05.07-07.38.03:048][  0]LogConfig: Setting CVar [[gc.ActorClusteringEnabled:0]]
[2019.05.07-07.38.03:048][  0]LogConfig: Setting CVar [[gc.BlueprintClusteringEnabled:0]]
[2019.05.07-07.38.03:048][  0]LogConfig: Setting CVar [[gc.UseDisregardForGCOnDedicatedServers:0]]
[2019.05.07-07.38.03:048][  0]LogConfig: Applying CVar settings from Section [/Script/Engine.NetworkSettings] File [D:/Projektwoche 2019 IT-Projekt/Projektwoche_2019_IT-Projekt/PW_2019_ITProjekt/Saved/Config/Windows/Engine.ini]
[2019.05.07-07.38.03:048][  0]LogConfig: Applying CVar settings from Section [/Script/UnrealEd.CookerSettings] File [D:/Projektwoche 2019 IT-Projekt/Projektwoche_2019_IT-Projekt/PW_2019_ITProjekt/Saved/Config/Windows/Engine.ini]
[2019.05.07-07.38.03:051][  0]LogConfig: Applying CVar settings from Section [ViewDistanceQuality@3] File [D:/Projektwoche 2019 IT-Projekt/Projektwoche_2019_IT-Projekt/PW_2019_ITProjekt/Saved/Config/Windows/Scalability.ini]
[2019.05.07-07.38.03:051][  0]LogConfig: Setting CVar [[r.SkeletalMeshLODBias:0]]
[2019.05.07-07.38.03:051][  0]LogConfig: Setting CVar [[r.ViewDistanceScale:1.0]]
[2019.05.07-07.38.03:051][  0]LogConfig: Applying CVar settings from Section [AntiAliasingQuality@3] File [D:/Projektwoche 2019 IT-Projekt/Projektwoche_2019_IT-Projekt/PW_2019_ITProjekt/Saved/Config/Windows/Scalability.ini]
[2019.05.07-07.38.03:051][  0]LogConfig: Setting CVar [[r.PostProcessAAQuality:4]]
[2019.05.07-07.38.03:051][  0]LogConfig: Applying CVar settings from Section [ShadowQuality@3] File [D:/Projektwoche 2019 IT-Projekt/Projektwoche_2019_IT-Projekt/PW_2019_ITProjekt/Saved/Config/Windows/Scalability.ini]
[2019.05.07-07.38.03:051][  0]LogConfig: Setting CVar [[r.LightFunctionQuality:1]]
[2019.05.07-07.38.03:051][  0]LogConfig: Setting CVar [[r.ShadowQuality:5]]
[2019.05.07-07.38.03:051][  0]LogConfig: Setting CVar [[r.Shadow.CSM.MaxCascades:10]]
[2019.05.07-07.38.03:051][  0]LogConfig: Setting CVar [[r.Shadow.MaxResolution:2048]]
[2019.05.07-07.38.03:051][  0]LogConfig: Setting CVar [[r.Shadow.MaxCSMResolution:2048]]
[2019.05.07-07.38.03:051][  0]LogConfig: Setting CVar [[r.Shadow.RadiusThreshold:0.01]]
[2019.05.07-07.38.03:051][  0]LogConfig: Setting CVar [[r.Shadow.DistanceScale:1.0]]
[2019.05.07-07.38.03:051][  0]LogConfig: Setting CVar [[r.Shadow.CSM.TransitionScale:1.0]]
[2019.05.07-07.38.03:051][  0]LogConfig: Setting CVar [[r.Shadow.PreShadowResolutionFactor:1.0]]
[2019.05.07-07.38.03:051][  0]LogConfig: Setting CVar [[r.DistanceFieldShadowing:1]]
[2019.05.07-07.38.03:051][  0]LogConfig: Setting CVar [[r.DistanceFieldAO:1]]
[2019.05.07-07.38.03:051][  0]LogConfig: Setting CVar [[r.AOQuality:2]]
[2019.05.07-07.38.03:051][  0]LogConfig: Setting CVar [[r.VolumetricFog:1]]
[2019.05.07-07.38.03:051][  0]LogConfig: Setting CVar [[r.VolumetricFog.GridPixelSize:8]]
[2019.05.07-07.38.03:051][  0]LogConfig: Setting CVar [[r.VolumetricFog.GridSizeZ:128]]
[2019.05.07-07.38.03:051][  0]LogConfig: Setting CVar [[r.VolumetricFog.HistoryMissSupersampleCount:4]]
[2019.05.07-07.38.03:051][  0]LogConfig: Setting CVar [[r.LightMaxDrawDistanceScale:1]]
[2019.05.07-07.38.03:051][  0]LogConfig: Setting CVar [[r.CapsuleShadows:1]]
[2019.05.07-07.38.03:051][  0]LogConfig: Applying CVar settings from Section [PostProcessQuality@3] File [D:/Projektwoche 2019 IT-Projekt/Projektwoche_2019_IT-Projekt/PW_2019_ITProjekt/Saved/Config/Windows/Scalability.ini]
[2019.05.07-07.38.03:052][  0]LogConfig: Setting CVar [[r.MotionBlurQuality:4]]
[2019.05.07-07.38.03:052][  0]LogConfig: Setting CVar [[r.AmbientOcclusionMipLevelFactor:0.4]]
[2019.05.07-07.38.03:052][  0]LogConfig: Setting CVar [[r.AmbientOcclusionMaxQuality:100]]
[2019.05.07-07.38.03:052][  0]LogConfig: Setting CVar [[r.AmbientOcclusionLevels:-1]]
[2019.05.07-07.38.03:052][  0]LogConfig: Setting CVar [[r.AmbientOcclusionRadiusScale:1.0]]
[2019.05.07-07.38.03:052][  0]LogConfig: Setting CVar [[r.DepthOfFieldQuality:2]]
[2019.05.07-07.38.03:052][  0]LogConfig: Setting CVar [[r.RenderTargetPoolMin:400]]
[2019.05.07-07.38.03:052][  0]LogConfig: Setting CVar [[r.LensFlareQuality:2]]
[2019.05.07-07.38.03:052][  0]LogConfig: Setting CVar [[r.SceneColorFringeQuality:1]]
[2019.05.07-07.38.03:052][  0]LogConfig: Setting CVar [[r.EyeAdaptationQuality:2]]
[2019.05.07-07.38.03:052][  0]LogConfig: Setting CVar [[r.BloomQuality:5]]
[2019.05.07-07.38.03:052][  0]LogConfig: Setting CVar [[r.FastBlurThreshold:100]]
[2019.05.07-07.38.03:052][  0]LogConfig: Setting CVar [[r.Upscale.Quality:3]]
[2019.05.07-07.38.03:052][  0]LogConfig: Setting CVar [[r.Tonemapper.GrainQuantization:1]]
[2019.05.07-07.38.03:052][  0]LogConfig: Setting CVar [[r.LightShaftQuality:1]]
[2019.05.07-07.38.03:052][  0]LogConfig: Setting CVar [[r.Filter.SizeScale:1]]
[2019.05.07-07.38.03:052][  0]LogConfig: Setting CVar [[r.Tonemapper.Quality:5]]
[2019.05.07-07.38.03:052][  0]LogConfig: Setting CVar [[r.DOF.Gather.AccumulatorQuality:1        ; higher gathering accumulator quality]]
[2019.05.07-07.38.03:052][  0]LogConfig: Setting CVar [[r.DOF.Gather.PostfilterMethod:1          ; Median3x3 postfilering method]]
[2019.05.07-07.38.03:052][  0]LogConfig: Setting CVar [[r.DOF.Gather.EnableBokehSettings:0       ; no bokeh simulation when gathering]]
[2019.05.07-07.38.03:052][  0]LogConfig: Setting CVar [[r.DOF.Gather.RingCount:4                 ; medium number of samples when gathering]]
[2019.05.07-07.38.03:052][  0]LogConfig: Setting CVar [[r.DOF.Scatter.ForegroundCompositing:1    ; additive foreground scattering]]
[2019.05.07-07.38.03:052][  0]LogConfig: Setting CVar [[r.DOF.Scatter.BackgroundCompositing:2    ; additive background scattering]]
[2019.05.07-07.38.03:052][  0]LogConfig: Setting CVar [[r.DOF.Scatter.EnableBokehSettings:1      ; bokeh simulation when scattering]]
[2019.05.07-07.38.03:052][  0]LogConfig: Setting CVar [[r.DOF.Scatter.MaxSpriteRatio:0.1         ; only a maximum of 10% of scattered bokeh]]
[2019.05.07-07.38.03:052][  0]LogConfig: Setting CVar [[r.DOF.Recombine.Quality:1                ; cheap slight out of focus]]
[2019.05.07-07.38.03:052][  0]LogConfig: Setting CVar [[r.DOF.Recombine.EnableBokehSettings:0    ; no bokeh simulation on slight out of focus]]
[2019.05.07-07.38.03:052][  0]LogConfig: Setting CVar [[r.DOF.TemporalAAQuality:1                ; more stable temporal accumulation]]
[2019.05.07-07.38.03:052][  0]LogConfig: Setting CVar [[r.DOF.Kernel.MaxForegroundRadius:0.025]]
[2019.05.07-07.38.03:052][  0]LogConfig: Setting CVar [[r.DOF.Kernel.MaxBackgroundRadius:0.025]]
[2019.05.07-07.38.03:052][  0]LogConfig: Applying CVar settings from Section [TextureQuality@3] File [D:/Projektwoche 2019 IT-Projekt/Projektwoche_2019_IT-Projekt/PW_2019_ITProjekt/Saved/Config/Windows/Scalability.ini]
[2019.05.07-07.38.03:052][  0]LogConfig: Setting CVar [[r.Streaming.MipBias:0]]
[2019.05.07-07.38.03:052][  0]LogConfig: Setting CVar [[r.Streaming.AmortizeCPUToGPUCopy:0]]
[2019.05.07-07.38.03:052][  0]LogConfig: Setting CVar [[r.Streaming.MaxNumTexturesToStreamPerFrame:0]]
[2019.05.07-07.38.03:052][  0]LogConfig: Setting CVar [[r.Streaming.Boost:1]]
[2019.05.07-07.38.03:052][  0]LogConfig: Setting CVar [[r.MaxAnisotropy:8]]
[2019.05.07-07.38.03:052][  0]LogConfig: Setting CVar [[r.Streaming.LimitPoolSizeToVRAM:0]]
[2019.05.07-07.38.03:052][  0]LogConfig: Setting CVar [[r.Streaming.PoolSize:1000]]
[2019.05.07-07.38.03:052][  0]LogConfig: Setting CVar [[r.Streaming.MaxEffectiveScreenSize:0]]
[2019.05.07-07.38.03:052][  0]LogConfig: Applying CVar settings from Section [EffectsQuality@3] File [D:/Projektwoche 2019 IT-Projekt/Projektwoche_2019_IT-Projekt/PW_2019_ITProjekt/Saved/Config/Windows/Scalability.ini]
[2019.05.07-07.38.03:052][  0]LogConfig: Setting CVar [[r.TranslucencyLightingVolumeDim:64]]
[2019.05.07-07.38.03:052][  0]LogConfig: Setting CVar [[r.RefractionQuality:2]]
[2019.05.07-07.38.03:052][  0]LogConfig: Setting CVar [[r.SSR.Quality:3]]
[2019.05.07-07.38.03:052][  0]LogConfig: Setting CVar [[r.SceneColorFormat:4]]
[2019.05.07-07.38.03:052][  0]LogConfig: Setting CVar [[r.DetailMode:2]]
[2019.05.07-07.38.03:052][  0]LogConfig: Setting CVar [[r.TranslucencyVolumeBlur:1]]
[2019.05.07-07.38.03:052][  0]LogConfig: Setting CVar [[r.MaterialQualityLevel:1 ; High quality]]
[2019.05.07-07.38.03:052][  0]LogConfig: Setting CVar [[r.SSS.Scale:1]]
[2019.05.07-07.38.03:052][  0]LogConfig: Setting CVar [[r.SSS.SampleSet:2]]
[2019.05.07-07.38.03:052][  0]LogConfig: Setting CVar [[r.SSS.Quality:1]]
[2019.05.07-07.38.03:052][  0]LogConfig: Setting CVar [[r.SSS.HalfRes:1]]
[2019.05.07-07.38.03:052][  0]LogConfig: Setting CVar [[r.EmitterSpawnRateScale:1.0]]
[2019.05.07-07.38.03:052][  0]LogConfig: Setting CVar [[r.ParticleLightQuality:2]]
[2019.05.07-07.38.03:052][  0]LogConfig: Applying CVar settings from Section [FoliageQuality@3] File [D:/Projektwoche 2019 IT-Projekt/Projektwoche_2019_IT-Projekt/PW_2019_ITProjekt/Saved/Config/Windows/Scalability.ini]
[2019.05.07-07.38.03:052][  0]LogConfig: Setting CVar [[foliage.DensityScale:1.0]]
[2019.05.07-07.38.03:052][  0]LogConfig: Setting CVar [[grass.DensityScale:1.0]]
[2019.05.07-07.38.03:052][  0]LogInit: Selected Device Profile: [Windows]
[2019.05.07-07.38.03:052][  0]LogInit: Applying CVar settings loaded from the selected device profile: [Windows]
[2019.05.07-07.38.03:079][  0]LogHAL: Display: Platform has ~ 4 GB [4161970176 / 4294967296 / 4], which maps to Smallest [LargestMinGB=32, LargerMinGB=12, DefaultMinGB=8, SmallerMinGB=6, SmallestMinGB=0)
[2019.05.07-07.38.03:079][  0]LogConfig: Setting CVar [[r.Vulkan.UseRealUBs:0		; Required until we fix HLR fall-out]]
[2019.05.07-07.38.03:079][  0]LogInit: Going up to parent DeviceProfile []
[2019.05.07-07.38.03:079][  0]LogConfig: Applying CVar settings from Section [ViewDistanceQuality@3] File [D:/Projektwoche 2019 IT-Projekt/Projektwoche_2019_IT-Projekt/PW_2019_ITProjekt/Saved/Config/Windows/Scalability.ini]
[2019.05.07-07.38.03:079][  0]LogConfig: Setting CVar [[r.SkeletalMeshLODBias:0]]
[2019.05.07-07.38.03:079][  0]LogConfig: Setting CVar [[r.ViewDistanceScale:1.0]]
[2019.05.07-07.38.03:079][  0]LogConfig: Applying CVar settings from Section [AntiAliasingQuality@3] File [D:/Projektwoche 2019 IT-Projekt/Projektwoche_2019_IT-Projekt/PW_2019_ITProjekt/Saved/Config/Windows/Scalability.ini]
[2019.05.07-07.38.03:079][  0]LogConfig: Setting CVar [[r.PostProcessAAQuality:4]]
[2019.05.07-07.38.03:079][  0]LogConfig: Applying CVar settings from Section [ShadowQuality@3] File [D:/Projektwoche 2019 IT-Projekt/Projektwoche_2019_IT-Projekt/PW_2019_ITProjekt/Saved/Config/Windows/Scalability.ini]
[2019.05.07-07.38.03:079][  0]LogConfig: Setting CVar [[r.LightFunctionQuality:1]]
[2019.05.07-07.38.03:079][  0]LogConfig: Setting CVar [[r.ShadowQuality:5]]
[2019.05.07-07.38.03:079][  0]LogConfig: Setting CVar [[r.Shadow.CSM.MaxCascades:10]]
[2019.05.07-07.38.03:079][  0]LogConfig: Setting CVar [[r.Shadow.MaxResolution:2048]]
[2019.05.07-07.38.03:079][  0]LogConfig: Setting CVar [[r.Shadow.MaxCSMResolution:2048]]
[2019.05.07-07.38.03:079][  0]LogConfig: Setting CVar [[r.Shadow.RadiusThreshold:0.01]]
[2019.05.07-07.38.03:079][  0]LogConfig: Setting CVar [[r.Shadow.DistanceScale:1.0]]
[2019.05.07-07.38.03:079][  0]LogConfig: Setting CVar [[r.Shadow.CSM.TransitionScale:1.0]]
[2019.05.07-07.38.03:079][  0]LogConfig: Setting CVar [[r.Shadow.PreShadowResolutionFactor:1.0]]
[2019.05.07-07.38.03:079][  0]LogConfig: Setting CVar [[r.DistanceFieldShadowing:1]]
[2019.05.07-07.38.03:079][  0]LogConfig: Setting CVar [[r.DistanceFieldAO:1]]
[2019.05.07-07.38.03:079][  0]LogConfig: Setting CVar [[r.AOQuality:2]]
[2019.05.07-07.38.03:079][  0]LogConfig: Setting CVar [[r.VolumetricFog:1]]
[2019.05.07-07.38.03:079][  0]LogConfig: Setting CVar [[r.VolumetricFog.GridPixelSize:8]]
[2019.05.07-07.38.03:079][  0]LogConfig: Setting CVar [[r.VolumetricFog.GridSizeZ:128]]
[2019.05.07-07.38.03:079][  0]LogConfig: Setting CVar [[r.VolumetricFog.HistoryMissSupersampleCount:4]]
[2019.05.07-07.38.03:079][  0]LogConfig: Setting CVar [[r.LightMaxDrawDistanceScale:1]]
[2019.05.07-07.38.03:079][  0]LogConfig: Setting CVar [[r.CapsuleShadows:1]]
[2019.05.07-07.38.03:079][  0]LogConfig: Applying CVar settings from Section [PostProcessQuality@3] File [D:/Projektwoche 2019 IT-Projekt/Projektwoche_2019_IT-Projekt/PW_2019_ITProjekt/Saved/Config/Windows/Scalability.ini]
[2019.05.07-07.38.03:079][  0]LogConfig: Setting CVar [[r.MotionBlurQuality:4]]
[2019.05.07-07.38.03:079][  0]LogConfig: Setting CVar [[r.AmbientOcclusionMipLevelFactor:0.4]]
[2019.05.07-07.38.03:079][  0]LogConfig: Setting CVar [[r.AmbientOcclusionMaxQuality:100]]
[2019.05.07-07.38.03:079][  0]LogConfig: Setting CVar [[r.AmbientOcclusionLevels:-1]]
[2019.05.07-07.38.03:079][  0]LogConfig: Setting CVar [[r.AmbientOcclusionRadiusScale:1.0]]
[2019.05.07-07.38.03:079][  0]LogConfig: Setting CVar [[r.DepthOfFieldQuality:2]]
[2019.05.07-07.38.03:079][  0]LogConfig: Setting CVar [[r.RenderTargetPoolMin:400]]
[2019.05.07-07.38.03:079][  0]LogConfig: Setting CVar [[r.LensFlareQuality:2]]
[2019.05.07-07.38.03:079][  0]LogConfig: Setting CVar [[r.SceneColorFringeQuality:1]]
[2019.05.07-07.38.03:079][  0]LogConfig: Setting CVar [[r.EyeAdaptationQuality:2]]
[2019.05.07-07.38.03:079][  0]LogConfig: Setting CVar [[r.BloomQuality:5]]
[2019.05.07-07.38.03:079][  0]LogConfig: Setting CVar [[r.FastBlurThreshold:100]]
[2019.05.07-07.38.03:079][  0]LogConfig: Setting CVar [[r.Upscale.Quality:3]]
[2019.05.07-07.38.03:079][  0]LogConfig: Setting CVar [[r.Tonemapper.GrainQuantization:1]]
[2019.05.07-07.38.03:079][  0]LogConfig: Setting CVar [[r.LightShaftQuality:1]]
[2019.05.07-07.38.03:079][  0]LogConfig: Setting CVar [[r.Filter.SizeScale:1]]
[2019.05.07-07.38.03:079][  0]LogConfig: Setting CVar [[r.Tonemapper.Quality:5]]
[2019.05.07-07.38.03:079][  0]LogConfig: Setting CVar [[r.DOF.Gather.AccumulatorQuality:1        ; higher gathering accumulator quality]]
[2019.05.07-07.38.03:079][  0]LogConfig: Setting CVar [[r.DOF.Gather.PostfilterMethod:1          ; Median3x3 postfilering method]]
[2019.05.07-07.38.03:079][  0]LogConfig: Setting CVar [[r.DOF.Gather.EnableBokehSettings:0       ; no bokeh simulation when gathering]]
[2019.05.07-07.38.03:079][  0]LogConfig: Setting CVar [[r.DOF.Gather.RingCount:4                 ; medium number of samples when gathering]]
[2019.05.07-07.38.03:080][  0]LogConfig: Setting CVar [[r.DOF.Scatter.ForegroundCompositing:1    ; additive foreground scattering]]
[2019.05.07-07.38.03:080][  0]LogConfig: Setting CVar [[r.DOF.Scatter.BackgroundCompositing:2    ; additive background scattering]]
[2019.05.07-07.38.03:080][  0]LogConfig: Setting CVar [[r.DOF.Scatter.EnableBokehSettings:1      ; bokeh simulation when scattering]]
[2019.05.07-07.38.03:080][  0]LogConfig: Setting CVar [[r.DOF.Scatter.MaxSpriteRatio:0.1         ; only a maximum of 10% of scattered bokeh]]
[2019.05.07-07.38.03:080][  0]LogConfig: Setting CVar [[r.DOF.Recombine.Quality:1                ; cheap slight out of focus]]
[2019.05.07-07.38.03:080][  0]LogConfig: Setting CVar [[r.DOF.Recombine.EnableBokehSettings:0    ; no bokeh simulation on slight out of focus]]
[2019.05.07-07.38.03:080][  0]LogConfig: Setting CVar [[r.DOF.TemporalAAQuality:1                ; more stable temporal accumulation]]
[2019.05.07-07.38.03:080][  0]LogConfig: Setting CVar [[r.DOF.Kernel.MaxForegroundRadius:0.025]]
[2019.05.07-07.38.03:080][  0]LogConfig: Setting CVar [[r.DOF.Kernel.MaxBackgroundRadius:0.025]]
[2019.05.07-07.38.03:080][  0]LogConfig: Applying CVar settings from Section [TextureQuality@3] File [D:/Projektwoche 2019 IT-Projekt/Projektwoche_2019_IT-Projekt/PW_2019_ITProjekt/Saved/Config/Windows/Scalability.ini]
[2019.05.07-07.38.03:080][  0]LogConfig: Setting CVar [[r.Streaming.MipBias:0]]
[2019.05.07-07.38.03:080][  0]LogConfig: Setting CVar [[r.Streaming.AmortizeCPUToGPUCopy:0]]
[2019.05.07-07.38.03:080][  0]LogConfig: Setting CVar [[r.Streaming.MaxNumTexturesToStreamPerFrame:0]]
[2019.05.07-07.38.03:080][  0]LogConfig: Setting CVar [[r.Streaming.Boost:1]]
[2019.05.07-07.38.03:080][  0]LogConfig: Setting CVar [[r.MaxAnisotropy:8]]
[2019.05.07-07.38.03:080][  0]LogConfig: Setting CVar [[r.Streaming.LimitPoolSizeToVRAM:0]]
[2019.05.07-07.38.03:080][  0]LogConfig: Setting CVar [[r.Streaming.PoolSize:1000]]
[2019.05.07-07.38.03:080][  0]LogConfig: Setting CVar [[r.Streaming.MaxEffectiveScreenSize:0]]
[2019.05.07-07.38.03:080][  0]LogConfig: Applying CVar settings from Section [EffectsQuality@3] File [D:/Projektwoche 2019 IT-Projekt/Projektwoche_2019_IT-Projekt/PW_2019_ITProjekt/Saved/Config/Windows/Scalability.ini]
[2019.05.07-07.38.03:080][  0]LogConfig: Setting CVar [[r.TranslucencyLightingVolumeDim:64]]
[2019.05.07-07.38.03:080][  0]LogConfig: Setting CVar [[r.RefractionQuality:2]]
[2019.05.07-07.38.03:080][  0]LogConfig: Setting CVar [[r.SSR.Quality:3]]
[2019.05.07-07.38.03:080][  0]LogConfig: Setting CVar [[r.SceneColorFormat:4]]
[2019.05.07-07.38.03:080][  0]LogConfig: Setting CVar [[r.DetailMode:2]]
[2019.05.07-07.38.03:080][  0]LogConfig: Setting CVar [[r.TranslucencyVolumeBlur:1]]
[2019.05.07-07.38.03:080][  0]LogConfig: Setting CVar [[r.MaterialQualityLevel:1 ; High quality]]
[2019.05.07-07.38.03:080][  0]LogConfig: Setting CVar [[r.SSS.Scale:1]]
[2019.05.07-07.38.03:080][  0]LogConfig: Setting CVar [[r.SSS.SampleSet:2]]
[2019.05.07-07.38.03:080][  0]LogConfig: Setting CVar [[r.SSS.Quality:1]]
[2019.05.07-07.38.03:080][  0]LogConfig: Setting CVar [[r.SSS.HalfRes:1]]
[2019.05.07-07.38.03:080][  0]LogConfig: Setting CVar [[r.EmitterSpawnRateScale:1.0]]
[2019.05.07-07.38.03:080][  0]LogConfig: Setting CVar [[r.ParticleLightQuality:2]]
[2019.05.07-07.38.03:080][  0]LogConfig: Applying CVar settings from Section [FoliageQuality@3] File [D:/Projektwoche 2019 IT-Projekt/Projektwoche_2019_IT-Projekt/PW_2019_ITProjekt/Saved/Config/Windows/Scalability.ini]
[2019.05.07-07.38.03:080][  0]LogConfig: Setting CVar [[foliage.DensityScale:1.0]]
[2019.05.07-07.38.03:080][  0]LogConfig: Setting CVar [[grass.DensityScale:1.0]]
[2019.05.07-07.38.03:080][  0]LogConfig: Applying CVar settings from Section [Startup] File [../../../Engine/Config/ConsoleVariables.ini]
[2019.05.07-07.38.03:086][  0]LogConfig: Setting CVar [[net.UseAdaptiveNetUpdateFrequency:0]]
[2019.05.07-07.38.03:086][  0]LogConfig: Setting CVar [[p.chaos.AllowCreatePhysxBodies:1]]
[2019.05.07-07.38.03:086][  0]LogConfig: Applying CVar settings from Section [ConsoleVariables] File [D:/Projektwoche 2019 IT-Projekt/Projektwoche_2019_IT-Projekt/PW_2019_ITProjekt/Saved/Config/Windows/Engine.ini]
[2019.05.07-07.38.03:086][  0]LogInit: Computer: PC15-RAUM213
[2019.05.07-07.38.03:086][  0]LogInit: User: Teilnehmer
[2019.05.07-07.38.03:086][  0]LogInit: CPU Page size=4096, Cores=4
[2019.05.07-07.38.03:086][  0]LogInit: High frequency timer resolution =10.000000 MHz
[2019.05.07-07.38.03:086][  0]LogMemory: Memory total: Physical=3.9GB (4GB approx)
[2019.05.07-07.38.03:086][  0]LogMemory: Platform Memory Stats for Windows
[2019.05.07-07.38.03:086][  0]LogMemory: Process Physical Memory: 96.33 MB used, 96.34 MB peak
[2019.05.07-07.38.03:086][  0]LogMemory: Process Virtual Memory: 83.82 MB used, 83.82 MB peak
[2019.05.07-07.38.03:086][  0]LogMemory: Physical Memory: 2136.44 MB used,  1832.73 MB free, 3969.16 MB total
[2019.05.07-07.38.03:086][  0]LogMemory: Virtual Memory: 4640.11 MB used,  134213088.00 MB free, 134217728.00 MB total
[2019.05.07-07.38.03:124][  0]LogInit: Using OS detected language (de-DE).
[2019.05.07-07.38.03:124][  0]LogInit: Using OS detected locale (de-DE).
[2019.05.07-07.38.03:127][  0]LogTextLocalizationManager: No specific localization for 'de-DE' exists, so the 'de' localization will be used.
[2019.05.07-07.38.03:127][  0]LogTextLocalizationResource: LocRes '../../../Engine/Content/Localization/Editor/de/Editor.locres' could not be opened for reading!
[2019.05.07-07.38.03:128][  0]LogTextLocalizationResource: LocRes '../../../Engine/Content/Localization/EditorTutorials/de/EditorTutorials.locres' could not be opened for reading!
[2019.05.07-07.38.03:128][  0]LogTextLocalizationResource: LocRes '../../../Engine/Content/Localization/Keywords/de/Keywords.locres' could not be opened for reading!
[2019.05.07-07.38.03:128][  0]LogTextLocalizationResource: LocRes '../../../Engine/Content/Localization/Category/de/Category.locres' could not be opened for reading!
[2019.05.07-07.38.03:129][  0]LogTextLocalizationResource: LocRes '../../../Engine/Content/Localization/ToolTips/de/ToolTips.locres' could not be opened for reading!
[2019.05.07-07.38.03:129][  0]LogTextLocalizationResource: LocRes '../../../Engine/Content/Localization/PropertyNames/de/PropertyNames.locres' could not be opened for reading!
[2019.05.07-07.38.03:130][  0]LogTextLocalizationResource: LocRes '../../../Engine/Content/Localization/Engine/de/Engine.locres' could not be opened for reading!
[2019.05.07-07.38.03:151][  0]LogInit: Setting process to per monitor DPI aware
[2019.05.07-07.38.03:210][  0]LogSlate: New Slate User Created.  User Index 0, Is Virtual User: 0
[2019.05.07-07.38.03:210][  0]LogSlate: Slate User Registered.  User Index 0, Is Virtual User: 0
[2019.05.07-07.38.05:544][  0]LogHMD: Failed to initialize OpenVR with code 110
[2019.05.07-07.38.05:544][  0]LogD3D11RHI: D3D11 adapters:
[2019.05.07-07.38.05:555][  0]LogD3D11RHI:    0. 'Intel(R) HD Graphics 4600' (Feature Level 11_0)
[2019.05.07-07.38.05:555][  0]LogD3D11RHI:       112/0/1984 MB DedicatedVideo/DedicatedSystem/SharedSystem, Outputs:1, VendorId:0x8086
[2019.05.07-07.38.05:574][  0]LogD3D11RHI:    1. 'Microsoft Basic Render Driver' (Feature Level 11_0)
[2019.05.07-07.38.05:574][  0]LogD3D11RHI:       0/0/1984 MB DedicatedVideo/DedicatedSystem/SharedSystem, Outputs:0, VendorId:0x1414
[2019.05.07-07.38.05:574][  0]LogD3D11RHI: Chosen D3D11 Adapter: 0
[2019.05.07-07.38.05:587][  0]LogD3D11RHI: Creating new Direct3DDevice
[2019.05.07-07.38.05:587][  0]LogD3D11RHI:     GPU DeviceId: 0x412 (for the marketing name, search the web for "GPU Device Id")
[2019.05.07-07.38.05:587][  0]LogWindows: EnumDisplayDevices:
[2019.05.07-07.38.05:587][  0]LogWindows:    0. 'Intel(R) HD Graphics 4600' (P:1 D:1)
[2019.05.07-07.38.05:588][  0]LogWindows:    1. 'Intel(R) HD Graphics 4600' (P:0 D:0)
[2019.05.07-07.38.05:588][  0]LogWindows: DebugString: FoundDriverCount:2 
[2019.05.07-07.38.05:588][  0]LogD3D11RHI:     Adapter Name: Intel(R) HD Graphics 4600
[2019.05.07-07.38.05:589][  0]LogD3D11RHI:   Driver Version: 20.19.15.4531 (internal:20.19.15.4531, unified:20.19.15.4531)
[2019.05.07-07.38.05:589][  0]LogD3D11RHI:      Driver Date: 9-29-2016
[2019.05.07-07.38.05:589][  0]LogRHI: Texture pool is 773 MB (70% of 1104 MB)
[2019.05.07-07.38.05:596][  0]LogD3D11RHI: Async texture creation enabled
[2019.05.07-07.38.05:602][  0]LogRendererCore: FGlobalReadBuffer::InitRHI
[2019.05.07-07.38.05:602][  0]LogRendererCore: FGlobalReadBuffer::InitRHI
[2019.05.07-07.38.05:602][  0]LogRendererCore: FGlobalReadBuffer::InitRHI
[2019.05.07-07.38.05:608][  0]LogD3D11RHI: GPU Timing Frequency: 12.500000 (Debug: 2 0)
[2019.05.07-07.38.06:479][  0]LogTemp: Display: Module 'AllDesktopTargetPlatform' loaded TargetPlatform 'AllDesktop'
[2019.05.07-07.38.06:499][  0]LogTemp: Display: Module 'MacClientTargetPlatform' loaded TargetPlatform 'MacClient'
[2019.05.07-07.38.06:517][  0]LogTemp: Display: Module 'MacNoEditorTargetPlatform' loaded TargetPlatform 'MacNoEditor'
[2019.05.07-07.38.06:535][  0]LogTemp: Display: Module 'MacServerTargetPlatform' loaded TargetPlatform 'MacServer'
[2019.05.07-07.38.06:558][  0]LogTemp: Display: Module 'MacTargetPlatform' loaded TargetPlatform 'Mac'
[2019.05.07-07.38.06:579][  0]LogTemp: Display: Module 'WindowsClientTargetPlatform' loaded TargetPlatform 'WindowsClient'
[2019.05.07-07.38.06:599][  0]LogTemp: Display: Module 'WindowsNoEditorTargetPlatform' loaded TargetPlatform 'WindowsNoEditor'
[2019.05.07-07.38.06:617][  0]LogTemp: Display: Module 'WindowsServerTargetPlatform' loaded TargetPlatform 'WindowsServer'
[2019.05.07-07.38.06:628][  0]LogTemp: Display: Module 'WindowsTargetPlatform' loaded TargetPlatform 'Windows'
[2019.05.07-07.38.06:744][  0]LogTemp: Display: Module 'AndroidTargetPlatform' loaded TargetPlatform 'Android'
[2019.05.07-07.38.06:744][  0]LogTemp: Display: Module 'AndroidTargetPlatform' loaded TargetPlatform 'Android_ASTC'
[2019.05.07-07.38.06:744][  0]LogTemp: Display: Module 'AndroidTargetPlatform' loaded TargetPlatform 'Android_ATC'
[2019.05.07-07.38.06:744][  0]LogTemp: Display: Module 'AndroidTargetPlatform' loaded TargetPlatform 'Android_DXT'
[2019.05.07-07.38.06:744][  0]LogTemp: Display: Module 'AndroidTargetPlatform' loaded TargetPlatform 'Android_ETC1'
[2019.05.07-07.38.06:744][  0]LogTemp: Display: Module 'AndroidTargetPlatform' loaded TargetPlatform 'Android_ETC1a'
[2019.05.07-07.38.06:744][  0]LogTemp: Display: Module 'AndroidTargetPlatform' loaded TargetPlatform 'Android_ETC2'
[2019.05.07-07.38.06:744][  0]LogTemp: Display: Module 'AndroidTargetPlatform' loaded TargetPlatform 'Android_PVRTC'
[2019.05.07-07.38.06:744][  0]LogTemp: Display: Module 'AndroidTargetPlatform' loaded TargetPlatform 'AndroidClient'
[2019.05.07-07.38.06:744][  0]LogTemp: Display: Module 'AndroidTargetPlatform' loaded TargetPlatform 'Android_ASTCClient'
[2019.05.07-07.38.06:744][  0]LogTemp: Display: Module 'AndroidTargetPlatform' loaded TargetPlatform 'Android_ATCClient'
[2019.05.07-07.38.06:744][  0]LogTemp: Display: Module 'AndroidTargetPlatform' loaded TargetPlatform 'Android_DXTClient'
[2019.05.07-07.38.06:744][  0]LogTemp: Display: Module 'AndroidTargetPlatform' loaded TargetPlatform 'Android_ETC1Client'
[2019.05.07-07.38.06:744][  0]LogTemp: Display: Module 'AndroidTargetPlatform' loaded TargetPlatform 'Android_ETC1aClient'
[2019.05.07-07.38.06:744][  0]LogTemp: Display: Module 'AndroidTargetPlatform' loaded TargetPlatform 'Android_ETC2Client'
[2019.05.07-07.38.06:744][  0]LogTemp: Display: Module 'AndroidTargetPlatform' loaded TargetPlatform 'Android_PVRTCClient'
[2019.05.07-07.38.06:744][  0]LogTemp: Display: Module 'AndroidTargetPlatform' loaded TargetPlatform 'Android_Multi'
[2019.05.07-07.38.06:744][  0]LogTemp: Display: Module 'AndroidTargetPlatform' loaded TargetPlatform 'Android_MultiClient'
[2019.05.07-07.38.06:748][  0]LogTemp: Display: Module 'HTML5TargetPlatform' loaded TargetPlatform 'HTML5'
[2019.05.07-07.38.06:815][  0]LogTemp: Display: Module 'IOSTargetPlatform' loaded TargetPlatform 'IOSClient'
[2019.05.07-07.38.06:815][  0]LogTemp: Display: Module 'IOSTargetPlatform' loaded TargetPlatform 'IOS'
[2019.05.07-07.38.06:846][  0]LogTemp: Display: Module 'TVOSTargetPlatform' loaded TargetPlatform 'TVOSClient'
[2019.05.07-07.38.06:846][  0]LogTemp: Display: Module 'TVOSTargetPlatform' loaded TargetPlatform 'TVOS'
[2019.05.07-07.38.06:862][  0]LogTemp: Display: Module 'LinuxClientTargetPlatform' loaded TargetPlatform 'LinuxClient'
[2019.05.07-07.38.06:878][  0]LogTemp: Display: Module 'LinuxNoEditorTargetPlatform' loaded TargetPlatform 'LinuxNoEditor'
[2019.05.07-07.38.06:893][  0]LogTemp: Display: Module 'LinuxServerTargetPlatform' loaded TargetPlatform 'LinuxServer'
[2019.05.07-07.38.06:914][  0]LogTemp: Display: Module 'LinuxTargetPlatform' loaded TargetPlatform 'Linux'
[2019.05.07-07.38.06:975][  0]LogTemp: Display: Module 'LuminTargetPlatform' loaded TargetPlatform 'Lumin'
[2019.05.07-07.38.06:975][  0]LogTemp: Display: Module 'LuminTargetPlatform' loaded TargetPlatform 'LuminClient'
[2019.05.07-07.38.06:975][  0]LogTargetPlatformManager: Display: Building Assets For Windows
[2019.05.07-07.38.06:993][  0]LogAudioDebug: Display: Lib vorbis DLL was dynamically loaded.
[2019.05.07-07.38.07:092][  0]LogShaderCompilers: Guid format shader working directory is -27 characters bigger than the processId version (D:/Projektwoche 2019 IT-Projekt/Projektwoche_2019_IT-Projekt/PW_2019_ITProjekt/Intermediate/Shaders/WorkingDirectory/1628/).
[2019.05.07-07.38.07:092][  0]LogShaderCompilers: Cleaned the shader compiler working directory 'C:/Users/Teilnehmer/AppData/Local/Temp/UnrealShaderWorkingDir/807E323D42DD4885DE78F7AABDBEEA3E/'.
[2019.05.07-07.38.07:097][  0]LogXGEController: Cleaning working directory: C:/Users/Teilnehmer/AppData/Local/Temp/UnrealXGEWorkingDir/
[2019.05.07-07.38.07:098][  0]LogXGEController: Cannot use XGE Controller as Incredibuild is not installed on this machine.
[2019.05.07-07.38.07:098][  0]LogShaderCompilers: Cannot use XGE Shader Compiler as Incredibuild is not installed on this machine.
[2019.05.07-07.38.07:098][  0]LogShaderCompilers: Display: Using Local Shader Compiler.
[2019.05.07-07.38.09:371][  0]LogDerivedDataCache: Display: Max Cache Size: 512 MB
[2019.05.07-07.38.09:661][  0]LogDerivedDataCache: Loaded boot cache 0.29s 75MB C:/Users/Teilnehmer/AppData/Local/UnrealEngine/4.22/DerivedDataCache/Boot.ddc.
[2019.05.07-07.38.09:661][  0]LogDerivedDataCache: Display: Loaded Boot cache: C:/Users/Teilnehmer/AppData/Local/UnrealEngine/4.22/DerivedDataCache/Boot.ddc
[2019.05.07-07.38.09:661][  0]LogDerivedDataCache: FDerivedDataBackendGraph:  Pak pak cache file D:/Projektwoche 2019 IT-Projekt/Projektwoche_2019_IT-Projekt/PW_2019_ITProjekt/DerivedDataCache/DDC.ddp not found, will not use a pak cache.
[2019.05.07-07.38.09:661][  0]LogDerivedDataCache: Unable to find inner node Pak for hierarchical cache Hierarchy.
[2019.05.07-07.38.09:661][  0]LogDerivedDataCache: FDerivedDataBackendGraph:  CompressedPak pak cache file D:/Projektwoche 2019 IT-Projekt/Projektwoche_2019_IT-Projekt/PW_2019_ITProjekt/DerivedDataCache/Compressed.ddp not found, will not use a pak cache.
[2019.05.07-07.38.09:661][  0]LogDerivedDataCache: Unable to find inner node CompressedPak for hierarchical cache Hierarchy.
[2019.05.07-07.38.09:678][  0]LogDerivedDataCache: Display: Pak cache opened for reading ../../../Engine/DerivedDataCache/Compressed.ddp.
[2019.05.07-07.38.09:682][  0]LogDerivedDataCache: Display: Pak cache opened for reading ../../../Enterprise/DerivedDataCache/Compressed.ddp.
[2019.05.07-07.38.09:695][  0]LogDerivedDataCache: Using Local data cache path C:/Users/Teilnehmer/AppData/Local/UnrealEngine/Common/DerivedDataCache: Writable
[2019.05.07-07.38.09:695][  0]LogDerivedDataCache: Shared data cache path not found in *engine.ini, will not use an Shared cache.
[2019.05.07-07.38.09:695][  0]LogDerivedDataCache: Unable to find inner node Shared for hierarchical cache Hierarchy.
[2019.05.07-07.38.09:726][  0]LogMaterial: Verifying Global Shaders for PCD3D_SM5
[2019.05.07-07.38.09:728][  0]LogSlate: Using FreeType 2.6.0
[2019.05.07-07.38.09:728][  0]LogSlate: SlateFontServices - WITH_FREETYPE: 1, WITH_HARFBUZZ: 1
[2019.05.07-07.38.09:882][  0]LogAssetRegistry: FAssetRegistry took 0.0367 seconds to start up
[2019.05.07-07.38.10:311][  0]LogInit: Selected Device Profile: [Windows]
[2019.05.07-07.38.10:522][  0]LogMeshReduction: Using QuadricMeshReduction for automatic static mesh reduction
[2019.05.07-07.38.10:522][  0]LogMeshReduction: Using SimplygonMeshReduction for automatic skeletal mesh reduction
[2019.05.07-07.38.10:522][  0]LogMeshReduction: Using ProxyLODMeshReduction for automatic mesh merging
[2019.05.07-07.38.10:522][  0]LogMeshReduction: No distributed automatic mesh merging module available
[2019.05.07-07.38.10:522][  0]LogMeshMerging: No distributed automatic mesh merging module available
[2019.05.07-07.38.10:540][  0]LogNetVersion: PW_2019_ITProjekt 1.0.0, NetCL: 5660361, EngineNetVer: 10, GameNetVer: 0 (Checksum: 2559314820)
[2019.05.07-07.38.11:175][  0]LogPackageLocalizationCache: Processed 16 localized package path(s) for 1 prioritized culture(s) in 0.099125 seconds
[2019.05.07-07.38.11:186][  0]LogUObjectArray: 42205 objects as part of root set at end of initial load.
[2019.05.07-07.38.11:186][  0]LogUObjectAllocator: 7325032 out of 0 bytes used by permanent object pool.
[2019.05.07-07.38.11:186][  0]LogUObjectArray: CloseDisregardForGC: 0/0 objects in disregard for GC pool
[2019.05.07-07.38.15:125][  0]LogTcpMessaging: Initializing TcpMessaging bridge
[2019.05.07-07.38.15:140][  0]LogUdpMessaging: Initializing bridge on interface 0.0.0.0:0 to multicast group 230.0.0.1:6666.
[2019.05.07-07.38.15:281][  0]SourceControl: Source control is disabled
[2019.05.07-07.38.15:281][  0]SourceControl: Source control is disabled
[2019.05.07-07.38.15:285][  0]SourceControl: Source control is disabled
[2019.05.07-07.38.15:289][  0]SourceControl: Source control is disabled
[2019.05.07-07.38.15:526][  0]LogAndroidPermission: UAndroidPermissionCallbackProxy::GetInstance
[2019.05.07-07.38.15:618][  0]LogOcInput: OculusInput pre-init called
[2019.05.07-07.38.18:516][  0]LogEngine: Initializing Engine...
[2019.05.07-07.38.18:517][  0]LogHMD: Failed to initialize OpenVR with code 110
[2019.05.07-07.38.18:518][  0]LogStats: UGameplayTagsManager::InitializeManager -  0.000 s
[2019.05.07-07.38.18:827][  0]LogInit: Initializing FReadOnlyCVARCache
[2019.05.07-07.38.18:854][  0]LogAIModule: Creating AISystem for world Untitled
[2019.05.07-07.38.18:869][  0]LogInit: XAudio2 using 'Lautsprecher (EPSON Projector ENP Audio Device)' : 2 channels at 44.1 kHz using 16 bits per sample (channel mask 0x3)
[2019.05.07-07.38.18:904][  0]LogInit: FAudioDevice initialized.
[2019.05.07-07.38.18:905][  0]LogNetVersion: Set ProjectVersion to 1.0.0.0. Version Checksum will be recalculated on next use.
[2019.05.07-07.38.19:009][  0]LogDerivedDataCache: Saved boot cache 0.10s 75MB C:/Users/Teilnehmer/AppData/Local/UnrealEngine/4.22/DerivedDataCache/Boot.ddc.
[2019.05.07-07.38.19:023][  0]LogInit: Texture streaming: Enabled
[2019.05.07-07.38.19:056][  0]LogEngineSessionManager: EngineSessionManager initialized
[2019.05.07-07.38.19:056][  0]LogEngineSessionManager: EngineSessionManager sent abnormal shutdown report. Type=Crashed, SessionId={B48A1587-4240-AD93-C668-2287A641F471}
[2019.05.07-07.38.19:096][  0]LogInit: Transaction tracking system initialized
[2019.05.07-07.38.19:145][  0]BlueprintLog: New page: Editor Load
[2019.05.07-07.38.19:295][  0]LocalizationService: Localization service is disabled
[2019.05.07-07.38.19:712][  0]LogFileCache: Scanning file cache for directory 'D:/Projektwoche 2019 IT-Projekt/Projektwoche_2019_IT-Projekt/PW_2019_ITProjekt/Content/' took 0.02s
[2019.05.07-07.38.19:712][  0]LogCook: Display: Max memory allowance for cook 16384mb min free memory 0mb
[2019.05.07-07.38.19:712][  0]LogCook: Display: Mobile HDR setting 1
[2019.05.07-07.38.21:540][  0]SourceControl: Source control is disabled
[2019.05.07-07.38.21:540][  0]Cmd: MAP LOAD FILE="../../../Engine/Content/Maps/Templates/Template_Default.umap" TEMPLATE=1 SHOWPROGRESS=1 FEATURELEVEL=3
[2019.05.07-07.38.21:546][  0]LightingResults: New page: Lighting Build
[2019.05.07-07.38.21:551][  0]MapCheck: New page: Map Check
[2019.05.07-07.38.21:551][  0]LightingResults: New page: Lighting Build
[2019.05.07-07.38.21:582][  0]LogUObjectHash: Compacting FUObjectHashTables data took   2.05ms
[2019.05.07-07.38.21:686][  0]LogAIModule: Creating AISystem for world Untitled_1
[2019.05.07-07.38.21:698][  0]LogEditorServer: Finished looking for orphan Actors (0.000 secs)
[2019.05.07-07.38.21:731][  0]LogUObjectHash: Compacting FUObjectHashTables data took   4.45ms
[2019.05.07-07.38.21:731][  0]Cmd: MAP CHECKDEP NOCLEARLOG
[2019.05.07-07.38.21:731][  0]MapCheck: Map check complete: 0 Error(s), 0 Warning(s), took 0,171ms to complete.
[2019.05.07-07.38.21:731][  0]LogFileHelpers: Loading map 'Template_Default' took 0.191
[2019.05.07-07.38.21:874][  0]LogSlate: Updating window title bar state: overlay mode, drag disabled, window buttons hidden, title bar hidden
[2019.05.07-07.38.21:884][  0]LogSlate: Updating window title bar state: overlay mode, drag disabled, window buttons hidden, title bar hidden
[2019.05.07-07.38.21:892][  0]LogSlate: Updating window title bar state: overlay mode, drag disabled, window buttons hidden, title bar hidden
[2019.05.07-07.38.21:902][  0]LogSlate: Updating window title bar state: overlay mode, drag disabled, window buttons hidden, title bar hidden
[2019.05.07-07.38.21:917][  0]LogCollectionManager: Loaded 0 collections in 0.003196 seconds
[2019.05.07-07.38.21:949][  0]LogFileCache: Scanning file cache for directory 'D:/Projektwoche 2019 IT-Projekt/Projektwoche_2019_IT-Projekt/PW_2019_ITProjekt/Saved/Collections/' took 0.01s
[2019.05.07-07.38.21:949][  0]LogFileCache: Scanning file cache for directory 'D:/Projektwoche 2019 IT-Projekt/Projektwoche_2019_IT-Projekt/PW_2019_ITProjekt/Content/Developers/Teilnehmer/Collections/' took 0.00s
[2019.05.07-07.38.21:949][  0]LogFileCache: Scanning file cache for directory 'D:/Projektwoche 2019 IT-Projekt/Projektwoche_2019_IT-Projekt/PW_2019_ITProjekt/Content/Collections/' took 0.01s
[2019.05.07-07.38.21:949][  0]LogCollectionManager: Rebuilt the GUID cache for 0 collections in 0.000000 seconds
[2019.05.07-07.38.21:960][  0]LogContentBrowser: Native class hierarchy populated in 0.0104 seconds. Added 2864 classes and 726 folders.
[2019.05.07-07.38.21:973][  0]LogContentBrowser: Native class hierarchy updated for 'WidgetCarousel' in 0.0004 seconds. Added 0 classes and 0 folders.
[2019.05.07-07.38.21:983][  0]LogPakFile: Registered encryption key '00000000000000000000000000000000': 0 pak files mounted, 0 remain pending
[2019.05.07-07.38.21:990][  0]LogPakFile: Registered encryption key '00000000000000000000000000000000': 0 pak files mounted, 0 remain pending
[2019.05.07-07.38.22:006][  0]LogPakFile: Registered encryption key '00000000000000000000000000000000': 0 pak files mounted, 0 remain pending
[2019.05.07-07.38.22:014][  0]LogPakFile: Registered encryption key '00000000000000000000000000000000': 0 pak files mounted, 0 remain pending
[2019.05.07-07.38.22:020][  0]LogPakFile: Registered encryption key '00000000000000000000000000000000': 0 pak files mounted, 0 remain pending
[2019.05.07-07.38.22:026][  0]LogPakFile: Registered encryption key '00000000000000000000000000000000': 0 pak files mounted, 0 remain pending
[2019.05.07-07.38.22:034][  0]LogPakFile: Registered encryption key '00000000000000000000000000000000': 0 pak files mounted, 0 remain pending
[2019.05.07-07.38.22:039][  0]LogPakFile: Registered encryption key '00000000000000000000000000000000': 0 pak files mounted, 0 remain pending
[2019.05.07-07.38.22:047][  0]LogPakFile: Registered encryption key '00000000000000000000000000000000': 0 pak files mounted, 0 remain pending
[2019.05.07-07.38.22:053][  0]LogPakFile: Registered encryption key '00000000000000000000000000000000': 0 pak files mounted, 0 remain pending
[2019.05.07-07.38.22:059][  0]LogPakFile: Registered encryption key '00000000000000000000000000000000': 0 pak files mounted, 0 remain pending
[2019.05.07-07.38.22:066][  0]LogPakFile: Registered encryption key '00000000000000000000000000000000': 0 pak files mounted, 0 remain pending
[2019.05.07-07.38.22:072][  0]LogPakFile: Registered encryption key '00000000000000000000000000000000': 0 pak files mounted, 0 remain pending
[2019.05.07-07.38.22:080][  0]LogPakFile: Registered encryption key '00000000000000000000000000000000': 0 pak files mounted, 0 remain pending
[2019.05.07-07.38.22:085][  0]LogPakFile: Registered encryption key '00000000000000000000000000000000': 0 pak files mounted, 0 remain pending
[2019.05.07-07.38.22:090][  0]LogPakFile: Registered encryption key '00000000000000000000000000000000': 0 pak files mounted, 0 remain pending
[2019.05.07-07.38.22:122][  0]LogPakFile: Registered encryption key '00000000000000000000000000000000': 0 pak files mounted, 0 remain pending
[2019.05.07-07.38.22:129][  0]LogPakFile: Registered encryption key '00000000000000000000000000000000': 0 pak files mounted, 0 remain pending
[2019.05.07-07.38.22:137][  0]LogPakFile: Registered encryption key '00000000000000000000000000000000': 0 pak files mounted, 0 remain pending
[2019.05.07-07.38.22:142][  0]LogPakFile: Registered encryption key '00000000000000000000000000000000': 0 pak files mounted, 0 remain pending
[2019.05.07-07.38.22:150][  0]LogPakFile: Registered encryption key '00000000000000000000000000000000': 0 pak files mounted, 0 remain pending
[2019.05.07-07.38.22:156][  0]LogPakFile: Registered encryption key '00000000000000000000000000000000': 0 pak files mounted, 0 remain pending
[2019.05.07-07.38.22:163][  0]LogPakFile: Registered encryption key '00000000000000000000000000000000': 0 pak files mounted, 0 remain pending
[2019.05.07-07.38.22:171][  0]LogPakFile: Registered encryption key '00000000000000000000000000000000': 0 pak files mounted, 0 remain pending
[2019.05.07-07.38.22:177][  0]LogPakFile: Registered encryption key '00000000000000000000000000000000': 0 pak files mounted, 0 remain pending
[2019.05.07-07.38.22:185][  0]LogPakFile: Registered encryption key '00000000000000000000000000000000': 0 pak files mounted, 0 remain pending
[2019.05.07-07.38.22:190][  0]LogPakFile: Registered encryption key '00000000000000000000000000000000': 0 pak files mounted, 0 remain pending
[2019.05.07-07.38.22:197][  0]LogPakFile: Registered encryption key '00000000000000000000000000000000': 0 pak files mounted, 0 remain pending
[2019.05.07-07.38.22:441][  0]LogContentBrowser: Native class hierarchy updated for 'AddContentDialog' in 0.0003 seconds. Added 0 classes and 0 folders.
[2019.05.07-07.38.22:446][  0]LogContentBrowser: Native class hierarchy updated for 'SceneOutliner' in 0.0003 seconds. Added 1 classes and 0 folders.
[2019.05.07-07.38.22:460][  0]LogSlate: Took 0.000225 seconds to synchronously load lazily loaded font '../../../Engine/Content/Slate/Fonts/Roboto-Regular.ttf' (155K)
[2019.05.07-07.38.22:462][  0]LogSlate: Took 0.000187 seconds to synchronously load lazily loaded font '../../../Engine/Content/Slate/Fonts/Roboto-Bold.ttf' (160K)
[2019.05.07-07.38.22:482][  0]LogSlate: Took 0.010784 seconds to synchronously load lazily loaded font '../../../Engine/Content/Editor/Slate/Fonts/FontAwesome.ttf' (139K)
[2019.05.07-07.38.22:607][  0]LogRenderer: Reallocating scene render targets to support 1056x556 Format 10 NumSamples 1 (Frame:1).
[2019.05.07-07.38.23:188][  0]LogContentBrowser: Native class hierarchy updated for 'HierarchicalLODOutliner' in 0.0003 seconds. Added 0 classes and 0 folders.
[2019.05.07-07.38.23:188][  0]LogLoad: (Engine Initialization) Total time: 25.30 seconds
[2019.05.07-07.38.23:188][  0]LogLoad: (Engine Initialization) Total Blueprint compile time: 0.00 seconds
[2019.05.07-07.38.23:224][  0]LogAssetRegistry: Asset discovery search completed in 13.3648 seconds
[2019.05.07-07.38.23:226][  0]LogCollectionManager: Rebuilt the object cache for 0 collections in 0.000000 seconds (found 0 objects)
[2019.05.07-07.38.23:226][  0]LogCollectionManager: Fixed up redirectors for 0 collections in 0.000046 seconds (updated 0 objects)
[2019.05.07-07.38.23:227][  0]LogContentStreaming: Texture pool size now 1000 MB
[2019.05.07-07.38.23:253][  0]LogSlate: Took 0.006452 seconds to synchronously load lazily loaded font '../../../Engine/Content/Slate/Fonts/Roboto-Light.ttf' (167K)
[2019.05.07-07.39.18:498][211]LogSlate: FSceneViewport::OnFocusLost() reason 0
[2019.05.07-07.39.18:895][213]LogActorFactory: Actor Factory created Cube
[2019.05.07-07.39.25:205][278]LogActorFactory: Actor Factory created Cube
[2019.05.07-07.39.30:368][327]LogSlate: FSceneViewport::OnFocusLost() reason 0
[2019.05.07-07.40.26:103][899]LogSlate: FSceneViewport::OnFocusLost() reason 0
[2019.05.07-07.40.26:180][900]LogTemp: Repeating last play command: Simulate
[2019.05.07-07.40.26:229][900]LogBlueprintUserMessages: Early PlayInEditor Detection: Level '/Temp/Untitled_1.Untitled_1:PersistentLevel' has LevelScriptBlueprint '/Temp/Untitled_1.Untitled_1:PersistentLevel.Untitled' with GeneratedClass '/Temp/Untitled_1.Untitled_C' with ClassGeneratedBy '/Temp/Untitled_1.Untitled_1:PersistentLevel.Untitled'
[2019.05.07-07.40.26:231][900]LogPlayLevel: PlayLevel: No blueprints needed recompiling
[2019.05.07-07.40.26:233][900]PIE: New page: SIE session: Untitled_1 (07.05.2019 11:40:26)
[2019.05.07-07.40.26:261][900]LogPlayLevel: Creating play world package: /Temp/UEDPIE_0_Untitled_1
[2019.05.07-07.40.26:280][900]LogPlayLevel: PIE: StaticDuplicateObject took: (0.018099s)
[2019.05.07-07.40.26:282][900]LogAIModule: Creating AISystem for world Untitled_1
[2019.05.07-07.40.26:285][900]LogPlayLevel: PIE: World Init took: (0.005025s)
[2019.05.07-07.40.26:285][900]LogPlayLevel: PIE: Created PIE world by copying editor world from /Temp/Untitled_1.Untitled_1 to /Temp/UEDPIE_0_Untitled_1.Untitled_1 (0.024348s)
[2019.05.07-07.40.26:320][900]LogUObjectHash: Compacting FUObjectHashTables data took   1.93ms
[2019.05.07-07.40.26:331][900]LogInit: XAudio2 using 'Lautsprecher (EPSON Projector ENP Audio Device)' : 2 channels at 44.1 kHz using 16 bits per sample (channel mask 0x3)
[2019.05.07-07.40.26:345][900]LogInit: FAudioDevice initialized.
[2019.05.07-07.40.26:398][900]LogLoad: Game class is 'GameModeBase'
[2019.05.07-07.40.26:408][900]LogWorld: Bringing World /Temp/UEDPIE_0_Untitled_1.Untitled_1 up for play (max tick rate 0) at 2019.05.07-09.40.26
[2019.05.07-07.40.26:409][900]LogWorld: Bringing up level for play took: 0.001506
[2019.05.07-07.40.26:500][900]LogContentBrowser: Native class hierarchy updated for 'MovieSceneCapture' in 0.0008 seconds. Added 20 classes and 0 folders.
[2019.05.07-07.40.26:504][900]PIE: Play in editor start time for /Temp/UEDPIE_0_Untitled_1 0,265
[2019.05.07-07.40.26:572][900]LogBlueprintUserMessages: Late PlayInEditor Detection: Level '/Temp/Untitled_1.Untitled_1:PersistentLevel' has LevelScriptBlueprint '/Temp/Untitled_1.Untitled_1:PersistentLevel.Untitled' with GeneratedClass '/Temp/Untitled_1.Untitled_C' with ClassGeneratedBy '/Temp/Untitled_1.Untitled_1:PersistentLevel.Untitled'
[2019.05.07-07.40.48:459][149]LogActorFactory: Actor Factory created Plane
[2019.05.07-07.40.48:464][149]PIE: Warning: Mobility of /Temp/UEDPIE_0_Untitled_1.Untitled_1:PersistentLevel.Plane : StaticMeshComponent0 has to be 'Movable' if you'd like to move. 
[2019.05.07-07.40.48:466][149]PIE: Warning: Mobility of /Temp/UEDPIE_0_Untitled_1.Untitled_1:PersistentLevel.Plane : StaticMeshComponent0 has to be 'Movable' if you'd like to move. 
[2019.05.07-07.40.48:476][150]PIE: Warning: Mobility of /Temp/UEDPIE_0_Untitled_1.Untitled_1:PersistentLevel.Plane : StaticMeshComponent0 has to be 'Movable' if you'd like to move. 
[2019.05.07-07.40.48:499][151]PIE: Warning: Mobility of /Temp/UEDPIE_0_Untitled_1.Untitled_1:PersistentLevel.Plane : StaticMeshComponent0 has to be 'Movable' if you'd like to move. 
[2019.05.07-07.40.48:563][152]PIE: Warning: Mobility of /Temp/UEDPIE_0_Untitled_1.Untitled_1:PersistentLevel.Plane : StaticMeshComponent0 has to be 'Movable' if you'd like to move. 
[2019.05.07-07.40.48:571][152]PIE: Warning: Mobility of /Temp/UEDPIE_0_Untitled_1.Untitled_1:PersistentLevel.Plane : StaticMeshComponent0 has to be 'Movable' if you'd like to move. 
[2019.05.07-07.40.48:648][153]PIE: Warning: Mobility of /Temp/UEDPIE_0_Untitled_1.Untitled_1:PersistentLevel.Plane : StaticMeshComponent0 has to be 'Movable' if you'd like to move. 
[2019.05.07-07.40.48:655][153]PIE: Warning: Mobility of /Temp/UEDPIE_0_Untitled_1.Untitled_1:PersistentLevel.Plane : StaticMeshComponent0 has to be 'Movable' if you'd like to move. 
[2019.05.07-07.40.48:733][154]PIE: Warning: Mobility of /Temp/UEDPIE_0_Untitled_1.Untitled_1:PersistentLevel.Plane : StaticMeshComponent0 has to be 'Movable' if you'd like to move. 
[2019.05.07-07.40.48:742][154]PIE: Warning: Mobility of /Temp/UEDPIE_0_Untitled_1.Untitled_1:PersistentLevel.Plane : StaticMeshComponent0 has to be 'Movable' if you'd like to move. 
[2019.05.07-07.40.48:904][155]PIE: Warning: Mobility of /Temp/UEDPIE_0_Untitled_1.Untitled_1:PersistentLevel.Plane : StaticMeshComponent0 has to be 'Movable' if you'd like to move. 
[2019.05.07-07.40.48:907][155]PIE: Warning: Mobility of /Temp/UEDPIE_0_Untitled_1.Untitled_1:PersistentLevel.Plane : StaticMeshComponent0 has to be 'Movable' if you'd like to move. 
[2019.05.07-07.40.48:988][156]PIE: Warning: Mobility of /Temp/UEDPIE_0_Untitled_1.Untitled_1:PersistentLevel.Plane : StaticMeshComponent0 has to be 'Movable' if you'd like to move. 
[2019.05.07-07.40.48:991][156]PIE: Warning: Mobility of /Temp/UEDPIE_0_Untitled_1.Untitled_1:PersistentLevel.Plane : StaticMeshComponent0 has to be 'Movable' if you'd like to move. 
[2019.05.07-07.40.49:008][156]PIE: Warning: Mobility of /Temp/UEDPIE_0_Untitled_1.Untitled_1:PersistentLevel.Plane : StaticMeshComponent0 has to be 'Movable' if you'd like to move. 
[2019.05.07-07.40.49:075][157]PIE: Warning: Mobility of /Temp/UEDPIE_0_Untitled_1.Untitled_1:PersistentLevel.Plane : StaticMeshComponent0 has to be 'Movable' if you'd like to move. 
[2019.05.07-07.40.49:078][157]PIE: Warning: Mobility of /Temp/UEDPIE_0_Untitled_1.Untitled_1:PersistentLevel.Plane : StaticMeshComponent0 has to be 'Movable' if you'd like to move. 
[2019.05.07-07.40.49:098][157]PIE: Warning: Mobility of /Temp/UEDPIE_0_Untitled_1.Untitled_1:PersistentLevel.Plane : StaticMeshComponent0 has to be 'Movable' if you'd like to move. 
[2019.05.07-07.40.49:245][159]PIE: Warning: Mobility of /Temp/UEDPIE_0_Untitled_1.Untitled_1:PersistentLevel.Plane : StaticMeshComponent0 has to be 'Movable' if you'd like to move. 
[2019.05.07-07.40.49:248][159]PIE: Warning: Mobility of /Temp/UEDPIE_0_Untitled_1.Untitled_1:PersistentLevel.Plane : StaticMeshComponent0 has to be 'Movable' if you'd like to move. 
[2019.05.07-07.40.49:267][159]PIE: Warning: Mobility of /Temp/UEDPIE_0_Untitled_1.Untitled_1:PersistentLevel.Plane : StaticMeshComponent0 has to be 'Movable' if you'd like to move. 
[2019.05.07-07.40.49:418][161]PIE: Warning: Mobility of /Temp/UEDPIE_0_Untitled_1.Untitled_1:PersistentLevel.Plane : StaticMeshComponent0 has to be 'Movable' if you'd like to move. 
[2019.05.07-07.40.49:421][161]PIE: Warning: Mobility of /Temp/UEDPIE_0_Untitled_1.Untitled_1:PersistentLevel.Plane : StaticMeshComponent0 has to be 'Movable' if you'd like to move. 
[2019.05.07-07.40.49:501][162]PIE: Warning: Mobility of /Temp/UEDPIE_0_Untitled_1.Untitled_1:PersistentLevel.Plane : StaticMeshComponent0 has to be 'Movable' if you'd like to move. 
[2019.05.07-07.40.49:505][162]PIE: Warning: Mobility of /Temp/UEDPIE_0_Untitled_1.Untitled_1:PersistentLevel.Plane : StaticMeshComponent0 has to be 'Movable' if you'd like to move. 
[2019.05.07-07.40.49:508][162]PIE: Warning: Mobility of /Temp/UEDPIE_0_Untitled_1.Untitled_1:PersistentLevel.Plane : StaticMeshComponent0 has to be 'Movable' if you'd like to move. 
[2019.05.07-07.40.49:588][163]PIE: Warning: Mobility of /Temp/UEDPIE_0_Untitled_1.Untitled_1:PersistentLevel.Plane : StaticMeshComponent0 has to be 'Movable' if you'd like to move. 
[2019.05.07-07.40.49:590][163]PIE: Warning: Mobility of /Temp/UEDPIE_0_Untitled_1.Untitled_1:PersistentLevel.Plane : StaticMeshComponent0 has to be 'Movable' if you'd like to move. 
[2019.05.07-07.40.49:610][163]PIE: Warning: Mobility of /Temp/UEDPIE_0_Untitled_1.Untitled_1:PersistentLevel.Plane : StaticMeshComponent0 has to be 'Movable' if you'd like to move. 
[2019.05.07-07.40.49:620][164]PIE: Warning: Mobility of /Temp/UEDPIE_0_Untitled_1.Untitled_1:PersistentLevel.Plane : StaticMeshComponent0 has to be 'Movable' if you'd like to move. 
[2019.05.07-07.40.49:757][165]PIE: Warning: Mobility of /Temp/UEDPIE_0_Untitled_1.Untitled_1:PersistentLevel.Plane : StaticMeshComponent0 has to be 'Movable' if you'd like to move. 
[2019.05.07-07.40.49:759][165]PIE: Warning: Mobility of /Temp/UEDPIE_0_Untitled_1.Untitled_1:PersistentLevel.Plane : StaticMeshComponent0 has to be 'Movable' if you'd like to move. 
[2019.05.07-07.40.49:767][165]PIE: Warning: Mobility of /Temp/UEDPIE_0_Untitled_1.Untitled_1:PersistentLevel.Plane : StaticMeshComponent0 has to be 'Movable' if you'd like to move. 
[2019.05.07-07.40.49:784][166]PIE: Warning: Mobility of /Temp/UEDPIE_0_Untitled_1.Untitled_1:PersistentLevel.Plane : StaticMeshComponent0 has to be 'Movable' if you'd like to move. 
[2019.05.07-07.40.49:787][166]PIE: Warning: Mobility of /Temp/UEDPIE_0_Untitled_1.Untitled_1:PersistentLevel.Plane : StaticMeshComponent0 has to be 'Movable' if you'd like to move. 
[2019.05.07-07.40.49:845][167]PIE: Warning: Mobility of /Temp/UEDPIE_0_Untitled_1.Untitled_1:PersistentLevel.Plane : StaticMeshComponent0 has to be 'Movable' if you'd like to move. 
[2019.05.07-07.40.49:854][167]PIE: Warning: Mobility of /Temp/UEDPIE_0_Untitled_1.Untitled_1:PersistentLevel.Plane : StaticMeshComponent0 has to be 'Movable' if you'd like to move. 
[2019.05.07-07.40.49:930][168]PIE: Warning: Mobility of /Temp/UEDPIE_0_Untitled_1.Untitled_1:PersistentLevel.Plane : StaticMeshComponent0 has to be 'Movable' if you'd like to move. 
[2019.05.07-07.40.49:931][168]PIE: Warning: Mobility of /Temp/UEDPIE_0_Untitled_1.Untitled_1:PersistentLevel.Plane : StaticMeshComponent0 has to be 'Movable' if you'd like to move. 
[2019.05.07-07.40.49:939][168]PIE: Warning: Mobility of /Temp/UEDPIE_0_Untitled_1.Untitled_1:PersistentLevel.Plane : StaticMeshComponent0 has to be 'Movable' if you'd like to move. 
[2019.05.07-07.40.50:016][169]PIE: Warning: Mobility of /Temp/UEDPIE_0_Untitled_1.Untitled_1:PersistentLevel.Plane : StaticMeshComponent0 has to be 'Movable' if you'd like to move. 
[2019.05.07-07.40.50:020][169]PIE: Warning: Mobility of /Temp/UEDPIE_0_Untitled_1.Untitled_1:PersistentLevel.Plane : StaticMeshComponent0 has to be 'Movable' if you'd like to move. 
[2019.05.07-07.40.50:026][169]PIE: Warning: Mobility of /Temp/UEDPIE_0_Untitled_1.Untitled_1:PersistentLevel.Plane : StaticMeshComponent0 has to be 'Movable' if you'd like to move. 
[2019.05.07-07.40.50:110][170]PIE: Warning: Mobility of /Temp/UEDPIE_0_Untitled_1.Untitled_1:PersistentLevel.Plane : StaticMeshComponent0 has to be 'Movable' if you'd like to move. 
[2019.05.07-07.40.50:196][171]PIE: Warning: Mobility of /Temp/UEDPIE_0_Untitled_1.Untitled_1:PersistentLevel.Plane : StaticMeshComponent0 has to be 'Movable' if you'd like to move. 
[2019.05.07-07.40.50:204][171]PIE: Warning: Mobility of /Temp/UEDPIE_0_Untitled_1.Untitled_1:PersistentLevel.Plane : StaticMeshComponent0 has to be 'Movable' if you'd like to move. 
[2019.05.07-07.40.50:282][172]PIE: Warning: Mobility of /Temp/UEDPIE_0_Untitled_1.Untitled_1:PersistentLevel.Plane : StaticMeshComponent0 has to be 'Movable' if you'd like to move. 
[2019.05.07-07.40.50:368][172]PIE: Warning: Mobility of /Temp/UEDPIE_0_Untitled_1.Untitled_1:PersistentLevel.Plane : StaticMeshComponent0 has to be 'Movable' if you'd like to move. 
[2019.05.07-07.40.50:370][172]PIE: Warning: Mobility of /Temp/UEDPIE_0_Untitled_1.Untitled_1:PersistentLevel.Plane : StaticMeshComponent0 has to be 'Movable' if you'd like to move. 
[2019.05.07-07.40.50:374][172]PIE: Warning: Mobility of /Temp/UEDPIE_0_Untitled_1.Untitled_1:PersistentLevel.Plane : StaticMeshComponent0 has to be 'Movable' if you'd like to move. 
[2019.05.07-07.40.50:456][173]PIE: Warning: Mobility of /Temp/UEDPIE_0_Untitled_1.Untitled_1:PersistentLevel.Plane : StaticMeshComponent0 has to be 'Movable' if you'd like to move. 
[2019.05.07-07.40.50:458][173]PIE: Warning: Mobility of /Temp/UEDPIE_0_Untitled_1.Untitled_1:PersistentLevel.Plane : StaticMeshComponent0 has to be 'Movable' if you'd like to move. 
[2019.05.07-07.40.50:541][174]PIE: Warning: Mobility of /Temp/UEDPIE_0_Untitled_1.Untitled_1:PersistentLevel.Plane : StaticMeshComponent0 has to be 'Movable' if you'd like to move. 
[2019.05.07-07.40.50:544][174]PIE: Warning: Mobility of /Temp/UEDPIE_0_Untitled_1.Untitled_1:PersistentLevel.Plane : StaticMeshComponent0 has to be 'Movable' if you'd like to move. 
[2019.05.07-07.40.50:548][174]PIE: Warning: Mobility of /Temp/UEDPIE_0_Untitled_1.Untitled_1:PersistentLevel.Plane : StaticMeshComponent0 has to be 'Movable' if you'd like to move. 
[2019.05.07-07.40.50:633][175]PIE: Warning: Mobility of /Temp/UEDPIE_0_Untitled_1.Untitled_1:PersistentLevel.Plane : StaticMeshComponent0 has to be 'Movable' if you'd like to move. 
[2019.05.07-07.40.50:636][175]PIE: Warning: Mobility of /Temp/UEDPIE_0_Untitled_1.Untitled_1:PersistentLevel.Plane : StaticMeshComponent0 has to be 'Movable' if you'd like to move. 
[2019.05.07-07.40.50:717][176]PIE: Warning: Mobility of /Temp/UEDPIE_0_Untitled_1.Untitled_1:PersistentLevel.Plane : StaticMeshComponent0 has to be 'Movable' if you'd like to move. 
[2019.05.07-07.40.50:720][176]PIE: Warning: Mobility of /Temp/UEDPIE_0_Untitled_1.Untitled_1:PersistentLevel.Plane : StaticMeshComponent0 has to be 'Movable' if you'd like to move. 
[2019.05.07-07.40.50:726][176]PIE: Warning: Mobility of /Temp/UEDPIE_0_Untitled_1.Untitled_1:PersistentLevel.Plane : StaticMeshComponent0 has to be 'Movable' if you'd like to move. 
[2019.05.07-07.40.50:744][177]PIE: Warning: Mobility of /Temp/UEDPIE_0_Untitled_1.Untitled_1:PersistentLevel.Plane : StaticMeshComponent0 has to be 'Movable' if you'd like to move. 
[2019.05.07-07.40.50:748][177]PIE: Warning: Mobility of /Temp/UEDPIE_0_Untitled_1.Untitled_1:PersistentLevel.Plane : StaticMeshComponent0 has to be 'Movable' if you'd like to move. 
[2019.05.07-07.40.50:805][178]PIE: Warning: Mobility of /Temp/UEDPIE_0_Untitled_1.Untitled_1:PersistentLevel.Plane : StaticMeshComponent0 has to be 'Movable' if you'd like to move. 
[2019.05.07-07.40.50:893][179]PIE: Warning: Mobility of /Temp/UEDPIE_0_Untitled_1.Untitled_1:PersistentLevel.Plane : StaticMeshComponent0 has to be 'Movable' if you'd like to move. 
[2019.05.07-07.40.50:977][180]PIE: Warning: Mobility of /Temp/UEDPIE_0_Untitled_1.Untitled_1:PersistentLevel.Plane : StaticMeshComponent0 has to be 'Movable' if you'd like to move. 
[2019.05.07-07.40.50:979][180]PIE: Warning: Mobility of /Temp/UEDPIE_0_Untitled_1.Untitled_1:PersistentLevel.Plane : StaticMeshComponent0 has to be 'Movable' if you'd like to move. 
[2019.05.07-07.40.50:986][180]PIE: Warning: Mobility of /Temp/UEDPIE_0_Untitled_1.Untitled_1:PersistentLevel.Plane : StaticMeshComponent0 has to be 'Movable' if you'd like to move. 
[2019.05.07-07.40.51:064][181]PIE: Warning: Mobility of /Temp/UEDPIE_0_Untitled_1.Untitled_1:PersistentLevel.Plane : StaticMeshComponent0 has to be 'Movable' if you'd like to move. 
[2019.05.07-07.40.51:067][181]PIE: Warning: Mobility of /Temp/UEDPIE_0_Untitled_1.Untitled_1:PersistentLevel.Plane : StaticMeshComponent0 has to be 'Movable' if you'd like to move. 
[2019.05.07-07.40.51:260][181]LogActorFactory: Actor Factory created Plane
[2019.05.07-07.40.54:460][217]PIE: Warning: Mobility of /Temp/UEDPIE_0_Untitled_1.Untitled_1:PersistentLevel.Plane_2 : StaticMeshComponent0 has to be 'Movable' if you'd like to move. 
[2019.05.07-07.40.54:461][217]PIE: Warning: Mobility of /Temp/UEDPIE_0_Untitled_1.Untitled_1:PersistentLevel.Plane_2 : StaticMeshComponent0 has to be 'Movable' if you'd like to move. 
[2019.05.07-07.40.54:548][218]PIE: Warning: Mobility of /Temp/UEDPIE_0_Untitled_1.Untitled_1:PersistentLevel.Plane_2 : StaticMeshComponent0 has to be 'Movable' if you'd like to move. 
[2019.05.07-07.40.54:548][218]PIE: Warning: Mobility of /Temp/UEDPIE_0_Untitled_1.Untitled_1:PersistentLevel.Plane_2 : StaticMeshComponent0 has to be 'Movable' if you'd like to move. 
[2019.05.07-07.40.54:636][219]PIE: Warning: Mobility of /Temp/UEDPIE_0_Untitled_1.Untitled_1:PersistentLevel.Plane_2 : StaticMeshComponent0 has to be 'Movable' if you'd like to move. 
[2019.05.07-07.40.54:636][219]PIE: Warning: Mobility of /Temp/UEDPIE_0_Untitled_1.Untitled_1:PersistentLevel.Plane_2 : StaticMeshComponent0 has to be 'Movable' if you'd like to move. 
[2019.05.07-07.40.54:721][220]PIE: Warning: Mobility of /Temp/UEDPIE_0_Untitled_1.Untitled_1:PersistentLevel.Plane_2 : StaticMeshComponent0 has to be 'Movable' if you'd like to move. 
[2019.05.07-07.40.54:721][220]PIE: Warning: Mobility of /Temp/UEDPIE_0_Untitled_1.Untitled_1:PersistentLevel.Plane_2 : StaticMeshComponent0 has to be 'Movable' if you'd like to move. 
[2019.05.07-07.40.54:816][221]PIE: Warning: Mobility of /Temp/UEDPIE_0_Untitled_1.Untitled_1:PersistentLevel.Plane_2 : StaticMeshComponent0 has to be 'Movable' if you'd like to move. 
[2019.05.07-07.40.54:817][221]PIE: Warning: Mobility of /Temp/UEDPIE_0_Untitled_1.Untitled_1:PersistentLevel.Plane_2 : StaticMeshComponent0 has to be 'Movable' if you'd like to move. 
[2019.05.07-07.40.54:903][222]PIE: Warning: Mobility of /Temp/UEDPIE_0_Untitled_1.Untitled_1:PersistentLevel.Plane_2 : StaticMeshComponent0 has to be 'Movable' if you'd like to move. 
[2019.05.07-07.40.54:904][222]PIE: Warning: Mobility of /Temp/UEDPIE_0_Untitled_1.Untitled_1:PersistentLevel.Plane_2 : StaticMeshComponent0 has to be 'Movable' if you'd like to move. 
[2019.05.07-07.40.54:989][223]PIE: Warning: Mobility of /Temp/UEDPIE_0_Untitled_1.Untitled_1:PersistentLevel.Plane_2 : StaticMeshComponent0 has to be 'Movable' if you'd like to move. 
[2019.05.07-07.40.54:989][223]PIE: Warning: Mobility of /Temp/UEDPIE_0_Untitled_1.Untitled_1:PersistentLevel.Plane_2 : StaticMeshComponent0 has to be 'Movable' if you'd like to move. 
[2019.05.07-07.40.55:076][224]PIE: Warning: Mobility of /Temp/UEDPIE_0_Untitled_1.Untitled_1:PersistentLevel.Plane_2 : StaticMeshComponent0 has to be 'Movable' if you'd like to move. 
[2019.05.07-07.40.55:077][224]PIE: Warning: Mobility of /Temp/UEDPIE_0_Untitled_1.Untitled_1:PersistentLevel.Plane_2 : StaticMeshComponent0 has to be 'Movable' if you'd like to move. 
[2019.05.07-07.40.55:161][225]PIE: Warning: Mobility of /Temp/UEDPIE_0_Untitled_1.Untitled_1:PersistentLevel.Plane_2 : StaticMeshComponent0 has to be 'Movable' if you'd like to move. 
[2019.05.07-07.40.55:161][225]PIE: Warning: Mobility of /Temp/UEDPIE_0_Untitled_1.Untitled_1:PersistentLevel.Plane_2 : StaticMeshComponent0 has to be 'Movable' if you'd like to move. 
[2019.05.07-07.40.55:588][230]PIE: Warning: Mobility of /Temp/UEDPIE_0_Untitled_1.Untitled_1:PersistentLevel.Plane_2 : StaticMeshComponent0 has to be 'Movable' if you'd like to move. 
[2019.05.07-07.40.55:588][230]PIE: Warning: Mobility of /Temp/UEDPIE_0_Untitled_1.Untitled_1:PersistentLevel.Plane_2 : StaticMeshComponent0 has to be 'Movable' if you'd like to move. 
[2019.05.07-07.40.55:672][231]PIE: Warning: Mobility of /Temp/UEDPIE_0_Untitled_1.Untitled_1:PersistentLevel.Plane_2 : StaticMeshComponent0 has to be 'Movable' if you'd like to move. 
[2019.05.07-07.40.55:672][231]PIE: Warning: Mobility of /Temp/UEDPIE_0_Untitled_1.Untitled_1:PersistentLevel.Plane_2 : StaticMeshComponent0 has to be 'Movable' if you'd like to move. 
[2019.05.07-07.40.55:908][234]PIE: Warning: Mobility of /Temp/UEDPIE_0_Untitled_1.Untitled_1:PersistentLevel.Plane_2 : StaticMeshComponent0 has to be 'Movable' if you'd like to move. 
[2019.05.07-07.40.55:908][234]PIE: Warning: Mobility of /Temp/UEDPIE_0_Untitled_1.Untitled_1:PersistentLevel.Plane_2 : StaticMeshComponent0 has to be 'Movable' if you'd like to move. 
[2019.05.07-07.40.55:985][235]PIE: Warning: Mobility of /Temp/UEDPIE_0_Untitled_1.Untitled_1:PersistentLevel.Plane_2 : StaticMeshComponent0 has to be 'Movable' if you'd like to move. 
[2019.05.07-07.40.55:985][235]PIE: Warning: Mobility of /Temp/UEDPIE_0_Untitled_1.Untitled_1:PersistentLevel.Plane_2 : StaticMeshComponent0 has to be 'Movable' if you'd like to move. 
[2019.05.07-07.40.56:061][236]PIE: Warning: Mobility of /Temp/UEDPIE_0_Untitled_1.Untitled_1:PersistentLevel.Plane_2 : StaticMeshComponent0 has to be 'Movable' if you'd like to move. 
[2019.05.07-07.40.56:061][236]PIE: Warning: Mobility of /Temp/UEDPIE_0_Untitled_1.Untitled_1:PersistentLevel.Plane_2 : StaticMeshComponent0 has to be 'Movable' if you'd like to move. 
[2019.05.07-07.40.56:143][237]PIE: Warning: Mobility of /Temp/UEDPIE_0_Untitled_1.Untitled_1:PersistentLevel.Plane_2 : StaticMeshComponent0 has to be 'Movable' if you'd like to move. 
[2019.05.07-07.40.56:143][237]PIE: Warning: Mobility of /Temp/UEDPIE_0_Untitled_1.Untitled_1:PersistentLevel.Plane_2 : StaticMeshComponent0 has to be 'Movable' if you'd like to move. 
[2019.05.07-07.40.56:223][238]PIE: Warning: Mobility of /Temp/UEDPIE_0_Untitled_1.Untitled_1:PersistentLevel.Plane_2 : StaticMeshComponent0 has to be 'Movable' if you'd like to move. 
[2019.05.07-07.40.56:223][238]PIE: Warning: Mobility of /Temp/UEDPIE_0_Untitled_1.Untitled_1:PersistentLevel.Plane_2 : StaticMeshComponent0 has to be 'Movable' if you'd like to move. 
[2019.05.07-07.40.56:301][239]PIE: Warning: Mobility of /Temp/UEDPIE_0_Untitled_1.Untitled_1:PersistentLevel.Plane_2 : StaticMeshComponent0 has to be 'Movable' if you'd like to move. 
[2019.05.07-07.40.56:301][239]PIE: Warning: Mobility of /Temp/UEDPIE_0_Untitled_1.Untitled_1:PersistentLevel.Plane_2 : StaticMeshComponent0 has to be 'Movable' if you'd like to move. 
[2019.05.07-07.40.56:540][242]PIE: Warning: Mobility of /Temp/UEDPIE_0_Untitled_1.Untitled_1:PersistentLevel.Plane_2 : StaticMeshComponent0 has to be 'Movable' if you'd like to move. 
[2019.05.07-07.40.56:540][242]PIE: Warning: Mobility of /Temp/UEDPIE_0_Untitled_1.Untitled_1:PersistentLevel.Plane_2 : StaticMeshComponent0 has to be 'Movable' if you'd like to move. 
[2019.05.07-07.40.58:451][264]Cmd: DELETE
[2019.05.07-07.40.58:452][264]Cmd: ACTOR DELETE
[2019.05.07-07.40.58:483][264]LogEditorActor: Deleted Actor: StaticMeshActor
[2019.05.07-07.40.58:540][264]LogUObjectHash: Compacting FUObjectHashTables data took   6.26ms
[2019.05.07-07.40.58:540][264]LogEditorActor: Deleted 1 Actors (0.074 secs)
[2019.05.07-07.41.05:257][353]LogSlate: FSceneViewport::OnFocusLost() reason 0
[2019.05.07-07.41.05:523][355]LogActorFactory: Actor Factory created Sphere
[2019.05.07-07.41.05:526][355]PIE: Warning: Mobility of /Temp/UEDPIE_0_Untitled_1.Untitled_1:PersistentLevel.Sphere : StaticMeshComponent0 has to be 'Movable' if you'd like to move. 
[2019.05.07-07.41.05:535][356]PIE: Warning: Mobility of /Temp/UEDPIE_0_Untitled_1.Untitled_1:PersistentLevel.Sphere : StaticMeshComponent0 has to be 'Movable' if you'd like to move. 
[2019.05.07-07.41.05:544][356]PIE: Warning: Mobility of /Temp/UEDPIE_0_Untitled_1.Untitled_1:PersistentLevel.Sphere : StaticMeshComponent0 has to be 'Movable' if you'd like to move. 
[2019.05.07-07.41.05:576][357]PIE: Warning: Mobility of /Temp/UEDPIE_0_Untitled_1.Untitled_1:PersistentLevel.Sphere : StaticMeshComponent0 has to be 'Movable' if you'd like to move. 
[2019.05.07-07.41.05:579][357]PIE: Warning: Mobility of /Temp/UEDPIE_0_Untitled_1.Untitled_1:PersistentLevel.Sphere : StaticMeshComponent0 has to be 'Movable' if you'd like to move. 
[2019.05.07-07.41.05:651][358]PIE: Warning: Mobility of /Temp/UEDPIE_0_Untitled_1.Untitled_1:PersistentLevel.Sphere : StaticMeshComponent0 has to be 'Movable' if you'd like to move. 
[2019.05.07-07.41.05:729][359]PIE: Warning: Mobility of /Temp/UEDPIE_0_Untitled_1.Untitled_1:PersistentLevel.Sphere : StaticMeshComponent0 has to be 'Movable' if you'd like to move. 
[2019.05.07-07.41.05:730][359]PIE: Warning: Mobility of /Temp/UEDPIE_0_Untitled_1.Untitled_1:PersistentLevel.Sphere : StaticMeshComponent0 has to be 'Movable' if you'd like to move. 
[2019.05.07-07.41.05:870][360]PIE: Warning: Mobility of /Temp/UEDPIE_0_Untitled_1.Untitled_1:PersistentLevel.Sphere : StaticMeshComponent0 has to be 'Movable' if you'd like to move. 
[2019.05.07-07.41.05:873][360]PIE: Warning: Mobility of /Temp/UEDPIE_0_Untitled_1.Untitled_1:PersistentLevel.Sphere : StaticMeshComponent0 has to be 'Movable' if you'd like to move. 
[2019.05.07-07.41.05:877][360]PIE: Warning: Mobility of /Temp/UEDPIE_0_Untitled_1.Untitled_1:PersistentLevel.Sphere : StaticMeshComponent0 has to be 'Movable' if you'd like to move. 
[2019.05.07-07.41.05:939][361]PIE: Warning: Mobility of /Temp/UEDPIE_0_Untitled_1.Untitled_1:PersistentLevel.Sphere : StaticMeshComponent0 has to be 'Movable' if you'd like to move. 
[2019.05.07-07.41.05:942][361]PIE: Warning: Mobility of /Temp/UEDPIE_0_Untitled_1.Untitled_1:PersistentLevel.Sphere : StaticMeshComponent0 has to be 'Movable' if you'd like to move. 
[2019.05.07-07.41.06:014][362]PIE: Warning: Mobility of /Temp/UEDPIE_0_Untitled_1.Untitled_1:PersistentLevel.Sphere : StaticMeshComponent0 has to be 'Movable' if you'd like to move. 
[2019.05.07-07.41.06:016][362]PIE: Warning: Mobility of /Temp/UEDPIE_0_Untitled_1.Untitled_1:PersistentLevel.Sphere : StaticMeshComponent0 has to be 'Movable' if you'd like to move. 
[2019.05.07-07.41.06:082][363]PIE: Warning: Mobility of /Temp/UEDPIE_0_Untitled_1.Untitled_1:PersistentLevel.Sphere : StaticMeshComponent0 has to be 'Movable' if you'd like to move. 
[2019.05.07-07.41.06:085][363]PIE: Warning: Mobility of /Temp/UEDPIE_0_Untitled_1.Untitled_1:PersistentLevel.Sphere : StaticMeshComponent0 has to be 'Movable' if you'd like to move. 
[2019.05.07-07.41.06:156][364]PIE: Warning: Mobility of /Temp/UEDPIE_0_Untitled_1.Untitled_1:PersistentLevel.Sphere : StaticMeshComponent0 has to be 'Movable' if you'd like to move. 
[2019.05.07-07.41.06:158][364]PIE: Warning: Mobility of /Temp/UEDPIE_0_Untitled_1.Untitled_1:PersistentLevel.Sphere : StaticMeshComponent0 has to be 'Movable' if you'd like to move. 
[2019.05.07-07.41.06:171][364]PIE: Warning: Mobility of /Temp/UEDPIE_0_Untitled_1.Untitled_1:PersistentLevel.Sphere : StaticMeshComponent0 has to be 'Movable' if you'd like to move. 
[2019.05.07-07.41.06:222][365]PIE: Warning: Mobility of /Temp/UEDPIE_0_Untitled_1.Untitled_1:PersistentLevel.Sphere : StaticMeshComponent0 has to be 'Movable' if you'd like to move. 
[2019.05.07-07.41.06:226][365]PIE: Warning: Mobility of /Temp/UEDPIE_0_Untitled_1.Untitled_1:PersistentLevel.Sphere : StaticMeshComponent0 has to be 'Movable' if you'd like to move. 
[2019.05.07-07.41.06:229][365]PIE: Warning: Mobility of /Temp/UEDPIE_0_Untitled_1.Untitled_1:PersistentLevel.Sphere : StaticMeshComponent0 has to be 'Movable' if you'd like to move. 
[2019.05.07-07.41.06:309][366]PIE: Warning: Mobility of /Temp/UEDPIE_0_Untitled_1.Untitled_1:PersistentLevel.Sphere : StaticMeshComponent0 has to be 'Movable' if you'd like to move. 
[2019.05.07-07.41.06:438][368]PIE: Warning: Mobility of /Temp/UEDPIE_0_Untitled_1.Untitled_1:PersistentLevel.Sphere : StaticMeshComponent0 has to be 'Movable' if you'd like to move. 
[2019.05.07-07.41.06:441][368]PIE: Warning: Mobility of /Temp/UEDPIE_0_Untitled_1.Untitled_1:PersistentLevel.Sphere : StaticMeshComponent0 has to be 'Movable' if you'd like to move. 
[2019.05.07-07.41.06:443][368]PIE: Warning: Mobility of /Temp/UEDPIE_0_Untitled_1.Untitled_1:PersistentLevel.Sphere : StaticMeshComponent0 has to be 'Movable' if you'd like to move. 
[2019.05.07-07.41.06:512][369]PIE: Warning: Mobility of /Temp/UEDPIE_0_Untitled_1.Untitled_1:PersistentLevel.Sphere : StaticMeshComponent0 has to be 'Movable' if you'd like to move. 
[2019.05.07-07.41.06:515][369]PIE: Warning: Mobility of /Temp/UEDPIE_0_Untitled_1.Untitled_1:PersistentLevel.Sphere : StaticMeshComponent0 has to be 'Movable' if you'd like to move. 
[2019.05.07-07.41.06:530][369]PIE: Warning: Mobility of /Temp/UEDPIE_0_Untitled_1.Untitled_1:PersistentLevel.Sphere : StaticMeshComponent0 has to be 'Movable' if you'd like to move. 
[2019.05.07-07.41.06:580][370]PIE: Warning: Mobility of /Temp/UEDPIE_0_Untitled_1.Untitled_1:PersistentLevel.Sphere : StaticMeshComponent0 has to be 'Movable' if you'd like to move. 
[2019.05.07-07.41.06:583][370]PIE: Warning: Mobility of /Temp/UEDPIE_0_Untitled_1.Untitled_1:PersistentLevel.Sphere : StaticMeshComponent0 has to be 'Movable' if you'd like to move. 
[2019.05.07-07.41.06:590][370]PIE: Warning: Mobility of /Temp/UEDPIE_0_Untitled_1.Untitled_1:PersistentLevel.Sphere : StaticMeshComponent0 has to be 'Movable' if you'd like to move. 
[2019.05.07-07.41.06:601][371]PIE: Warning: Mobility of /Temp/UEDPIE_0_Untitled_1.Untitled_1:PersistentLevel.Sphere : StaticMeshComponent0 has to be 'Movable' if you'd like to move. 
[2019.05.07-07.41.06:657][372]PIE: Warning: Mobility of /Temp/UEDPIE_0_Untitled_1.Untitled_1:PersistentLevel.Sphere : StaticMeshComponent0 has to be 'Movable' if you'd like to move. 
[2019.05.07-07.41.06:660][372]PIE: Warning: Mobility of /Temp/UEDPIE_0_Untitled_1.Untitled_1:PersistentLevel.Sphere : StaticMeshComponent0 has to be 'Movable' if you'd like to move. 
[2019.05.07-07.41.06:724][373]PIE: Warning: Mobility of /Temp/UEDPIE_0_Untitled_1.Untitled_1:PersistentLevel.Sphere : StaticMeshComponent0 has to be 'Movable' if you'd like to move. 
[2019.05.07-07.41.06:798][374]PIE: Warning: Mobility of /Temp/UEDPIE_0_Untitled_1.Untitled_1:PersistentLevel.Sphere : StaticMeshComponent0 has to be 'Movable' if you'd like to move. 
[2019.05.07-07.41.06:865][375]PIE: Warning: Mobility of /Temp/UEDPIE_0_Untitled_1.Untitled_1:PersistentLevel.Sphere : StaticMeshComponent0 has to be 'Movable' if you'd like to move. 
[2019.05.07-07.41.06:868][375]PIE: Warning: Mobility of /Temp/UEDPIE_0_Untitled_1.Untitled_1:PersistentLevel.Sphere : StaticMeshComponent0 has to be 'Movable' if you'd like to move. 
[2019.05.07-07.41.07:031][375]LogActorFactory: Actor Factory created Sphere
[2019.05.07-07.41.12:269][443]LogSlate: FSceneViewport::OnFocusLost() reason 0
[2019.05.07-07.41.12:416][444]PIE: Warning: Mobility of /Temp/UEDPIE_0_Untitled_1.Untitled_1:PersistentLevel.Sphere_5 : StaticMeshComponent0 has to be 'Movable' if you'd like to move. 
[2019.05.07-07.41.19:012][531]LogEditorViewport: Clicking on Actor (LMB): StaticMeshActor (Sphere)
[2019.05.07-07.41.25:831][610]LogEditorViewport: Clicking on Actor (LMB): StaticMeshActor (Sphere)
[2019.05.07-07.41.59:015][ 17]LogSlate: FSceneViewport::OnFocusLost() reason 0
[2019.05.07-07.41.59:183][ 19]LogBlueprintUserMessages: Early EndPlayMap Detection: Level '/Temp/Untitled_1.Untitled_1:PersistentLevel' has LevelScriptBlueprint '/Temp/Untitled_1.Untitled_1:PersistentLevel.Untitled' with GeneratedClass '/Temp/Untitled_1.Untitled_C' with ClassGeneratedBy '/Temp/Untitled_1.Untitled_1:PersistentLevel.Untitled'
[2019.05.07-07.41.59:185][ 19]LogSlate: Updating window title bar state: overlay mode, drag disabled, window buttons hidden, title bar hidden
[2019.05.07-07.41.59:316][ 19]LogPlayLevel: Display: Shutting down PIE online subsystems
[2019.05.07-07.41.59:317][ 19]LogBlueprintUserMessages: Late EndPlayMap Detection: Level '/Temp/Untitled_1.Untitled_1:PersistentLevel' has LevelScriptBlueprint '/Temp/Untitled_1.Untitled_1:PersistentLevel.Untitled' with GeneratedClass '/Temp/Untitled_1.Untitled_C' with ClassGeneratedBy '/Temp/Untitled_1.Untitled_1:PersistentLevel.Untitled'
[2019.05.07-07.41.59:359][ 19]LogSlate: Updating window title bar state: overlay mode, drag disabled, window buttons hidden, title bar hidden
[2019.05.07-07.41.59:367][ 19]LogUObjectHash: Compacting FUObjectHashTables data took   3.42ms
[2019.05.07-07.41.59:489][ 20]LogPlayLevel: Display: Destroying online subsystem :Context_3
[2019.05.07-07.42.05:268][113]LogSlate: Window 'Message Log' being destroyed
[2019.05.07-07.42.05:350][113]LogSlate: Window 'Message Log' being destroyed
[2019.05.07-07.42.25:139][369]LogEditorViewport: Clicking on Actor (LMB): StaticMeshActor (Cube)
[2019.05.07-07.42.29:971][420]LogSlate: FSceneViewport::OnFocusLost() reason 2
[2019.05.07-07.42.32:198][550]LogSlate: FSceneViewport::OnFocusLost() reason 2
[2019.05.07-07.42.50:586][550]LogSlate: Window 'Save Asset As' being destroyed
[2019.05.07-07.42.50:609][550]LogSlate: Took 0.000907 seconds to synchronously load lazily loaded font '../../../Engine/Content/Slate/Fonts/Roboto-Light.ttf' (167K)
[2019.05.07-07.42.50:611][550]LogSlate: FSceneViewport::OnFocusLost() reason 2
[2019.05.07-07.42.50:664][550]LogSlate: FSceneViewport::OnFocusLost() reason 2
[2019.05.07-07.42.54:569][550]LogSlate: Window 'Pick Physical Material Class' being destroyed
[2019.05.07-07.42.54:581][550]LogSlate: FSceneViewport::OnFocusLost() reason 2
[2019.05.07-07.42.55:435][550]LogTexture: Display: Building textures: T_WheelHub_R (AutoDXT, 1024X1024)
[2019.05.07-07.42.55:435][550]LogMaterial: Display: Missing cached shader map for material M_Metal, compiling. 
[2019.05.07-07.42.55:556][550]LogMaterial: Display: Missing cached shader map for material M_Metal, compiling. 
[2019.05.07-07.42.55:609][550]LogSlate: FSceneViewport::OnFocusLost() reason 2
[2019.05.07-07.43.03:872][550]LogSlate: Window 'Message' being destroyed
[2019.05.07-07.44.47:610][870]LogSlate: FSceneViewport::OnFocusLost() reason 0
[2019.05.07-07.45.23:439][682]LogAssetEditorManager: Opening Asset editor for Material /Game/AutomotiveMaterials/Materials/Metal/M_Metal.M_Metal
[2019.05.07-07.45.23:452][682]LogMaterial: Display: Missing cached shader map for material M_Metal, compiling. 
[2019.05.07-07.45.23:971][682]LogMaterial: Display: Missing cached shader map for material M_Metal, compiling. 
[2019.05.07-07.45.24:050][682]LogMaterial: Display: Missing cached shader map for material FMatExpressionPreview MaterialExpressionVectorParameter_5, compiling. 
[2019.05.07-07.45.24:059][682]LogMaterial: Display: Missing cached shader map for material FMatExpressionPreview MaterialExpressionTextureObject_1, compiling. 
[2019.05.07-07.45.24:068][682]LogMaterial: Display: Missing cached shader map for material FMatExpressionPreview MaterialExpressionTextureSample_0, compiling. 
[2019.05.07-07.45.24:113][682]LogSlate: Took 0.008100 seconds to synchronously load lazily loaded font '../../../Engine/Content/Slate/Fonts/Roboto-BoldCondensed.ttf' (158K)
[2019.05.07-07.45.24:450][685]LogSlate: Took 0.020964 seconds to synchronously load lazily loaded font '../../../Engine/Content/Slate/Fonts/Roboto-Italic.ttf' (157K)
[2019.05.07-07.45.25:643][696]LogShaderCompilers: Display: Shaders left to compile 70
[2019.05.07-07.45.27:578][711]LogMaterialEditor: Saving and Compiling material M_Metal
[2019.05.07-07.45.27:887][711]LogSavePackage: Moving 'D:/Projektwoche 2019 IT-Projekt/Projektwoche_2019_IT-Projekt/PW_2019_ITProjekt/Saved/M_MetalECC9EA3049929567815377B599ACA02E.tmp' to 'D:/Projektwoche 2019 IT-Projekt/Projektwoche_2019_IT-Projekt/PW_2019_ITProjekt/Content/AutomotiveMaterials/Materials/Metal/M_Metal.uasset'
[2019.05.07-07.45.29:473][726]LogShaderCompilers: Display: Shaders left to compile 60
[2019.05.07-07.45.29:752][728]LogSlate: Window 'M_Metal' being destroyed
[2019.05.07-07.45.29:877][728]LogSlate: Window 'M_Metal' being destroyed
[2019.05.07-07.45.32:274][746]LogShaderCompilers: Display: Shaders left to compile 50
[2019.05.07-07.45.38:717][831]LogShaderCompilers: Display: Shaders left to compile 40
[2019.05.07-07.45.42:605][891]LogShaderCompilers: Display: Shaders left to compile 30
[2019.05.07-07.45.48:658][ 79]LogShaderCompilers: Display: Shaders left to compile 20
[2019.05.07-07.45.51:852][120]LogShaderCompilers: Display: Shaders left to compile 10
[2019.05.07-07.45.53:070][126]LogSlate: FSceneViewport::OnFocusLost() reason 0
[2019.05.07-07.46.01:106][217]LogSlate: FSceneViewport::OnFocusLost() reason 0
[2019.05.07-07.46.07:284][314]LogSlate: FSceneViewport::OnFocusLost() reason 0
[2019.05.07-07.46.07:555][318]LogActorFactory: Actor Factory created Sphere
[2019.05.07-07.46.09:654][345]LogActorFactory: Actor Factory created Sphere
[2019.05.07-07.46.15:008][402]LogSlate: FSceneViewport::OnFocusLost() reason 0
[2019.05.07-07.48.35:091][505]LogTexture: Display: Building textures: HDRI_Epic_Courtyard_Daylight (RGBA16F, 7372X3686)
[2019.05.07-07.48.35:123][505]LogMaterial: Display: Missing cached shader map for material M_Glass, compiling. 
[2019.05.07-07.48.36:840][505]LogMaterial: Display: Missing cached shader map for material M_Glass, compiling. 
[2019.05.07-07.48.38:466][506]LogUnrealEdMisc: Warning: Heartbeat event firing too frequently (0.000 sec). This should never happen. Something is wrong with the timer delegate!
[2019.05.07-07.48.38:466][506]LogUnrealEdMisc: Warning: Heartbeat event firing too frequently (0.000 sec). This should never happen. Something is wrong with the timer delegate!
[2019.05.07-07.49.06:405][710]LogTexture: Display: Building textures: T_Fabric_ArchLiner_D (AutoDXT, 1024X1024)
[2019.05.07-07.49.06:407][710]LogTexture: Display: Building textures: T_Fabric_ArchLiner_N (BC5, 1024X1024)
[2019.05.07-07.49.06:407][710]LogMaterial: Display: Missing cached shader map for material M_Fabric_ArchLiner, compiling. 
[2019.05.07-07.49.15:539][824]LogSlate: FSceneViewport::OnFocusLost() reason 0
